#
# There is insufficient memory for the Java Runtime Environment to continue.
# Native memory allocation (mmap) failed to map 75497472 bytes for Failed to commit area from 0x0000000091500000 to 0x0000000095d00000 of length 75497472.
# Possible reasons:
#   The system is out of physical RAM or swap space
#   The process is running with CompressedOops enabled, and the Java Heap may be blocking the growth of the native heap
# Possible solutions:
#   Reduce memory load on the system
#   Increase physical memory or swap space
#   Check if swap backing store is full
#   Decrease Java heap size (-Xmx/-Xms)
#   Decrease number of Java threads
#   Decrease Java thread stack sizes (-Xss)
#   Set larger code cache with -XX:ReservedCodeCacheSize=
#   JVM is running with Unscaled Compressed Oops mode in which the Java heap is
#     placed in the first 4GB address space. The Java Heap base address is the
#     maximum limit for the native heap growth. Please use -XX:HeapBaseMinAddress
#     to set the Java Heap base and to place the Java Heap above 4GB virtual address.
# This output file may be truncated or incomplete.
#
#  Out of Memory Error (./src/hotspot/os/windows/os_windows.cpp:3301), pid=10268, tid=8708
#
# JRE version: OpenJDK Runtime Environment (11.0.10) (build 11.0.10+0-b96-7249189)
# Java VM: OpenJDK 64-Bit Server VM (11.0.10+0-b96-7249189, mixed mode, tiered, compressed oops, g1 gc, windows-amd64)
# No core dump will be written. Minidumps are not enabled by default on client versions of Windows
#

---------------  S U M M A R Y ------------

Command Line: --add-opens=java.base/java.util=ALL-UNNAMED --add-opens=java.base/java.lang=ALL-UNNAMED --add-opens=java.base/java.lang.invoke=ALL-UNNAMED --add-opens=java.base/java.util=ALL-UNNAMED --add-opens=java.prefs/java.util.prefs=ALL-UNNAMED --add-opens=java.prefs/java.util.prefs=ALL-UNNAMED --add-opens=java.base/java.nio.charset=ALL-UNNAMED --add-opens=java.base/java.net=ALL-UNNAMED --add-opens=java.base/java.util.concurrent.atomic=ALL-UNNAMED -Xmx2048m -Dfile.encoding=UTF-8 -Duser.country=RU -Duser.language=ru -Duser.variant org.gradle.launcher.daemon.bootstrap.GradleDaemon 7.0.2

Host: Intel(R) Core(TM) i7-1065G7 CPU @ 1.30GHz, 8 cores, 7G,  Windows 10 , 64 bit Build 18362 (10.0.18362.329)
Time: Fri Dec 17 01:17:55 2021 Caiaaiay Acey (ceia) elapsed time: 52.975567 seconds (0d 0h 0m 52s)

---------------  T H R E A D  ---------------

Current thread (0x0000020db1bf4800):  VMThread "VM Thread" [stack: 0x000000bafed00000,0x000000bafee00000] [id=8708]

Stack: [0x000000bafed00000,0x000000bafee00000]
[error occurred during error reporting (printing stack bounds), id 0xc0000005, EXCEPTION_ACCESS_VIOLATION (0xc0000005) at pc=0x0000020d9aaa10e7]

Native frames: (J=compiled Java code, j=interpreted, Vv=VM code, C=native code)
V  [jvm.dll+0x5ecfaa]
V  [jvm.dll+0x722bd5]
V  [jvm.dll+0x72412d]
V  [jvm.dll+0x724745]
V  [jvm.dll+0x7246fb]
V  [jvm.dll+0x5ec348]
V  [jvm.dll+0x5ecad8]
C  [ntdll.dll+0xa11ff]
C  [ntdll.dll+0x6a289]
C  [ntdll.dll+0x9fe6e]
C  0x0000020d9aaa10e7

VM_Operation (0x000000ba840fa370): G1CollectForAllocation, mode: safepoint, requested by thread 0x0000020dbb53f000


---------------  P R O C E S S  ---------------

Threads class SMR info:
_java_thread_list=0x0000020dbbeb78b0, length=78, elements={
0x0000020d957eb000, 0x0000020db1bf8000, 0x0000020db1bf9000, 0x0000020db1c18000,
0x0000020db1c1c000, 0x0000020db1c1d000, 0x0000020db1c1e000, 0x0000020db2576800,
0x0000020db2577800, 0x0000020db26e4800, 0x0000020db3e8e000, 0x0000020db2857800,
0x0000020db27ae000, 0x0000020db3da3800, 0x0000020db450b000, 0x0000020db3908800,
0x0000020db3e05000, 0x0000020db48e4000, 0x0000020db4615000, 0x0000020db44e0800,
0x0000020db44e0000, 0x0000020db44e1800, 0x0000020db44e2800, 0x0000020db4876800,
0x0000020db4877800, 0x0000020db4878000, 0x0000020db487d000, 0x0000020db487b800,
0x0000020db4879000, 0x0000020db487c800, 0x0000020db487a000, 0x0000020db487a800,
0x0000020db4883000, 0x0000020db4881000, 0x0000020db4880800, 0x0000020db487f800,
0x0000020db4883800, 0x0000020db4882000, 0x0000020db487e800, 0x0000020db4885800,
0x0000020db642d000, 0x0000020db642e000, 0x0000020db642e800, 0x0000020db642c000,
0x0000020db6435000, 0x0000020db6432800, 0x0000020db6434800, 0x0000020db642f800,
0x0000020db6433800, 0x0000020db6432000, 0x0000020db6430800, 0x0000020db6431000,
0x0000020db643a000, 0x0000020db6437800, 0x0000020db6438800, 0x0000020db6439800,
0x0000020db643b000, 0x0000020dbb53b000, 0x0000020dbb538800, 0x0000020dbb53a000,
0x0000020dbb537000, 0x0000020dbb537800, 0x0000020dbb539800, 0x0000020dbb53b800,
0x0000020dbb536000, 0x0000020db39be000, 0x0000020dbc2e4800, 0x0000020dbb540000,
0x0000020dbb540800, 0x0000020dbb541800, 0x0000020dbb53c800, 0x0000020dbb542800,
0x0000020dbb53f000, 0x0000020dbb543000, 0x0000020dbb53d800, 0x0000020dbb544000,
0x0000020dbb53e000, 0x0000020dbdb99800
}

Java Threads: ( => current thread )
  0x0000020d957eb000 JavaThread "main" [_thread_blocked, id=10336, stack(0x000000bafe700000,0x000000bafe800000)]
  0x0000020db1bf8000 JavaThread "Reference Handler" daemon [_thread_blocked, id=2300, stack(0x000000bafee00000,0x000000bafef00000)]
  0x0000020db1bf9000 JavaThread "Finalizer" daemon [_thread_blocked, id=3108, stack(0x000000bafef00000,0x000000baff000000)]
  0x0000020db1c18000 JavaThread "Signal Dispatcher" daemon [_thread_blocked, id=10220, stack(0x000000baff000000,0x000000baff100000)]
  0x0000020db1c1c000 JavaThread "Attach Listener" daemon [_thread_blocked, id=9360, stack(0x000000baff100000,0x000000baff200000)]
  0x0000020db1c1d000 JavaThread "Service Thread" daemon [_thread_blocked, id=780, stack(0x000000baff200000,0x000000baff300000)]
  0x0000020db1c1e000 JavaThread "C2 CompilerThread0" daemon [_thread_in_native, id=11636, stack(0x000000baff300000,0x000000baff400000)]
  0x0000020db2576800 JavaThread "C1 CompilerThread0" daemon [_thread_blocked, id=11452, stack(0x000000baff400000,0x000000baff500000)]
  0x0000020db2577800 JavaThread "Sweeper thread" daemon [_thread_blocked, id=844, stack(0x000000baff500000,0x000000baff600000)]
  0x0000020db26e4800 JavaThread "Common-Cleaner" daemon [_thread_blocked, id=11480, stack(0x000000baff600000,0x000000baff700000)]
  0x0000020db3e8e000 JavaThread "Daemon health stats" [_thread_blocked, id=1376, stack(0x000000baffc00000,0x000000baffd00000)]
  0x0000020db2857800 JavaThread "Incoming local TCP Connector on port 60538" [_thread_in_native, id=1744, stack(0x000000baff800000,0x000000baff900000)]
  0x0000020db27ae000 JavaThread "Daemon periodic checks" [_thread_blocked, id=1696, stack(0x000000baff900000,0x000000baffa00000)]
  0x0000020db3da3800 JavaThread "Daemon" [_thread_blocked, id=7460, stack(0x000000baffd00000,0x000000baffe00000)]
  0x0000020db450b000 JavaThread "Handler for socket connection from /127.0.0.1:60538 to /127.0.0.1:60539" [_thread_in_native, id=2688, stack(0x000000baffe00000,0x000000bafff00000)]
  0x0000020db3908800 JavaThread "Cancel handler" [_thread_blocked, id=7928, stack(0x000000bafff00000,0x000000bb00000000)]
  0x0000020db3e05000 JavaThread "Daemon worker" [_thread_blocked, id=4016, stack(0x000000ba80000000,0x000000ba80100000)]
  0x0000020db48e4000 JavaThread "Asynchronous log dispatcher for DefaultDaemonConnection: socket connection from /127.0.0.1:60538 to /127.0.0.1:60539" [_thread_blocked, id=1452, stack(0x000000ba80100000,0x000000ba80200000)]
  0x0000020db4615000 JavaThread "Stdin handler" [_thread_blocked, id=9660, stack(0x000000ba80200000,0x000000ba80300000)]
  0x0000020db44e0800 JavaThread "Daemon client event forwarder" [_thread_blocked, id=7636, stack(0x000000ba80300000,0x000000ba80400000)]
  0x0000020db44e0000 JavaThread "Cache worker for file hash cache (D:\ProgramsfilesD\Android\Sdk\caches\7.0.2\fileHashes)" [_thread_blocked, id=11844, stack(0x000000ba80900000,0x000000ba80a00000)]
  0x0000020db44e1800 JavaThread "File lock request listener" [_thread_in_native, id=5328, stack(0x000000ba80a00000,0x000000ba80b00000)]
  0x0000020db44e2800 JavaThread "Cache worker for journal cache (D:\ProgramsfilesD\Android\Sdk\caches\journal-1)" [_thread_blocked, id=10424, stack(0x000000ba80c00000,0x000000ba80d00000)]
  0x0000020db4876800 JavaThread "Cache worker for file hash cache (D:\InfoAppDemo\.gradle\7.0.2\fileHashes)" [_thread_blocked, id=4328, stack(0x000000ba80e00000,0x000000ba80f00000)]
  0x0000020db4877800 JavaThread "File watcher server" daemon [_thread_blocked, id=7948, stack(0x000000ba80d00000,0x000000ba80e00000)]
  0x0000020db4878000 JavaThread "File watcher consumer" daemon [_thread_blocked, id=9008, stack(0x000000ba80f00000,0x000000ba81000000)]
  0x0000020db487d000 JavaThread "Cache worker for checksums cache (D:\InfoAppDemo\.gradle\checksums)" [_thread_blocked, id=3228, stack(0x000000ba81000000,0x000000ba81100000)]
  0x0000020db487b800 JavaThread "Cache worker for cache directory md-supplier (D:\ProgramsfilesD\Android\Sdk\caches\7.0.2\md-supplier)" [_thread_blocked, id=11956, stack(0x000000ba81100000,0x000000ba81200000)]
  0x0000020db4879000 JavaThread "Cache worker for cache directory md-rule (D:\ProgramsfilesD\Android\Sdk\caches\7.0.2\md-rule)" [_thread_blocked, id=5480, stack(0x000000ba81400000,0x000000ba81500000)]
  0x0000020db487c800 JavaThread "Cache worker for execution history cache (D:\ProgramsfilesD\Android\Sdk\caches\7.0.2\executionHistory)" [_thread_blocked, id=11768, stack(0x000000ba81500000,0x000000ba81600000)]
  0x0000020db487a000 JavaThread "jar transforms" [_thread_blocked, id=10964, stack(0x000000ba81600000,0x000000ba81700000)]
  0x0000020db487a800 JavaThread "jar transforms Thread 2" [_thread_blocked, id=5688, stack(0x000000ba81700000,0x000000ba81800000)]
  0x0000020db4883000 JavaThread "Cache worker for file content cache (D:\ProgramsfilesD\Android\Sdk\caches\7.0.2\fileContent)" [_thread_blocked, id=1564, stack(0x000000ba81800000,0x000000ba81900000)]
  0x0000020db4881000 JavaThread "Cache worker for dependencies-accessors (D:\InfoAppDemo\.gradle\7.0.2\dependencies-accessors)" [_thread_blocked, id=8868, stack(0x000000ba81900000,0x000000ba81a00000)]
  0x0000020db4880800 JavaThread "jar transforms Thread 3" [_thread_blocked, id=11372, stack(0x000000ba81a00000,0x000000ba81b00000)]
  0x0000020db487f800 JavaThread "Cache worker for Build Output Cleanup Cache (D:\InfoAppDemo\.gradle\buildOutputCleanup)" [_thread_blocked, id=11236, stack(0x000000ba81b00000,0x000000ba81c00000)]
  0x0000020db4883800 JavaThread "Build operations" [_thread_blocked, id=12212, stack(0x000000ba81c00000,0x000000ba81d00000)]
  0x0000020db4882000 JavaThread "Build operations Thread 2" [_thread_blocked, id=9960, stack(0x000000ba81d00000,0x000000ba81e00000)]
  0x0000020db487e800 JavaThread "Build operations Thread 3" [_thread_blocked, id=8356, stack(0x000000ba81e00000,0x000000ba81f00000)]
  0x0000020db4885800 JavaThread "Build operations Thread 4" [_thread_blocked, id=7036, stack(0x000000ba81f00000,0x000000ba82000000)]
  0x0000020db642d000 JavaThread "Build operations Thread 5" [_thread_blocked, id=7456, stack(0x000000ba82000000,0x000000ba82100000)]
  0x0000020db642e000 JavaThread "Build operations Thread 6" [_thread_blocked, id=4768, stack(0x000000ba82100000,0x000000ba82200000)]
  0x0000020db642e800 JavaThread "Build operations Thread 7" [_thread_blocked, id=10616, stack(0x000000ba82200000,0x000000ba82300000)]
  0x0000020db642c000 JavaThread "Build operations Thread 8" [_thread_blocked, id=10888, stack(0x000000ba82300000,0x000000ba82400000)]
  0x0000020db6435000 JavaThread "jar transforms Thread 4" [_thread_blocked, id=2632, stack(0x000000ba82400000,0x000000ba82500000)]
  0x0000020db6432800 JavaThread "jar transforms Thread 5" [_thread_blocked, id=9584, stack(0x000000ba82500000,0x000000ba82600000)]
  0x0000020db6434800 JavaThread "jar transforms Thread 6" [_thread_blocked, id=2776, stack(0x000000ba82600000,0x000000ba82700000)]
  0x0000020db642f800 JavaThread "jar transforms Thread 7" [_thread_blocked, id=704, stack(0x000000ba82700000,0x000000ba82800000)]
  0x0000020db6433800 JavaThread "jar transforms Thread 8" [_thread_blocked, id=5608, stack(0x000000ba82800000,0x000000ba82900000)]
  0x0000020db6432000 JavaThread "Memory manager" [_thread_blocked, id=2204, stack(0x000000ba82900000,0x000000ba82a00000)]
  0x0000020db6430800 JavaThread "build event listener" [_thread_blocked, id=8312, stack(0x000000ba82a00000,0x000000ba82b00000)]
  0x0000020db6431000 JavaThread "build event listener" [_thread_blocked, id=936, stack(0x000000ba82b00000,0x000000ba82c00000)]
  0x0000020db643a000 JavaThread "Execution worker for ':'" [_thread_blocked, id=6152, stack(0x000000ba82c00000,0x000000ba82d00000)]
  0x0000020db6437800 JavaThread "Execution worker for ':' Thread 2" [_thread_blocked, id=2944, stack(0x000000ba82d00000,0x000000ba82e00000)]
  0x0000020db6438800 JavaThread "Execution worker for ':' Thread 3" [_thread_blocked, id=7808, stack(0x000000ba82e00000,0x000000ba82f00000)]
  0x0000020db6439800 JavaThread "Execution worker for ':' Thread 4" [_thread_blocked, id=11940, stack(0x000000ba82f00000,0x000000ba83000000)]
  0x0000020db643b000 JavaThread "Execution worker for ':' Thread 5" [_thread_blocked, id=10048, stack(0x000000ba83000000,0x000000ba83100000)]
  0x0000020dbb53b000 JavaThread "Execution worker for ':' Thread 6" [_thread_blocked, id=11924, stack(0x000000ba83100000,0x000000ba83200000)]
  0x0000020dbb538800 JavaThread "Execution worker for ':' Thread 7" [_thread_blocked, id=6804, stack(0x000000ba83200000,0x000000ba83300000)]
  0x0000020dbb53a000 JavaThread "Cache worker for execution history cache (D:\InfoAppDemo\.gradle\7.0.2\executionHistory)" [_thread_blocked, id=3116, stack(0x000000ba83300000,0x000000ba83400000)]
  0x0000020dbb537000 JavaThread "RMI Scheduler(0)" daemon [_thread_blocked, id=7284, stack(0x000000ba83400000,0x000000ba83500000)]
  0x0000020dbb537800 JavaThread "RMI GC Daemon" daemon [_thread_blocked, id=9264, stack(0x000000ba83600000,0x000000ba83700000)]
  0x0000020dbb539800 JavaThread "RMI TCP Accept-0" daemon [_thread_in_native, id=7344, stack(0x000000ba83700000,0x000000ba83800000)]
  0x0000020dbb53b800 JavaThread "RMI Reaper" [_thread_blocked, id=3464, stack(0x000000ba83800000,0x000000ba83900000)]
  0x0000020dbb536000 JavaThread "RMI TCP Connection(1)-127.0.0.1" daemon [_thread_in_native, id=9596, stack(0x000000ba83a00000,0x000000ba83b00000)]
  0x0000020db39be000 JavaThread "C2 CompilerThread1" daemon [_thread_blocked, id=7688, stack(0x000000ba83900000,0x000000ba83a00000)]
  0x0000020dbc2e4800 JavaThread "C2 CompilerThread2" daemon [_thread_in_native, id=4224, stack(0x000000ba83b00000,0x000000ba83c00000)]
  0x0000020dbb540000 JavaThread "Cache worker for Java compile cache (D:\ProgramsfilesD\Android\Sdk\caches\7.0.2\javaCompile)" [_thread_blocked, id=6864, stack(0x000000ba83c00000,0x000000ba83d00000)]
  0x0000020dbb540800 JavaThread "Cache worker for Java compile cache (D:\InfoAppDemo\.gradle\7.0.2\javaCompile)" [_thread_blocked, id=2596, stack(0x000000ba83d00000,0x000000ba83e00000)]
  0x0000020dbb541800 JavaThread "WorkerExecutor Queue" [_thread_blocked, id=5952, stack(0x000000ba83500000,0x000000ba83600000)]
  0x0000020dbb53c800 JavaThread "WorkerExecutor Queue Thread 2" [_thread_blocked, id=1460, stack(0x000000ba83e00000,0x000000ba83f00000)]
  0x0000020dbb542800 JavaThread "WorkerExecutor Queue Thread 3" [_thread_blocked, id=12044, stack(0x000000ba83f00000,0x000000ba84000000)]
  0x0000020dbb53f000 JavaThread "WorkerExecutor Queue Thread 4" [_thread_blocked, id=9956, stack(0x000000ba84000000,0x000000ba84100000)]
  0x0000020dbb543000 JavaThread "WorkerExecutor Queue Thread 5" [_thread_blocked, id=10592, stack(0x000000ba84100000,0x000000ba84200000)]
  0x0000020dbb53d800 JavaThread "WorkerExecutor Queue Thread 6" [_thread_blocked, id=4268, stack(0x000000ba84200000,0x000000ba84300000)]
  0x0000020dbb544000 JavaThread "WorkerExecutor Queue Thread 7" [_thread_blocked, id=3956, stack(0x000000ba84300000,0x000000ba84400000)]
  0x0000020dbb53e000 JavaThread "WorkerExecutor Queue Thread 8" [_thread_blocked, id=4232, stack(0x000000ba84400000,0x000000ba84500000)]
  0x0000020dbdb99800 JavaThread "WorkerExecutor Queue Thread 9" [_thread_blocked, id=8452, stack(0x000000ba84500000,0x000000ba84600000)]

Other Threads:
=>0x0000020db1bf4800 VMThread "VM Thread" [stack: 0x000000bafed00000,0x000000bafee00000] [id=8708]
  0x0000020db26f6000 WatcherThread [stack: 0x000000baff700000,0x000000baff800000] [id=6900]
  0x0000020d95806800 GCTaskThread "GC Thread#0" [stack: 0x000000bafe800000,0x000000bafe900000] [id=10016]
  0x0000020db30d8000 GCTaskThread "GC Thread#1" [stack: 0x000000baffa00000,0x000000baffb00000] [id=8616]
  0x0000020db2ab8000 GCTaskThread "GC Thread#2" [stack: 0x000000baffb00000,0x000000baffc00000] [id=888]
  0x0000020db39df000 GCTaskThread "GC Thread#3" [stack: 0x000000ba80400000,0x000000ba80500000] [id=10004]
  0x0000020db4875800 GCTaskThread "GC Thread#4" [stack: 0x000000ba80500000,0x000000ba80600000] [id=2748]
  0x0000020db4eaf800 GCTaskThread "GC Thread#5" [stack: 0x000000ba80600000,0x000000ba80700000] [id=696]
  0x0000020db4933000 GCTaskThread "GC Thread#6" [stack: 0x000000ba80700000,0x000000ba80800000] [id=9556]
  0x0000020db36d8000 GCTaskThread "GC Thread#7" [stack: 0x000000ba80800000,0x000000ba80900000] [id=4212]
  0x0000020d9583a000 ConcurrentGCThread "G1 Main Marker" [stack: 0x000000bafe900000,0x000000bafea00000] [id=5340]
  0x0000020d9583b000 ConcurrentGCThread "G1 Conc#0" [stack: 0x000000bafea00000,0x000000bafeb00000] [id=3068]
  0x0000020db443c800 ConcurrentGCThread "G1 Conc#1" [stack: 0x000000ba80b00000,0x000000ba80c00000] [id=4836]
  0x0000020db1a42800 ConcurrentGCThread "G1 Refine#0" [stack: 0x000000bafeb00000,0x000000bafec00000] [id=9316]
  0x0000020d958bc800 ConcurrentGCThread "G1 Young RemSet Sampling" [stack: 0x000000bafec00000,0x000000bafed00000] [id=5268]

Threads with active compile tasks:
C2 CompilerThread0  52984 16440       4       sun.invoke.util.VerifyAccess::isClassAccessible (182 bytes)
C2 CompilerThread1  52984 17143   !   4       java.io.ObjectInputStream$BlockDataInputStream::readUTFSpan (502 bytes)
C2 CompilerThread2  52984 17125       4       java.util.TimSort::sort (229 bytes)

VM state:at safepoint (normal execution)

VM Mutex/Monitor currently owned by a thread:  ([mutex/lock_event])
[0x0000020d957e9dc0] Threads_lock - owner thread: 0x0000020db1bf4800
[0x0000020d957e8aa0] Heap_lock - owner thread: 0x0000020dbb53f000

Heap address: 0x0000000080000000, size: 2048 MB, Compressed Oops mode: 32-bit
Narrow klass base: 0x0000000000000000, Narrow klass shift: 3
Compressed class space size: 1073741824 Address: 0x0000000100000000

Heap:
 garbage-first heap   total 357376K, used 139025K [0x0000000080000000, 0x0000000100000000)
  region size 1024K, 6 young (6144K), 6 survivors (6144K)
 Metaspace       used 119835K, capacity 123483K, committed 123596K, reserved 1155072K
  class space    used 15584K, capacity 17011K, committed 17100K, reserved 1048576K
Heap Regions: E=young(eden), S=young(survivor), O=old, HS=humongous(starts), HC=humongous(continues), CS=collection set, F=free, A=archive, TAMS=top-at-mark-start (previous, next)
|   0|0x0000000080000000, 0x0000000080100000, 0x0000000080100000|100%| O|  |TAMS 0x0000000080100000, 0x0000000080000000| Untracked 
|   1|0x0000000080100000, 0x0000000080200000, 0x0000000080200000|100%| O|  |TAMS 0x0000000080200000, 0x0000000080100000| Untracked 
|   2|0x0000000080200000, 0x0000000080300000, 0x0000000080300000|100%| O|  |TAMS 0x0000000080300000, 0x0000000080200000| Untracked 
|   3|0x0000000080300000, 0x0000000080400000, 0x0000000080400000|100%|HS|  |TAMS 0x0000000080400000, 0x0000000080300000| Complete 
|   4|0x0000000080400000, 0x0000000080500000, 0x0000000080500000|100%|HC|  |TAMS 0x0000000080500000, 0x0000000080400000| Complete 
|   5|0x0000000080500000, 0x0000000080600000, 0x0000000080600000|100%|HC|  |TAMS 0x0000000080600000, 0x0000000080500000| Complete 
|   6|0x0000000080600000, 0x0000000080700000, 0x0000000080700000|100%| O|  |TAMS 0x0000000080700000, 0x0000000080600000| Untracked 
|   7|0x0000000080700000, 0x0000000080800000, 0x0000000080800000|100%| O|  |TAMS 0x0000000080800000, 0x0000000080700000| Untracked 
|   8|0x0000000080800000, 0x0000000080900000, 0x0000000080900000|100%| O|  |TAMS 0x0000000080900000, 0x0000000080800000| Untracked 
|   9|0x0000000080900000, 0x0000000080a00000, 0x0000000080a00000|100%| O|  |TAMS 0x0000000080a00000, 0x0000000080900000| Untracked 
|  10|0x0000000080a00000, 0x0000000080b00000, 0x0000000080b00000|100%| O|  |TAMS 0x0000000080b00000, 0x0000000080a00000| Untracked 
|  11|0x0000000080b00000, 0x0000000080c00000, 0x0000000080c00000|100%| O|  |TAMS 0x0000000080c00000, 0x0000000080b00000| Untracked 
|  12|0x0000000080c00000, 0x0000000080d00000, 0x0000000080d00000|100%| O|  |TAMS 0x0000000080d00000, 0x0000000080c00000| Untracked 
|  13|0x0000000080d00000, 0x0000000080e00000, 0x0000000080e00000|100%| O|  |TAMS 0x0000000080e00000, 0x0000000080d00000| Untracked 
|  14|0x0000000080e00000, 0x0000000080f00000, 0x0000000080f00000|100%| O|  |TAMS 0x0000000080f00000, 0x0000000080e00000| Untracked 
|  15|0x0000000080f00000, 0x0000000081000000, 0x0000000081000000|100%| O|  |TAMS 0x0000000081000000, 0x0000000080f00000| Untracked 
|  16|0x0000000081000000, 0x0000000081100000, 0x0000000081100000|100%|HS|  |TAMS 0x0000000081100000, 0x0000000081000000| Complete 
|  17|0x0000000081100000, 0x0000000081200000, 0x0000000081200000|100%| O|  |TAMS 0x0000000081200000, 0x0000000081100000| Untracked 
|  18|0x0000000081200000, 0x0000000081300000, 0x0000000081300000|100%| O|  |TAMS 0x0000000081300000, 0x0000000081200000| Untracked 
|  19|0x0000000081300000, 0x0000000081400000, 0x0000000081400000|100%| O|  |TAMS 0x0000000081400000, 0x0000000081300000| Untracked 
|  20|0x0000000081400000, 0x0000000081500000, 0x0000000081500000|100%| O|  |TAMS 0x0000000081500000, 0x0000000081400000| Untracked 
|  21|0x0000000081500000, 0x0000000081600000, 0x0000000081600000|100%| O|  |TAMS 0x0000000081600000, 0x0000000081500000| Untracked 
|  22|0x0000000081600000, 0x0000000081700000, 0x0000000081700000|100%| O|  |TAMS 0x0000000081700000, 0x0000000081600000| Untracked 
|  23|0x0000000081700000, 0x0000000081800000, 0x0000000081800000|100%|HS|  |TAMS 0x0000000081800000, 0x0000000081700000| Complete 
|  24|0x0000000081800000, 0x0000000081900000, 0x0000000081900000|100%|HS|  |TAMS 0x0000000081900000, 0x0000000081800000| Complete 
|  25|0x0000000081900000, 0x0000000081a00000, 0x0000000081a00000|100%|HS|  |TAMS 0x0000000081a00000, 0x0000000081900000| Complete 
|  26|0x0000000081a00000, 0x0000000081b00000, 0x0000000081b00000|100%|HC|  |TAMS 0x0000000081b00000, 0x0000000081a00000| Complete 
|  27|0x0000000081b00000, 0x0000000081c00000, 0x0000000081c00000|100%|HC|  |TAMS 0x0000000081c00000, 0x0000000081b00000| Complete 
|  28|0x0000000081c00000, 0x0000000081d00000, 0x0000000081d00000|100%|HS|  |TAMS 0x0000000081d00000, 0x0000000081c00000| Complete 
|  29|0x0000000081d00000, 0x0000000081e00000, 0x0000000081e00000|100%|HC|  |TAMS 0x0000000081e00000, 0x0000000081d00000| Complete 
|  30|0x0000000081e00000, 0x0000000081f00000, 0x0000000081f00000|100%| O|  |TAMS 0x0000000081f00000, 0x0000000081e00000| Untracked 
|  31|0x0000000081f00000, 0x0000000082000000, 0x0000000082000000|100%| O|  |TAMS 0x0000000082000000, 0x0000000081f00000| Untracked 
|  32|0x0000000082000000, 0x0000000082100000, 0x0000000082100000|100%| O|  |TAMS 0x0000000082100000, 0x0000000082000000| Untracked 
|  33|0x0000000082100000, 0x0000000082200000, 0x0000000082200000|100%| O|  |TAMS 0x0000000082200000, 0x0000000082100000| Untracked 
|  34|0x0000000082200000, 0x0000000082300000, 0x0000000082300000|100%| O|  |TAMS 0x0000000082300000, 0x0000000082200000| Untracked 
|  35|0x0000000082300000, 0x0000000082400000, 0x0000000082400000|100%| O|  |TAMS 0x0000000082400000, 0x0000000082300000| Untracked 
|  36|0x0000000082400000, 0x0000000082500000, 0x0000000082500000|100%| O|  |TAMS 0x0000000082500000, 0x0000000082400000| Untracked 
|  37|0x0000000082500000, 0x0000000082600000, 0x0000000082600000|100%| O|  |TAMS 0x0000000082600000, 0x0000000082500000| Untracked 
|  38|0x0000000082600000, 0x0000000082700000, 0x0000000082700000|100%| O|  |TAMS 0x0000000082700000, 0x0000000082600000| Untracked 
|  39|0x0000000082700000, 0x0000000082800000, 0x0000000082800000|100%| O|  |TAMS 0x0000000082800000, 0x0000000082700000| Untracked 
|  40|0x0000000082800000, 0x0000000082900000, 0x0000000082900000|100%| O|  |TAMS 0x0000000082900000, 0x0000000082800000| Untracked 
|  41|0x0000000082900000, 0x0000000082a00000, 0x0000000082a00000|100%| O|  |TAMS 0x0000000082a00000, 0x0000000082900000| Untracked 
|  42|0x0000000082a00000, 0x0000000082b00000, 0x0000000082b00000|100%| O|  |TAMS 0x0000000082b00000, 0x0000000082a00000| Untracked 
|  43|0x0000000082b00000, 0x0000000082c00000, 0x0000000082c00000|100%| O|  |TAMS 0x0000000082c00000, 0x0000000082b00000| Untracked 
|  44|0x0000000082c00000, 0x0000000082d00000, 0x0000000082d00000|100%| O|  |TAMS 0x0000000082d00000, 0x0000000082c00000| Untracked 
|  45|0x0000000082d00000, 0x0000000082e00000, 0x0000000082e00000|100%| O|  |TAMS 0x0000000082e00000, 0x0000000082d00000| Untracked 
|  46|0x0000000082e00000, 0x0000000082f00000, 0x0000000082f00000|100%| O|  |TAMS 0x0000000082f00000, 0x0000000082e00000| Untracked 
|  47|0x0000000082f00000, 0x0000000083000000, 0x0000000083000000|100%| O|  |TAMS 0x0000000083000000, 0x0000000082f00000| Untracked 
|  48|0x0000000083000000, 0x0000000083100000, 0x0000000083100000|100%| O|  |TAMS 0x0000000083100000, 0x0000000083000000| Untracked 
|  49|0x0000000083100000, 0x0000000083200000, 0x0000000083200000|100%| O|  |TAMS 0x0000000083200000, 0x0000000083100000| Untracked 
|  50|0x0000000083200000, 0x0000000083300000, 0x0000000083300000|100%| O|  |TAMS 0x0000000083300000, 0x0000000083200000| Untracked 
|  51|0x0000000083300000, 0x0000000083400000, 0x0000000083400000|100%| O|  |TAMS 0x0000000083400000, 0x0000000083300000| Untracked 
|  52|0x0000000083400000, 0x0000000083500000, 0x0000000083500000|100%| O|  |TAMS 0x0000000083500000, 0x0000000083400000| Untracked 
|  53|0x0000000083500000, 0x0000000083600000, 0x0000000083600000|100%| O|  |TAMS 0x0000000083600000, 0x0000000083500000| Untracked 
|  54|0x0000000083600000, 0x0000000083700000, 0x0000000083700000|100%| O|  |TAMS 0x0000000083700000, 0x0000000083600000| Untracked 
|  55|0x0000000083700000, 0x0000000083800000, 0x0000000083800000|100%| O|  |TAMS 0x0000000083800000, 0x0000000083700000| Untracked 
|  56|0x0000000083800000, 0x0000000083900000, 0x0000000083900000|100%| O|  |TAMS 0x0000000083900000, 0x0000000083800000| Untracked 
|  57|0x0000000083900000, 0x0000000083a00000, 0x0000000083a00000|100%| O|  |TAMS 0x0000000083a00000, 0x0000000083900000| Untracked 
|  58|0x0000000083a00000, 0x0000000083b00000, 0x0000000083b00000|100%| O|  |TAMS 0x0000000083b00000, 0x0000000083a00000| Untracked 
|  59|0x0000000083b00000, 0x0000000083c00000, 0x0000000083c00000|100%| O|  |TAMS 0x0000000083c00000, 0x0000000083b00000| Untracked 
|  60|0x0000000083c00000, 0x0000000083d00000, 0x0000000083d00000|100%| O|  |TAMS 0x0000000083d00000, 0x0000000083c00000| Untracked 
|  61|0x0000000083d00000, 0x0000000083e00000, 0x0000000083e00000|100%| O|  |TAMS 0x0000000083e00000, 0x0000000083d00000| Untracked 
|  62|0x0000000083e00000, 0x0000000083f00000, 0x0000000083f00000|100%| O|  |TAMS 0x0000000083f00000, 0x0000000083e00000| Untracked 
|  63|0x0000000083f00000, 0x0000000084000000, 0x0000000084000000|100%| O|  |TAMS 0x0000000084000000, 0x0000000083f00000| Untracked 
|  64|0x0000000084000000, 0x0000000084100000, 0x0000000084100000|100%| O|  |TAMS 0x0000000084100000, 0x0000000084000000| Untracked 
|  65|0x0000000084100000, 0x0000000084200000, 0x0000000084200000|100%| O|  |TAMS 0x0000000084200000, 0x0000000084100000| Untracked 
|  66|0x0000000084200000, 0x0000000084300000, 0x0000000084300000|100%| O|  |TAMS 0x0000000084300000, 0x0000000084200000| Untracked 
|  67|0x0000000084300000, 0x0000000084400000, 0x0000000084400000|100%| O|  |TAMS 0x0000000084400000, 0x0000000084300000| Untracked 
|  68|0x0000000084400000, 0x0000000084500000, 0x0000000084500000|100%| O|  |TAMS 0x0000000084500000, 0x0000000084400000| Untracked 
|  69|0x0000000084500000, 0x0000000084600000, 0x0000000084600000|100%| O|  |TAMS 0x0000000084600000, 0x0000000084500000| Untracked 
|  70|0x0000000084600000, 0x0000000084700000, 0x0000000084700000|100%| O|  |TAMS 0x0000000084700000, 0x0000000084600000| Untracked 
|  71|0x0000000084700000, 0x0000000084800000, 0x0000000084800000|100%| O|  |TAMS 0x0000000084800000, 0x0000000084700000| Untracked 
|  72|0x0000000084800000, 0x0000000084900000, 0x0000000084900000|100%| O|  |TAMS 0x0000000084900000, 0x0000000084800000| Untracked 
|  73|0x0000000084900000, 0x0000000084a00000, 0x0000000084a00000|100%| O|  |TAMS 0x0000000084a00000, 0x0000000084900000| Untracked 
|  74|0x0000000084a00000, 0x0000000084b00000, 0x0000000084b00000|100%| O|  |TAMS 0x0000000084b00000, 0x0000000084a00000| Untracked 
|  75|0x0000000084b00000, 0x0000000084c00000, 0x0000000084c00000|100%| O|  |TAMS 0x0000000084c00000, 0x0000000084b00000| Untracked 
|  76|0x0000000084c00000, 0x0000000084d00000, 0x0000000084d00000|100%| O|  |TAMS 0x0000000084d00000, 0x0000000084c00000| Untracked 
|  77|0x0000000084d00000, 0x0000000084e00000, 0x0000000084e00000|100%| O|  |TAMS 0x0000000084e00000, 0x0000000084d00000| Untracked 
|  78|0x0000000084e00000, 0x0000000084f00000, 0x0000000084f00000|100%| O|  |TAMS 0x0000000084f00000, 0x0000000084e00000| Untracked 
|  79|0x0000000084f00000, 0x0000000085000000, 0x0000000085000000|100%| O|  |TAMS 0x0000000085000000, 0x0000000084f00000| Untracked 
|  80|0x0000000085000000, 0x0000000085100000, 0x0000000085100000|100%| O|  |TAMS 0x0000000085100000, 0x0000000085000000| Untracked 
|  81|0x0000000085100000, 0x0000000085200000, 0x0000000085200000|100%| O|  |TAMS 0x0000000085200000, 0x0000000085100000| Untracked 
|  82|0x0000000085200000, 0x0000000085300000, 0x0000000085300000|100%| O|  |TAMS 0x0000000085300000, 0x0000000085200000| Untracked 
|  83|0x0000000085300000, 0x0000000085400000, 0x0000000085400000|100%| O|  |TAMS 0x0000000085400000, 0x0000000085300000| Untracked 
|  84|0x0000000085400000, 0x0000000085500000, 0x0000000085500000|100%| O|  |TAMS 0x0000000085500000, 0x0000000085400000| Untracked 
|  85|0x0000000085500000, 0x0000000085600000, 0x0000000085600000|100%| O|  |TAMS 0x0000000085500000, 0x0000000085500000| Untracked 
|  86|0x0000000085600000, 0x0000000085700000, 0x0000000085700000|100%| O|  |TAMS 0x0000000085700000, 0x0000000085600000| Untracked 
|  87|0x0000000085700000, 0x0000000085800000, 0x0000000085800000|100%|HS|  |TAMS 0x0000000085800000, 0x0000000085700000| Complete 
|  88|0x0000000085800000, 0x0000000085900000, 0x0000000085900000|100%|HC|  |TAMS 0x0000000085900000, 0x0000000085800000| Complete 
|  89|0x0000000085900000, 0x0000000085a00000, 0x0000000085a00000|100%| O|  |TAMS 0x0000000085a00000, 0x0000000085900000| Untracked 
|  90|0x0000000085a00000, 0x0000000085b00000, 0x0000000085b00000|100%| O|  |TAMS 0x0000000085b00000, 0x0000000085a00000| Untracked 
|  91|0x0000000085b00000, 0x0000000085c00000, 0x0000000085c00000|100%| O|  |TAMS 0x0000000085c00000, 0x0000000085b00000| Untracked 
|  92|0x0000000085c00000, 0x0000000085d00000, 0x0000000085d00000|100%| O|  |TAMS 0x0000000085d00000, 0x0000000085c00000| Untracked 
|  93|0x0000000085d00000, 0x0000000085e00000, 0x0000000085e00000|100%| O|  |TAMS 0x0000000085e00000, 0x0000000085d00000| Untracked 
|  94|0x0000000085e00000, 0x0000000085f00000, 0x0000000085f00000|100%| O|  |TAMS 0x0000000085f00000, 0x0000000085e00000| Untracked 
|  95|0x0000000085f00000, 0x0000000086000000, 0x0000000086000000|100%| O|  |TAMS 0x0000000086000000, 0x0000000085f00000| Untracked 
|  96|0x0000000086000000, 0x0000000086100000, 0x0000000086100000|100%| O|  |TAMS 0x0000000086100000, 0x0000000086000000| Untracked 
|  97|0x0000000086100000, 0x0000000086200000, 0x0000000086200000|100%| O|  |TAMS 0x0000000086200000, 0x0000000086100000| Untracked 
|  98|0x0000000086200000, 0x0000000086300000, 0x0000000086300000|100%| O|  |TAMS 0x0000000086300000, 0x0000000086200000| Untracked 
|  99|0x0000000086300000, 0x0000000086400000, 0x0000000086400000|100%| O|  |TAMS 0x0000000086400000, 0x0000000086300000| Untracked 
| 100|0x0000000086400000, 0x0000000086500000, 0x0000000086500000|100%| O|  |TAMS 0x0000000086500000, 0x0000000086400000| Untracked 
| 101|0x0000000086500000, 0x0000000086600000, 0x0000000086600000|100%| O|  |TAMS 0x0000000086600000, 0x0000000086500000| Untracked 
| 102|0x0000000086600000, 0x0000000086700000, 0x0000000086700000|100%| O|  |TAMS 0x0000000086700000, 0x0000000086600000| Untracked 
| 103|0x0000000086700000, 0x0000000086800000, 0x0000000086800000|100%| O|  |TAMS 0x0000000086800000, 0x0000000086700000| Untracked 
| 104|0x0000000086800000, 0x0000000086900000, 0x0000000086900000|100%| O|  |TAMS 0x0000000086900000, 0x0000000086800000| Untracked 
| 105|0x0000000086900000, 0x0000000086a00000, 0x0000000086a00000|100%| O|  |TAMS 0x0000000086a00000, 0x0000000086900000| Untracked 
| 106|0x0000000086a00000, 0x0000000086b00000, 0x0000000086b00000|100%| O|  |TAMS 0x0000000086b00000, 0x0000000086a00000| Untracked 
| 107|0x0000000086b00000, 0x0000000086b00000, 0x0000000086c00000|  0%| F|  |TAMS 0x0000000086b00000, 0x0000000086b00000| Untracked 
| 108|0x0000000086c00000, 0x0000000086c00000, 0x0000000086d00000|  0%| F|  |TAMS 0x0000000086c00000, 0x0000000086c00000| Untracked 
| 109|0x0000000086d00000, 0x0000000086e00000, 0x0000000086e00000|100%| O|  |TAMS 0x0000000086e00000, 0x0000000086d00000| Untracked 
| 110|0x0000000086e00000, 0x0000000086e00000, 0x0000000086f00000|  0%| F|  |TAMS 0x0000000086e00000, 0x0000000086e00000| Untracked 
| 111|0x0000000086f00000, 0x0000000086f00000, 0x0000000087000000|  0%| F|  |TAMS 0x0000000086f00000, 0x0000000086f00000| Untracked 
| 112|0x0000000087000000, 0x0000000087100000, 0x0000000087100000|100%| O|  |TAMS 0x0000000087100000, 0x0000000087000000| Untracked 
| 113|0x0000000087100000, 0x0000000087200000, 0x0000000087200000|100%| O|  |TAMS 0x0000000087200000, 0x0000000087100000| Untracked 
| 114|0x0000000087200000, 0x0000000087300000, 0x0000000087300000|100%| O|  |TAMS 0x0000000087300000, 0x0000000087200000| Untracked 
| 115|0x0000000087300000, 0x0000000087400000, 0x0000000087400000|100%| O|  |TAMS 0x0000000087400000, 0x0000000087300000| Untracked 
| 116|0x0000000087400000, 0x0000000087500000, 0x0000000087500000|100%| O|  |TAMS 0x0000000087500000, 0x0000000087400000| Untracked 
| 117|0x0000000087500000, 0x0000000087600000, 0x0000000087600000|100%| O|  |TAMS 0x0000000087600000, 0x0000000087500000| Untracked 
| 118|0x0000000087600000, 0x0000000087700000, 0x0000000087700000|100%| O|  |TAMS 0x0000000087700000, 0x0000000087600000| Untracked 
| 119|0x0000000087700000, 0x0000000087800000, 0x0000000087800000|100%| O|  |TAMS 0x0000000087800000, 0x0000000087700000| Untracked 
| 120|0x0000000087800000, 0x0000000087900000, 0x0000000087900000|100%| O|  |TAMS 0x0000000087900000, 0x0000000087800000| Untracked 
| 121|0x0000000087900000, 0x0000000087a00000, 0x0000000087a00000|100%| O|  |TAMS 0x0000000087a00000, 0x0000000087900000| Untracked 
| 122|0x0000000087a00000, 0x0000000087b00000, 0x0000000087b00000|100%| O|  |TAMS 0x0000000087a6b800, 0x0000000087a00000| Untracked 
| 123|0x0000000087b00000, 0x0000000087c00000, 0x0000000087c00000|100%| O|  |TAMS 0x0000000087b00000, 0x0000000087b00000| Untracked 
| 124|0x0000000087c00000, 0x0000000087d00000, 0x0000000087d00000|100%| O|  |TAMS 0x0000000087c00000, 0x0000000087c00000| Untracked 
| 125|0x0000000087d00000, 0x0000000087e00000, 0x0000000087e00000|100%| O|  |TAMS 0x0000000087e00000, 0x0000000087d00000| Untracked 
| 126|0x0000000087e00000, 0x0000000087f00000, 0x0000000087f00000|100%| O|  |TAMS 0x0000000087e00000, 0x0000000087e00000| Untracked 
| 127|0x0000000087f00000, 0x0000000088000000, 0x0000000088000000|100%| O|  |TAMS 0x0000000087f00000, 0x0000000087f00000| Untracked 
| 128|0x0000000088000000, 0x0000000088100000, 0x0000000088100000|100%| O|  |TAMS 0x0000000088100000, 0x0000000088000000| Untracked 
| 129|0x0000000088100000, 0x0000000088200000, 0x0000000088200000|100%| O|  |TAMS 0x0000000088200000, 0x0000000088100000| Untracked 
| 130|0x0000000088200000, 0x0000000088300000, 0x0000000088300000|100%| O|  |TAMS 0x0000000088300000, 0x0000000088200000| Untracked 
| 131|0x0000000088300000, 0x0000000088400000, 0x0000000088400000|100%| O|  |TAMS 0x0000000088400000, 0x0000000088300000| Untracked 
| 132|0x0000000088400000, 0x0000000088500000, 0x0000000088500000|100%| O|  |TAMS 0x0000000088500000, 0x0000000088400000| Untracked 
| 133|0x0000000088500000, 0x0000000088500000, 0x0000000088600000|  0%| F|  |TAMS 0x0000000088500000, 0x0000000088500000| Untracked 
| 134|0x0000000088600000, 0x0000000088700000, 0x0000000088700000|100%| O|  |TAMS 0x0000000088600000, 0x0000000088600000| Untracked 
| 135|0x0000000088700000, 0x0000000088765800, 0x0000000088800000| 39%| O|  |TAMS 0x0000000088700000, 0x0000000088700000| Untracked 
| 136|0x0000000088800000, 0x0000000088800000, 0x0000000088900000|  0%| F|  |TAMS 0x0000000088800000, 0x0000000088800000| Untracked 
| 137|0x0000000088900000, 0x0000000088900000, 0x0000000088a00000|  0%| F|  |TAMS 0x0000000088900000, 0x0000000088900000| Untracked 
| 138|0x0000000088a00000, 0x0000000088a00000, 0x0000000088b00000|  0%| F|  |TAMS 0x0000000088a00000, 0x0000000088a00000| Untracked 
| 139|0x0000000088b00000, 0x0000000088b00000, 0x0000000088c00000|  0%| F|  |TAMS 0x0000000088b00000, 0x0000000088b00000| Untracked 
| 140|0x0000000088c00000, 0x0000000088c00000, 0x0000000088d00000|  0%| F|  |TAMS 0x0000000088c00000, 0x0000000088c00000| Untracked 
| 141|0x0000000088d00000, 0x0000000088d00000, 0x0000000088e00000|  0%| F|  |TAMS 0x0000000088d00000, 0x0000000088d00000| Untracked 
| 142|0x0000000088e00000, 0x0000000088e00000, 0x0000000088f00000|  0%| F|  |TAMS 0x0000000088e00000, 0x0000000088e00000| Untracked 
| 143|0x0000000088f00000, 0x0000000088f00000, 0x0000000089000000|  0%| F|  |TAMS 0x0000000088f00000, 0x0000000088f00000| Untracked 
| 144|0x0000000089000000, 0x0000000089000000, 0x0000000089100000|  0%| F|  |TAMS 0x0000000089000000, 0x0000000089000000| Untracked 
| 145|0x0000000089100000, 0x0000000089100000, 0x0000000089200000|  0%| F|  |TAMS 0x0000000089100000, 0x0000000089100000| Untracked 
| 146|0x0000000089200000, 0x0000000089200000, 0x0000000089300000|  0%| F|  |TAMS 0x0000000089200000, 0x0000000089200000| Untracked 
| 147|0x0000000089300000, 0x0000000089300000, 0x0000000089400000|  0%| F|  |TAMS 0x0000000089300000, 0x0000000089300000| Untracked 
| 148|0x0000000089400000, 0x0000000089400000, 0x0000000089500000|  0%| F|  |TAMS 0x0000000089400000, 0x0000000089400000| Untracked 
| 149|0x0000000089500000, 0x0000000089500000, 0x0000000089600000|  0%| F|  |TAMS 0x0000000089500000, 0x0000000089500000| Untracked 
| 150|0x0000000089600000, 0x0000000089600000, 0x0000000089700000|  0%| F|  |TAMS 0x0000000089600000, 0x0000000089600000| Untracked 
| 151|0x0000000089700000, 0x0000000089700000, 0x0000000089800000|  0%| F|  |TAMS 0x0000000089700000, 0x0000000089700000| Untracked 
| 152|0x0000000089800000, 0x0000000089800000, 0x0000000089900000|  0%| F|  |TAMS 0x0000000089800000, 0x0000000089800000| Untracked 
| 153|0x0000000089900000, 0x0000000089900000, 0x0000000089a00000|  0%| F|  |TAMS 0x0000000089900000, 0x0000000089900000| Untracked 
| 154|0x0000000089a00000, 0x0000000089a00000, 0x0000000089b00000|  0%| F|  |TAMS 0x0000000089a00000, 0x0000000089a00000| Untracked 
| 155|0x0000000089b00000, 0x0000000089b00000, 0x0000000089c00000|  0%| F|  |TAMS 0x0000000089b00000, 0x0000000089b00000| Untracked 
| 156|0x0000000089c00000, 0x0000000089c00000, 0x0000000089d00000|  0%| F|  |TAMS 0x0000000089c00000, 0x0000000089c00000| Untracked 
| 157|0x0000000089d00000, 0x0000000089d00000, 0x0000000089e00000|  0%| F|  |TAMS 0x0000000089d00000, 0x0000000089d00000| Untracked 
| 158|0x0000000089e00000, 0x0000000089e00000, 0x0000000089f00000|  0%| F|  |TAMS 0x0000000089e00000, 0x0000000089e00000| Untracked 
| 159|0x0000000089f00000, 0x0000000089f00000, 0x000000008a000000|  0%| F|  |TAMS 0x0000000089f00000, 0x0000000089f00000| Untracked 
| 160|0x000000008a000000, 0x000000008a000000, 0x000000008a100000|  0%| F|  |TAMS 0x000000008a000000, 0x000000008a000000| Untracked 
| 161|0x000000008a100000, 0x000000008a100000, 0x000000008a200000|  0%| F|  |TAMS 0x000000008a100000, 0x000000008a100000| Untracked 
| 162|0x000000008a200000, 0x000000008a200000, 0x000000008a300000|  0%| F|  |TAMS 0x000000008a200000, 0x000000008a200000| Untracked 
| 163|0x000000008a300000, 0x000000008a300000, 0x000000008a400000|  0%| F|  |TAMS 0x000000008a300000, 0x000000008a300000| Untracked 
| 164|0x000000008a400000, 0x000000008a400000, 0x000000008a500000|  0%| F|  |TAMS 0x000000008a400000, 0x000000008a400000| Untracked 
| 165|0x000000008a500000, 0x000000008a500000, 0x000000008a600000|  0%| F|  |TAMS 0x000000008a500000, 0x000000008a500000| Untracked 
| 166|0x000000008a600000, 0x000000008a600000, 0x000000008a700000|  0%| F|  |TAMS 0x000000008a600000, 0x000000008a600000| Untracked 
| 167|0x000000008a700000, 0x000000008a700000, 0x000000008a800000|  0%| F|  |TAMS 0x000000008a700000, 0x000000008a700000| Untracked 
| 168|0x000000008a800000, 0x000000008a800000, 0x000000008a900000|  0%| F|  |TAMS 0x000000008a800000, 0x000000008a800000| Untracked 
| 169|0x000000008a900000, 0x000000008a900000, 0x000000008aa00000|  0%| F|  |TAMS 0x000000008a900000, 0x000000008a900000| Untracked 
| 170|0x000000008aa00000, 0x000000008aa00000, 0x000000008ab00000|  0%| F|  |TAMS 0x000000008aa00000, 0x000000008aa00000| Untracked 
| 171|0x000000008ab00000, 0x000000008ab00000, 0x000000008ac00000|  0%| F|  |TAMS 0x000000008ab00000, 0x000000008ab00000| Untracked 
| 172|0x000000008ac00000, 0x000000008ac00000, 0x000000008ad00000|  0%| F|  |TAMS 0x000000008ac00000, 0x000000008ac00000| Untracked 
| 173|0x000000008ad00000, 0x000000008ad00000, 0x000000008ae00000|  0%| F|  |TAMS 0x000000008ad00000, 0x000000008ad00000| Untracked 
| 174|0x000000008ae00000, 0x000000008ae00000, 0x000000008af00000|  0%| F|  |TAMS 0x000000008ae00000, 0x000000008ae00000| Untracked 
| 175|0x000000008af00000, 0x000000008af00000, 0x000000008b000000|  0%| F|  |TAMS 0x000000008af00000, 0x000000008af00000| Untracked 
| 176|0x000000008b000000, 0x000000008b000000, 0x000000008b100000|  0%| F|  |TAMS 0x000000008b000000, 0x000000008b000000| Untracked 
| 177|0x000000008b100000, 0x000000008b100000, 0x000000008b200000|  0%| F|  |TAMS 0x000000008b100000, 0x000000008b100000| Untracked 
| 178|0x000000008b200000, 0x000000008b200000, 0x000000008b300000|  0%| F|  |TAMS 0x000000008b200000, 0x000000008b200000| Untracked 
| 179|0x000000008b300000, 0x000000008b300000, 0x000000008b400000|  0%| F|  |TAMS 0x000000008b300000, 0x000000008b300000| Untracked 
| 180|0x000000008b400000, 0x000000008b400000, 0x000000008b500000|  0%| F|  |TAMS 0x000000008b400000, 0x000000008b400000| Untracked 
| 181|0x000000008b500000, 0x000000008b500000, 0x000000008b600000|  0%| F|  |TAMS 0x000000008b500000, 0x000000008b500000| Untracked 
| 182|0x000000008b600000, 0x000000008b600000, 0x000000008b700000|  0%| F|  |TAMS 0x000000008b600000, 0x000000008b600000| Untracked 
| 183|0x000000008b700000, 0x000000008b700000, 0x000000008b800000|  0%| F|  |TAMS 0x000000008b700000, 0x000000008b700000| Untracked 
| 184|0x000000008b800000, 0x000000008b800000, 0x000000008b900000|  0%| F|  |TAMS 0x000000008b800000, 0x000000008b800000| Untracked 
| 185|0x000000008b900000, 0x000000008b900000, 0x000000008ba00000|  0%| F|  |TAMS 0x000000008b900000, 0x000000008b900000| Untracked 
| 186|0x000000008ba00000, 0x000000008ba00000, 0x000000008bb00000|  0%| F|  |TAMS 0x000000008ba00000, 0x000000008ba00000| Untracked 
| 187|0x000000008bb00000, 0x000000008bb00000, 0x000000008bc00000|  0%| F|  |TAMS 0x000000008bb00000, 0x000000008bb00000| Untracked 
| 188|0x000000008bc00000, 0x000000008bc00000, 0x000000008bd00000|  0%| F|  |TAMS 0x000000008bc00000, 0x000000008bc00000| Untracked 
| 189|0x000000008bd00000, 0x000000008bd00000, 0x000000008be00000|  0%| F|  |TAMS 0x000000008bd00000, 0x000000008bd00000| Untracked 
| 190|0x000000008be00000, 0x000000008be00000, 0x000000008bf00000|  0%| F|  |TAMS 0x000000008be00000, 0x000000008be00000| Untracked 
| 191|0x000000008bf00000, 0x000000008bf00000, 0x000000008c000000|  0%| F|  |TAMS 0x000000008bf00000, 0x000000008bf00000| Untracked 
| 192|0x000000008c000000, 0x000000008c000000, 0x000000008c100000|  0%| F|  |TAMS 0x000000008c000000, 0x000000008c000000| Untracked 
| 193|0x000000008c100000, 0x000000008c100000, 0x000000008c200000|  0%| F|  |TAMS 0x000000008c100000, 0x000000008c100000| Untracked 
| 194|0x000000008c200000, 0x000000008c200000, 0x000000008c300000|  0%| F|  |TAMS 0x000000008c200000, 0x000000008c200000| Untracked 
| 195|0x000000008c300000, 0x000000008c300000, 0x000000008c400000|  0%| F|  |TAMS 0x000000008c300000, 0x000000008c300000| Untracked 
| 196|0x000000008c400000, 0x000000008c400000, 0x000000008c500000|  0%| F|  |TAMS 0x000000008c400000, 0x000000008c400000| Untracked 
| 197|0x000000008c500000, 0x000000008c500000, 0x000000008c600000|  0%| F|  |TAMS 0x000000008c500000, 0x000000008c500000| Untracked 
| 198|0x000000008c600000, 0x000000008c600000, 0x000000008c700000|  0%| F|  |TAMS 0x000000008c600000, 0x000000008c600000| Untracked 
| 199|0x000000008c700000, 0x000000008c700000, 0x000000008c800000|  0%| F|  |TAMS 0x000000008c700000, 0x000000008c700000| Untracked 
| 200|0x000000008c800000, 0x000000008c800000, 0x000000008c900000|  0%| F|  |TAMS 0x000000008c800000, 0x000000008c800000| Untracked 
| 201|0x000000008c900000, 0x000000008c900000, 0x000000008ca00000|  0%| F|  |TAMS 0x000000008c900000, 0x000000008c900000| Untracked 
| 202|0x000000008ca00000, 0x000000008ca5ed10, 0x000000008cb00000| 37%| S|CS|TAMS 0x000000008ca00000, 0x000000008ca00000| Complete 
| 203|0x000000008cb00000, 0x000000008cc00000, 0x000000008cc00000|100%| S|CS|TAMS 0x000000008cb00000, 0x000000008cb00000| Complete 
| 204|0x000000008cc00000, 0x000000008cd00000, 0x000000008cd00000|100%| S|CS|TAMS 0x000000008cc00000, 0x000000008cc00000| Complete 
| 205|0x000000008cd00000, 0x000000008ce00000, 0x000000008ce00000|100%| S|CS|TAMS 0x000000008cd00000, 0x000000008cd00000| Complete 
| 206|0x000000008ce00000, 0x000000008cf00000, 0x000000008cf00000|100%| S|CS|TAMS 0x000000008ce00000, 0x000000008ce00000| Complete 
| 207|0x000000008cf00000, 0x000000008d000000, 0x000000008d000000|100%| S|CS|TAMS 0x000000008cf00000, 0x000000008cf00000| Complete 
| 208|0x000000008d000000, 0x000000008d000000, 0x000000008d100000|  0%| F|  |TAMS 0x000000008d000000, 0x000000008d000000| Untracked 
| 209|0x000000008d100000, 0x000000008d100000, 0x000000008d200000|  0%| F|  |TAMS 0x000000008d100000, 0x000000008d100000| Untracked 
| 210|0x000000008d200000, 0x000000008d200000, 0x000000008d300000|  0%| F|  |TAMS 0x000000008d200000, 0x000000008d200000| Untracked 
| 211|0x000000008d300000, 0x000000008d300000, 0x000000008d400000|  0%| F|  |TAMS 0x000000008d300000, 0x000000008d300000| Untracked 
| 212|0x000000008d400000, 0x000000008d400000, 0x000000008d500000|  0%| F|  |TAMS 0x000000008d400000, 0x000000008d400000| Untracked 
| 213|0x000000008d500000, 0x000000008d500000, 0x000000008d600000|  0%| F|  |TAMS 0x000000008d500000, 0x000000008d500000| Untracked 
| 214|0x000000008d600000, 0x000000008d600000, 0x000000008d700000|  0%| F|  |TAMS 0x000000008d600000, 0x000000008d600000| Untracked 
| 215|0x000000008d700000, 0x000000008d700000, 0x000000008d800000|  0%| F|  |TAMS 0x000000008d700000, 0x000000008d700000| Untracked 
| 216|0x000000008d800000, 0x000000008d800000, 0x000000008d900000|  0%| F|  |TAMS 0x000000008d800000, 0x000000008d800000| Untracked 
| 217|0x000000008d900000, 0x000000008d900000, 0x000000008da00000|  0%| F|  |TAMS 0x000000008d900000, 0x000000008d900000| Untracked 
| 218|0x000000008da00000, 0x000000008da00000, 0x000000008db00000|  0%| F|  |TAMS 0x000000008da00000, 0x000000008da00000| Untracked 
| 219|0x000000008db00000, 0x000000008db00000, 0x000000008dc00000|  0%| F|  |TAMS 0x000000008db00000, 0x000000008db00000| Untracked 
| 220|0x000000008dc00000, 0x000000008dc00000, 0x000000008dd00000|  0%| F|  |TAMS 0x000000008dc00000, 0x000000008dc00000| Untracked 
| 221|0x000000008dd00000, 0x000000008dd00000, 0x000000008de00000|  0%| F|  |TAMS 0x000000008dd00000, 0x000000008dd00000| Untracked 
| 222|0x000000008de00000, 0x000000008de00000, 0x000000008df00000|  0%| F|  |TAMS 0x000000008de00000, 0x000000008de00000| Untracked 
| 223|0x000000008df00000, 0x000000008df00000, 0x000000008e000000|  0%| F|  |TAMS 0x000000008df00000, 0x000000008df00000| Untracked 
| 224|0x000000008e000000, 0x000000008e000000, 0x000000008e100000|  0%| F|  |TAMS 0x000000008e000000, 0x000000008e000000| Untracked 
| 225|0x000000008e100000, 0x000000008e100000, 0x000000008e200000|  0%| F|  |TAMS 0x000000008e100000, 0x000000008e100000| Untracked 
| 226|0x000000008e200000, 0x000000008e200000, 0x000000008e300000|  0%| F|  |TAMS 0x000000008e200000, 0x000000008e200000| Untracked 
| 227|0x000000008e300000, 0x000000008e300000, 0x000000008e400000|  0%| F|  |TAMS 0x000000008e300000, 0x000000008e300000| Untracked 
| 228|0x000000008e400000, 0x000000008e400000, 0x000000008e500000|  0%| F|  |TAMS 0x000000008e400000, 0x000000008e400000| Untracked 
| 229|0x000000008e500000, 0x000000008e500000, 0x000000008e600000|  0%| F|  |TAMS 0x000000008e500000, 0x000000008e500000| Untracked 
| 230|0x000000008e600000, 0x000000008e600000, 0x000000008e700000|  0%| F|  |TAMS 0x000000008e600000, 0x000000008e600000| Untracked 
| 231|0x000000008e700000, 0x000000008e700000, 0x000000008e800000|  0%| F|  |TAMS 0x000000008e700000, 0x000000008e700000| Untracked 
| 232|0x000000008e800000, 0x000000008e800000, 0x000000008e900000|  0%| F|  |TAMS 0x000000008e800000, 0x000000008e800000| Untracked 
| 233|0x000000008e900000, 0x000000008e900000, 0x000000008ea00000|  0%| F|  |TAMS 0x000000008e900000, 0x000000008e900000| Untracked 
| 234|0x000000008ea00000, 0x000000008ea00000, 0x000000008eb00000|  0%| F|  |TAMS 0x000000008ea00000, 0x000000008ea00000| Untracked 
| 235|0x000000008eb00000, 0x000000008eb00000, 0x000000008ec00000|  0%| F|  |TAMS 0x000000008eb00000, 0x000000008eb00000| Untracked 
| 236|0x000000008ec00000, 0x000000008ec00000, 0x000000008ed00000|  0%| F|  |TAMS 0x000000008ec00000, 0x000000008ec00000| Untracked 
| 237|0x000000008ed00000, 0x000000008ed00000, 0x000000008ee00000|  0%| F|  |TAMS 0x000000008ed00000, 0x000000008ed00000| Untracked 
| 238|0x000000008ee00000, 0x000000008ee00000, 0x000000008ef00000|  0%| F|  |TAMS 0x000000008ee00000, 0x000000008ee00000| Untracked 
| 239|0x000000008ef00000, 0x000000008ef00000, 0x000000008f000000|  0%| F|  |TAMS 0x000000008ef00000, 0x000000008ef00000| Untracked 
| 240|0x000000008f000000, 0x000000008f000000, 0x000000008f100000|  0%| F|  |TAMS 0x000000008f000000, 0x000000008f000000| Untracked 
| 241|0x000000008f100000, 0x000000008f100000, 0x000000008f200000|  0%| F|  |TAMS 0x000000008f100000, 0x000000008f100000| Untracked 
| 242|0x000000008f200000, 0x000000008f200000, 0x000000008f300000|  0%| F|  |TAMS 0x000000008f200000, 0x000000008f200000| Untracked 
| 243|0x000000008f300000, 0x000000008f300000, 0x000000008f400000|  0%| F|  |TAMS 0x000000008f300000, 0x000000008f300000| Untracked 
| 244|0x000000008f400000, 0x000000008f400000, 0x000000008f500000|  0%| F|  |TAMS 0x000000008f400000, 0x000000008f400000| Untracked 
| 245|0x000000008f500000, 0x000000008f500000, 0x000000008f600000|  0%| F|  |TAMS 0x000000008f500000, 0x000000008f500000| Untracked 
| 246|0x000000008f600000, 0x000000008f600000, 0x000000008f700000|  0%| F|  |TAMS 0x000000008f600000, 0x000000008f600000| Untracked 
| 247|0x000000008f700000, 0x000000008f700000, 0x000000008f800000|  0%| F|  |TAMS 0x000000008f700000, 0x000000008f700000| Untracked 
| 248|0x000000008f800000, 0x000000008f800000, 0x000000008f900000|  0%| F|  |TAMS 0x000000008f800000, 0x000000008f800000| Untracked 
| 249|0x000000008f900000, 0x000000008f900000, 0x000000008fa00000|  0%| F|  |TAMS 0x000000008f900000, 0x000000008f900000| Untracked 
| 250|0x000000008fa00000, 0x000000008fa00000, 0x000000008fb00000|  0%| F|  |TAMS 0x000000008fa00000, 0x000000008fa00000| Untracked 
| 251|0x000000008fb00000, 0x000000008fb00000, 0x000000008fc00000|  0%| F|  |TAMS 0x000000008fb00000, 0x000000008fb00000| Untracked 
| 252|0x000000008fc00000, 0x000000008fc00000, 0x000000008fd00000|  0%| F|  |TAMS 0x000000008fc00000, 0x000000008fc00000| Untracked 
| 253|0x000000008fd00000, 0x000000008fd00000, 0x000000008fe00000|  0%| F|  |TAMS 0x000000008fd00000, 0x000000008fd00000| Untracked 
| 254|0x000000008fe00000, 0x000000008fe00000, 0x000000008ff00000|  0%| F|  |TAMS 0x000000008fe00000, 0x000000008fe00000| Untracked 
| 255|0x000000008ff00000, 0x000000008ff00000, 0x0000000090000000|  0%| F|  |TAMS 0x000000008ff00000, 0x000000008ff00000| Untracked 
| 256|0x0000000090000000, 0x0000000090000000, 0x0000000090100000|  0%| F|  |TAMS 0x0000000090000000, 0x0000000090000000| Untracked 
| 257|0x0000000090100000, 0x0000000090100000, 0x0000000090200000|  0%| F|  |TAMS 0x0000000090100000, 0x0000000090100000| Untracked 
| 258|0x0000000090200000, 0x0000000090200000, 0x0000000090300000|  0%| F|  |TAMS 0x0000000090200000, 0x0000000090200000| Untracked 
| 259|0x0000000090300000, 0x0000000090300000, 0x0000000090400000|  0%| F|  |TAMS 0x0000000090300000, 0x0000000090300000| Untracked 
| 260|0x0000000090400000, 0x0000000090400000, 0x0000000090500000|  0%| F|  |TAMS 0x0000000090400000, 0x0000000090400000| Untracked 
| 261|0x0000000090500000, 0x0000000090500000, 0x0000000090600000|  0%| F|  |TAMS 0x0000000090500000, 0x0000000090500000| Untracked 
| 262|0x0000000090600000, 0x0000000090600000, 0x0000000090700000|  0%| F|  |TAMS 0x0000000090600000, 0x0000000090600000| Untracked 
| 263|0x0000000090700000, 0x0000000090700000, 0x0000000090800000|  0%| F|  |TAMS 0x0000000090700000, 0x0000000090700000| Untracked 
| 264|0x0000000090800000, 0x0000000090800000, 0x0000000090900000|  0%| F|  |TAMS 0x0000000090800000, 0x0000000090800000| Untracked 
| 265|0x0000000090900000, 0x0000000090900000, 0x0000000090a00000|  0%| F|  |TAMS 0x0000000090900000, 0x0000000090900000| Untracked 
| 266|0x0000000090a00000, 0x0000000090a00000, 0x0000000090b00000|  0%| F|  |TAMS 0x0000000090a00000, 0x0000000090a00000| Untracked 
| 267|0x0000000090b00000, 0x0000000090b00000, 0x0000000090c00000|  0%| F|  |TAMS 0x0000000090b00000, 0x0000000090b00000| Untracked 
| 268|0x0000000090c00000, 0x0000000090c00000, 0x0000000090d00000|  0%| F|  |TAMS 0x0000000090c00000, 0x0000000090c00000| Untracked 
| 269|0x0000000090d00000, 0x0000000090d00000, 0x0000000090e00000|  0%| F|  |TAMS 0x0000000090d00000, 0x0000000090d00000| Untracked 
| 270|0x0000000090e00000, 0x0000000090e00000, 0x0000000090f00000|  0%| F|  |TAMS 0x0000000090e00000, 0x0000000090e00000| Untracked 
| 271|0x0000000090f00000, 0x0000000090f00000, 0x0000000091000000|  0%| F|  |TAMS 0x0000000090f00000, 0x0000000090f00000| Untracked 
| 272|0x0000000091000000, 0x0000000091000000, 0x0000000091100000|  0%| F|  |TAMS 0x0000000091000000, 0x0000000091000000| Untracked 
| 273|0x0000000091100000, 0x0000000091100000, 0x0000000091200000|  0%| F|  |TAMS 0x0000000091100000, 0x0000000091100000| Untracked 
| 274|0x0000000091200000, 0x0000000091200000, 0x0000000091300000|  0%| F|  |TAMS 0x0000000091200000, 0x0000000091200000| Untracked 
| 275|0x0000000091300000, 0x0000000091300000, 0x0000000091400000|  0%| F|  |TAMS 0x0000000091300000, 0x0000000091300000| Untracked 
| 276|0x0000000091400000, 0x0000000091400000, 0x0000000091500000|  0%| F|  |TAMS 0x0000000091400000, 0x0000000091400000| Untracked 

Card table byte_map: [0x0000020daa910000,0x0000020daad10000] _byte_map_base: 0x0000020daa510000

Marking Bits (Prev, Next): (CMBitMap*) 0x0000020d95830fe0, (CMBitMap*) 0x0000020d95830fa8
 Prev Bits: [0x0000020dad110000, 0x0000020daf110000)
 Next Bits: [0x0000020dab110000, 0x0000020dad110000)

Polling page: 0x0000020d958c0000

Metaspace:

Usage:
  Non-class:    103.98 MB capacity,   101.81 MB ( 98%) used,     1.74 MB (  2%) free+waste,   435.13 KB ( <1%) overhead. 
      Class:     16.61 MB capacity,    15.22 MB ( 92%) used,     1.19 MB (  7%) free+waste,   203.13 KB (  1%) overhead. 
       Both:    120.59 MB capacity,   117.03 MB ( 97%) used,     2.94 MB (  2%) free+waste,   638.25 KB ( <1%) overhead. 

Virtual space:
  Non-class space:      104.00 MB reserved,     104.00 MB (100%) committed 
      Class space:        1.00 GB reserved,      16.70 MB (  2%) committed 
             Both:        1.10 GB reserved,     120.70 MB ( 11%) committed 

Chunk freelists:
   Non-Class:  24.00 KB
       Class:  13.00 KB
        Both:  37.00 KB

MaxMetaspaceSize: 17179869184.00 GB
CompressedClassSpaceSize: 1.00 GB

CodeHeap 'non-profiled nmethods': size=120000Kb used=10268Kb max_used=10268Kb free=109731Kb
 bounds [0x0000020da2570000, 0x0000020da2f80000, 0x0000020da9aa0000]
CodeHeap 'profiled nmethods': size=120000Kb used=35860Kb max_used=35860Kb free=84139Kb
 bounds [0x0000020d9b040000, 0x0000020d9d350000, 0x0000020da2570000]
CodeHeap 'non-nmethods': size=5760Kb used=2369Kb max_used=2416Kb free=3391Kb
 bounds [0x0000020d9aaa0000, 0x0000020d9ad10000, 0x0000020d9b040000]
 total_blobs=17806 nmethods=16820 adapters=896
 compilation: enabled
              stopped_count=0, restarted_count=0
 full_count=0

Compilation events (20 events):
Event: 52.952 Thread 0x0000020db2576800 17188       2       com.android.tools.r8.internal.pe::a (47 bytes)
Event: 52.952 Thread 0x0000020db2576800 nmethod 17188 0x0000020d9d343290 code [0x0000020d9d343460, 0x0000020d9d3436a8]
Event: 52.952 Thread 0x0000020db2576800 17191       1       com.android.tools.r8.BaseCommand$Builder::a (5 bytes)
Event: 52.952 Thread 0x0000020db2576800 nmethod 17191 0x0000020da2f75e90 code [0x0000020da2f76040, 0x0000020da2f760f8]
Event: 52.952 Thread 0x0000020db2576800 17187       2       com.google.gson.TypeAdapter::<init> (5 bytes)
Event: 52.953 Thread 0x0000020db2576800 nmethod 17187 0x0000020d9d343810 code [0x0000020d9d3439c0, 0x0000020d9d343ab8]
Event: 52.953 Thread 0x0000020db2576800 17189       1       com.android.tools.r8.internal.jf::getValue (5 bytes)
Event: 52.953 Thread 0x0000020db2576800 nmethod 17189 0x0000020da2f76190 code [0x0000020da2f76340, 0x0000020da2f763f8]
Event: 52.953 Thread 0x0000020db2576800 17186       2       org.slf4j.LoggerFactory::getLogger (12 bytes)
Event: 52.953 Thread 0x0000020db2576800 nmethod 17186 0x0000020d9d343b90 code [0x0000020d9d343d60, 0x0000020d9d343e78]
Event: 52.953 Thread 0x0000020db2576800 17194       2       com.android.tools.r8.internal.pe::b (47 bytes)
Event: 52.953 Thread 0x0000020db2576800 nmethod 17194 0x0000020d9d343f90 code [0x0000020d9d344160, 0x0000020d9d3443a8]
Event: 52.953 Thread 0x0000020db2576800 17195       1       com.android.tools.r8.internal.jf::getKey (5 bytes)
Event: 52.954 Thread 0x0000020db2576800 nmethod 17195 0x0000020da2f76490 code [0x0000020da2f76640, 0x0000020da2f766f8]
Event: 52.954 Thread 0x0000020db2576800 17192       1       org.gradle.execution.plan.LocalTaskNode::getTaskProperties (5 bytes)
Event: 52.954 Thread 0x0000020db2576800 nmethod 17192 0x0000020da2f76790 code [0x0000020da2f76940, 0x0000020da2f769f8]
Event: 52.954 Thread 0x0000020db2576800 17196   !   2       org.gradle.api.internal.provider.AbstractProperty::finalizeNow (73 bytes)
Event: 52.955 Thread 0x0000020db39be000 nmethod 17114 0x0000020da2f76a90 code [0x0000020da2f76c40, 0x0000020da2f76f38]
Event: 52.955 Thread 0x0000020db39be000 17143   !   4       java.io.ObjectInputStream$BlockDataInputStream::readUTFSpan (502 bytes)
Event: 52.955 Thread 0x0000020db2576800 nmethod 17196 0x0000020d9d344510 code [0x0000020d9d344780, 0x0000020d9d344f48]

GC Heap History (20 events):
Event: 50.554 GC heap after
{Heap after GC invocations=47 (full 0):
 garbage-first heap   total 187392K, used 124964K [0x0000000080000000, 0x0000000100000000)
  region size 1024K, 5 young (5120K), 5 survivors (5120K)
 Metaspace       used 105837K, capacity 108426K, committed 108748K, reserved 1142784K
  class space    used 13516K, capacity 14463K, committed 14540K, reserved 1048576K
}
Event: 50.669 GC heap before
{Heap before GC invocations=47 (full 0):
 garbage-first heap   total 187392K, used 154660K [0x0000000080000000, 0x0000000100000000)
  region size 1024K, 34 young (34816K), 5 survivors (5120K)
 Metaspace       used 106568K, capacity 109232K, committed 109388K, reserved 1144832K
  class space    used 13627K, capacity 14596K, committed 14668K, reserved 1048576K
}
Event: 50.672 GC heap after
{Heap after GC invocations=48 (full 0):
 garbage-first heap   total 187392K, used 126432K [0x0000000080000000, 0x0000000100000000)
  region size 1024K, 2 young (2048K), 2 survivors (2048K)
 Metaspace       used 106568K, capacity 109232K, committed 109388K, reserved 1144832K
  class space    used 13627K, capacity 14596K, committed 14668K, reserved 1048576K
}
Event: 50.744 GC heap before
{Heap before GC invocations=48 (full 0):
 garbage-first heap   total 187392K, used 154080K [0x0000000080000000, 0x0000000100000000)
  region size 1024K, 30 young (30720K), 2 survivors (2048K)
 Metaspace       used 107019K, capacity 109689K, committed 110028K, reserved 1144832K
  class space    used 13687K, capacity 14682K, committed 14796K, reserved 1048576K
}
Event: 50.748 GC heap after
{Heap after GC invocations=49 (full 0):
 garbage-first heap   total 187392K, used 128353K [0x0000000080000000, 0x0000000100000000)
  region size 1024K, 4 young (4096K), 4 survivors (4096K)
 Metaspace       used 107019K, capacity 109689K, committed 110028K, reserved 1144832K
  class space    used 13687K, capacity 14682K, committed 14796K, reserved 1048576K
}
Event: 51.087 GC heap before
{Heap before GC invocations=50 (full 0):
 garbage-first heap   total 187392K, used 153953K [0x0000000080000000, 0x0000000100000000)
  region size 1024K, 32 young (32768K), 4 survivors (4096K)
 Metaspace       used 109216K, capacity 111936K, committed 112076K, reserved 1146880K
  class space    used 14007K, capacity 15028K, committed 15052K, reserved 1048576K
}
Event: 51.093 GC heap after
{Heap after GC invocations=51 (full 0):
 garbage-first heap   total 187392K, used 127438K [0x0000000080000000, 0x0000000100000000)
  region size 1024K, 3 young (3072K), 3 survivors (3072K)
 Metaspace       used 109216K, capacity 111936K, committed 112076K, reserved 1146880K
  class space    used 14007K, capacity 15028K, committed 15052K, reserved 1048576K
}
Event: 51.136 GC heap before
{Heap before GC invocations=51 (full 0):
 garbage-first heap   total 187392K, used 133582K [0x0000000080000000, 0x0000000100000000)
  region size 1024K, 9 young (9216K), 3 survivors (3072K)
 Metaspace       used 109506K, capacity 112259K, committed 112460K, reserved 1146880K
  class space    used 14041K, capacity 15073K, committed 15180K, reserved 1048576K
}
Event: 51.142 GC heap after
{Heap after GC invocations=52 (full 0):
 garbage-first heap   total 187392K, used 127954K [0x0000000080000000, 0x0000000100000000)
  region size 1024K, 2 young (2048K), 2 survivors (2048K)
 Metaspace       used 109506K, capacity 112259K, committed 112460K, reserved 1146880K
  class space    used 14041K, capacity 15073K, committed 15180K, reserved 1048576K
}
Event: 51.313 GC heap before
{Heap before GC invocations=52 (full 0):
 garbage-first heap   total 187392K, used 156626K [0x0000000080000000, 0x0000000100000000)
  region size 1024K, 31 young (31744K), 2 survivors (2048K)
 Metaspace       used 110910K, capacity 113690K, committed 113868K, reserved 1148928K
  class space    used 14244K, capacity 15294K, committed 15308K, reserved 1048576K
}
Event: 51.333 GC heap after
{Heap after GC invocations=53 (full 0):
 garbage-first heap   total 187392K, used 136622K [0x0000000080000000, 0x0000000100000000)
  region size 1024K, 4 young (4096K), 4 survivors (4096K)
 Metaspace       used 110910K, capacity 113690K, committed 113868K, reserved 1148928K
  class space    used 14244K, capacity 15294K, committed 15308K, reserved 1048576K
}
Event: 51.663 GC heap before
{Heap before GC invocations=54 (full 0):
 garbage-first heap   total 187392K, used 156078K [0x0000000080000000, 0x0000000100000000)
  region size 1024K, 24 young (24576K), 4 survivors (4096K)
 Metaspace       used 114026K, capacity 117131K, committed 117196K, reserved 1150976K
  class space    used 14828K, capacity 16057K, committed 16076K, reserved 1048576K
}
Event: 51.676 GC heap after
{Heap after GC invocations=55 (full 0):
 garbage-first heap   total 283648K, used 138163K [0x0000000080000000, 0x0000000100000000)
  region size 1024K, 3 young (3072K), 3 survivors (3072K)
 Metaspace       used 114026K, capacity 117131K, committed 117196K, reserved 1150976K
  class space    used 14828K, capacity 16057K, committed 16076K, reserved 1048576K
}
Event: 51.811 GC heap before
{Heap before GC invocations=55 (full 0):
 garbage-first heap   total 283648K, used 148403K [0x0000000080000000, 0x0000000100000000)
  region size 1024K, 13 young (13312K), 3 survivors (3072K)
 Metaspace       used 115308K, capacity 118574K, committed 118732K, reserved 1150976K
  class space    used 15026K, capacity 16308K, committed 16332K, reserved 1048576K
}
Event: 51.818 GC heap after
{Heap after GC invocations=56 (full 0):
 garbage-first heap   total 283648K, used 134007K [0x0000000080000000, 0x0000000100000000)
  region size 1024K, 1 young (1024K), 1 survivors (1024K)
 Metaspace       used 115308K, capacity 118574K, committed 118732K, reserved 1150976K
  class space    used 15026K, capacity 16308K, committed 16332K, reserved 1048576K
}
Event: 52.191 GC heap before
{Heap before GC invocations=56 (full 0):
 garbage-first heap   total 283648K, used 191351K [0x0000000080000000, 0x0000000100000000)
  region size 1024K, 57 young (58368K), 1 survivors (1024K)
 Metaspace       used 116655K, capacity 119933K, committed 120012K, reserved 1153024K
  class space    used 15217K, capacity 16520K, committed 16588K, reserved 1048576K
}
Event: 52.198 GC heap after
{Heap after GC invocations=57 (full 0):
 garbage-first heap   total 283648K, used 136745K [0x0000000080000000, 0x0000000100000000)
  region size 1024K, 4 young (4096K), 4 survivors (4096K)
 Metaspace       used 116655K, capacity 119933K, committed 120012K, reserved 1153024K
  class space    used 15217K, capacity 16520K, committed 16588K, reserved 1048576K
}
Event: 52.559 GC heap before
{Heap before GC invocations=57 (full 0):
 garbage-first heap   total 283648K, used 197161K [0x0000000080000000, 0x0000000100000000)
  region size 1024K, 64 young (65536K), 4 survivors (4096K)
 Metaspace       used 119142K, capacity 122705K, committed 122956K, reserved 1155072K
  class space    used 15513K, capacity 16918K, committed 16972K, reserved 1048576K
}
Event: 52.565 GC heap after
{Heap after GC invocations=58 (full 0):
 garbage-first heap   total 283648K, used 137545K [0x0000000080000000, 0x0000000100000000)
  region size 1024K, 4 young (4096K), 4 survivors (4096K)
 Metaspace       used 119142K, capacity 122705K, committed 122956K, reserved 1155072K
  class space    used 15513K, capacity 16918K, committed 16972K, reserved 1048576K
}
Event: 52.967 GC heap before
{Heap before GC invocations=58 (full 0):
 garbage-first heap   total 283648K, used 205129K [0x0000000080000000, 0x0000000100000000)
  region size 1024K, 69 young (70656K), 4 survivors (4096K)
 Metaspace       used 119835K, capacity 123483K, committed 123596K, reserved 1155072K
  class space    used 15584K, capacity 17011K, committed 17100K, reserved 1048576K
}

Deoptimization events (20 events):
Event: 52.840 Thread 0x0000020db6438800 Uncommon trap: trap_request=0xffffffd6 fr.pc=0x0000020da2f5fd3c relative=0x00000000000018bc
Event: 52.840 Thread 0x0000020db6438800 Uncommon trap: reason=array_check action=maybe_recompile pc=0x0000020da2f5fd3c method=java.util.TimSort.reverseRange([Ljava/lang/Object;II)V @ 27 c2
Event: 52.840 Thread 0x0000020db6438800 DEOPT PACKING pc=0x0000020da2f5fd3c sp=0x000000ba82ef7b70
Event: 52.840 Thread 0x0000020db6438800 DEOPT UNPACKING pc=0x0000020d9aaa83af sp=0x000000ba82ef7a28 mode 2
Event: 52.861 Thread 0x0000020dbb542800 Uncommon trap: trap_request=0xffffff4d fr.pc=0x0000020da2e3aaac relative=0x000000000000018c
Event: 52.861 Thread 0x0000020dbb542800 Uncommon trap: reason=unstable_if action=reinterpret pc=0x0000020da2e3aaac method=kotlin.text.StringsKt__StringsJVMKt.endsWith(Ljava/lang/String;Ljava/lang/String;Z)Z @ 15 c2
Event: 52.861 Thread 0x0000020dbb542800 DEOPT PACKING pc=0x0000020da2e3aaac sp=0x000000ba83ffda80
Event: 52.861 Thread 0x0000020dbb542800 DEOPT UNPACKING pc=0x0000020d9aaa83af sp=0x000000ba83ffda30 mode 2
Event: 52.867 Thread 0x0000020dbb542800 Uncommon trap: trap_request=0xffffff4d fr.pc=0x0000020da2c95da8 relative=0x0000000000000648
Event: 52.867 Thread 0x0000020dbb542800 Uncommon trap: reason=unstable_if action=reinterpret pc=0x0000020da2c95da8 method=java.lang.String.regionMatches(ZILjava/lang/String;II)Z @ 21 c2
Event: 52.867 Thread 0x0000020dbb542800 DEOPT PACKING pc=0x0000020da2c95da8 sp=0x000000ba83ffd5d0
Event: 52.867 Thread 0x0000020dbb542800 DEOPT UNPACKING pc=0x0000020d9aaa83af sp=0x000000ba83ffd580 mode 2
Event: 52.870 Thread 0x0000020db642e000 Uncommon trap: trap_request=0xffffffdc fr.pc=0x0000020da2e16a14 relative=0x0000000000000254
Event: 52.870 Thread 0x0000020db642e000 Uncommon trap: reason=class_check action=make_not_entrant pc=0x0000020da2e16a14 method=java.util.ArrayDeque.toArray(Ljava/lang/Class;)[Ljava/lang/Object; @ 45 c2
Event: 52.870 Thread 0x0000020db642e000 DEOPT PACKING pc=0x0000020da2e16a14 sp=0x000000ba821fc6d0
Event: 52.870 Thread 0x0000020db642e000 DEOPT UNPACKING pc=0x0000020d9aaa83af sp=0x000000ba821fc690 mode 2
Event: 52.921 Thread 0x0000020dbb53e000 DEOPT PACKING pc=0x0000020d9c10a3fe sp=0x000000ba844fbb50
Event: 52.921 Thread 0x0000020dbb53e000 DEOPT UNPACKING pc=0x0000020d9aac8ede sp=0x000000ba844fb010 mode 0
Event: 52.930 Thread 0x0000020dbb53d800 DEOPT PACKING pc=0x0000020d9c3a4d5c sp=0x000000ba842ff120
Event: 52.930 Thread 0x0000020dbb53d800 DEOPT UNPACKING pc=0x0000020d9aac8ede sp=0x000000ba842fe6f0 mode 0

Classes redefined (0 events):
No events

Internal exceptions (20 events):
Event: 52.766 Thread 0x0000020dbb53c800 Exception <a 'sun/nio/fs/WindowsException'{0x000000008f3cb448}> (0x000000008f3cb448) thrown at [./src/hotspot/share/prims/jni.cpp, line 615]
Event: 52.767 Thread 0x0000020dbb53c800 Exception <a 'sun/nio/fs/WindowsException'{0x000000008f3d3758}> (0x000000008f3d3758) thrown at [./src/hotspot/share/prims/jni.cpp, line 615]
Event: 52.769 Thread 0x0000020dbb53c800 Exception <a 'sun/nio/fs/WindowsException'{0x000000008f2c1c00}> (0x000000008f2c1c00) thrown at [./src/hotspot/share/prims/jni.cpp, line 615]
Event: 52.771 Thread 0x0000020dbb53c800 Exception <a 'sun/nio/fs/WindowsException'{0x000000008f2cceb0}> (0x000000008f2cceb0) thrown at [./src/hotspot/share/prims/jni.cpp, line 615]
Event: 52.774 Thread 0x0000020dbb53c800 Exception <a 'sun/nio/fs/WindowsException'{0x000000008f2d7fd0}> (0x000000008f2d7fd0) thrown at [./src/hotspot/share/prims/jni.cpp, line 615]
Event: 52.775 Thread 0x0000020dbb53c800 Exception <a 'sun/nio/fs/WindowsException'{0x000000008f1c2a90}> (0x000000008f1c2a90) thrown at [./src/hotspot/share/prims/jni.cpp, line 615]
Event: 52.778 Thread 0x0000020dbb53c800 Exception <a 'sun/nio/fs/WindowsException'{0x000000008f1cfc58}> (0x000000008f1cfc58) thrown at [./src/hotspot/share/prims/jni.cpp, line 615]
Event: 52.780 Thread 0x0000020dbb53c800 Exception <a 'sun/nio/fs/WindowsException'{0x000000008f1d68b0}> (0x000000008f1d68b0) thrown at [./src/hotspot/share/prims/jni.cpp, line 615]
Event: 52.781 Thread 0x0000020dbb53c800 Exception <a 'sun/nio/fs/WindowsException'{0x000000008f1dd758}> (0x000000008f1dd758) thrown at [./src/hotspot/share/prims/jni.cpp, line 615]
Event: 52.784 Thread 0x0000020dbb53c800 Exception <a 'sun/nio/fs/WindowsException'{0x000000008f0cf6c8}> (0x000000008f0cf6c8) thrown at [./src/hotspot/share/prims/jni.cpp, line 615]
Event: 52.785 Thread 0x0000020dbb53c800 Exception <a 'sun/nio/fs/WindowsException'{0x000000008f0d76b8}> (0x000000008f0d76b8) thrown at [./src/hotspot/share/prims/jni.cpp, line 615]
Event: 52.788 Thread 0x0000020dbb53c800 Exception <a 'sun/nio/fs/WindowsException'{0x000000008efcec00}> (0x000000008efcec00) thrown at [./src/hotspot/share/prims/jni.cpp, line 615]
Event: 52.790 Thread 0x0000020dbb53c800 Exception <a 'sun/nio/fs/WindowsException'{0x000000008efd7460}> (0x000000008efd7460) thrown at [./src/hotspot/share/prims/jni.cpp, line 615]
Event: 52.840 Thread 0x0000020db6438800 Exception <a 'java/lang/NoSuchMethodError'{0x000000008eb4a068}: <clinit>> (0x000000008eb4a068) thrown at [./src/hotspot/share/prims/jni.cpp, line 1362]
Event: 52.945 Thread 0x0000020dbb53f000 Exception <a 'sun/nio/fs/WindowsException'{0x000000008d64d658}> (0x000000008d64d658) thrown at [./src/hotspot/share/prims/jni.cpp, line 615]
Event: 52.945 Thread 0x0000020dbb543000 Exception <a 'sun/nio/fs/WindowsException'{0x000000008d6224b8}> (0x000000008d6224b8) thrown at [./src/hotspot/share/prims/jni.cpp, line 615]
Event: 52.946 Thread 0x0000020dbb541800 Exception <a 'sun/nio/fs/WindowsException'{0x000000008d69ef10}> (0x000000008d69ef10) thrown at [./src/hotspot/share/prims/jni.cpp, line 615]
Event: 52.946 Thread 0x0000020dbb544000 Exception <a 'sun/nio/fs/WindowsException'{0x000000008d6da9b0}> (0x000000008d6da9b0) thrown at [./src/hotspot/share/prims/jni.cpp, line 615]
Event: 52.951 Thread 0x0000020dbb53c800 Exception <a 'sun/nio/fs/WindowsException'{0x000000008d7af7d0}> (0x000000008d7af7d0) thrown at [./src/hotspot/share/prims/jni.cpp, line 615]
Event: 52.951 Thread 0x0000020dbb53e000 Exception <a 'sun/nio/fs/WindowsException'{0x000000008d5950d8}> (0x000000008d5950d8) thrown at [./src/hotspot/share/prims/jni.cpp, line 615]

Events (20 events):
Event: 52.959 loading class com/android/tools/r8/shaking/E1 done
Event: 52.960 loading class com/android/tools/r8/shaking/D1$a
Event: 52.960 loading class com/android/tools/r8/shaking/D1$a done
Event: 52.960 loading class com/android/tools/r8/shaking/G1
Event: 52.960 loading class com/android/tools/r8/shaking/G1 done
Event: 52.961 loading class com/android/tools/r8/shaking/F1
Event: 52.961 loading class com/android/tools/r8/shaking/F1 done
Event: 52.961 loading class com/android/tools/r8/shaking/f1$d
Event: 52.961 loading class com/android/tools/r8/shaking/f1$d done
Event: 52.964 loading class com/android/tools/r8/shaking/a1$a
Event: 52.964 loading class com/android/tools/r8/shaking/a1$a done
Event: 52.964 loading class com/android/tools/r8/shaking/s1$b
Event: 52.964 loading class com/android/tools/r8/shaking/s1$b done
Event: 52.964 loading class com/android/tools/r8/shaking/t1$a
Event: 52.964 loading class com/android/tools/r8/shaking/t1$a done
Event: 52.966 loading class com/android/tools/r8/shaking/U
Event: 52.966 loading class com/android/tools/r8/shaking/U done
Event: 52.966 loading class com/android/tools/r8/shaking/N1
Event: 52.966 loading class com/android/tools/r8/shaking/N1 done
Event: 52.966 Executing VM operation: G1CollectForAllocation


Dynamic libraries:
0x00007ff6bfce0000 - 0x00007ff6bfcea000 	D:\Program Files\Android\jre\bin\java.exe
0x00007ff978580000 - 0x00007ff978770000 	C:\Windows\SYSTEM32\ntdll.dll
0x00007ff978200000 - 0x00007ff9782b2000 	C:\Windows\System32\KERNEL32.DLL
0x00007ff975880000 - 0x00007ff975b23000 	C:\Windows\System32\KERNELBASE.dll
0x00007ff9755e0000 - 0x00007ff9756da000 	C:\Windows\System32\ucrtbase.dll
0x00007ff96f8b0000 - 0x00007ff96f8c9000 	D:\Program Files\Android\jre\bin\jli.dll
0x00007ff96f890000 - 0x00007ff96f8a7000 	D:\Program Files\Android\jre\bin\VCRUNTIME140.dll
0x00007ff9772a0000 - 0x00007ff977434000 	C:\Windows\System32\USER32.dll
0x00007ff976640000 - 0x00007ff976661000 	C:\Windows\System32\win32u.dll
0x00007ff9630c0000 - 0x00007ff963345000 	C:\Windows\WinSxS\amd64_microsoft.windows.common-controls_6595b64144ccf1df_6.0.18362.535_none_e6c3b34713100821\COMCTL32.dll
0x00007ff9769d0000 - 0x00007ff9769f6000 	C:\Windows\System32\GDI32.dll
0x00007ff978330000 - 0x00007ff9783ce000 	C:\Windows\System32\msvcrt.dll
0x00007ff975b30000 - 0x00007ff975cc4000 	C:\Windows\System32\gdi32full.dll
0x00007ff9774c0000 - 0x00007ff9777f6000 	C:\Windows\System32\combase.dll
0x00007ff9765a0000 - 0x00007ff97663e000 	C:\Windows\System32\msvcp_win.dll
0x00007ff976720000 - 0x00007ff976840000 	C:\Windows\System32\RPCRT4.dll
0x00007ff976500000 - 0x00007ff976580000 	C:\Windows\System32\bcryptPrimitives.dll
0x00007ff978170000 - 0x00007ff97819e000 	C:\Windows\System32\IMM32.DLL
0x00007ff96e010000 - 0x00007ff96e0ad000 	D:\Program Files\Android\jre\bin\msvcp140.dll
0x00007ff946420000 - 0x00007ff946eef000 	D:\Program Files\Android\jre\bin\server\jvm.dll
0x00007ff9780c0000 - 0x00007ff978163000 	C:\Windows\System32\ADVAPI32.dll
0x00007ff976860000 - 0x00007ff9768f7000 	C:\Windows\System32\sechost.dll
0x00007ff9774b0000 - 0x00007ff9774b8000 	C:\Windows\System32\PSAPI.DLL
0x00007ff971970000 - 0x00007ff971979000 	C:\Windows\SYSTEM32\WSOCK32.dll
0x00007ff972c30000 - 0x00007ff972c54000 	C:\Windows\SYSTEM32\WINMM.dll
0x00007ff96e380000 - 0x00007ff96e38a000 	C:\Windows\SYSTEM32\VERSION.dll
0x00007ff977440000 - 0x00007ff9774af000 	C:\Windows\System32\WS2_32.dll
0x00007ff972c00000 - 0x00007ff972c2d000 	C:\Windows\SYSTEM32\WINMMBASE.dll
0x00007ff975830000 - 0x00007ff97587a000 	C:\Windows\System32\cfgmgr32.dll
0x00007ff975530000 - 0x00007ff975541000 	C:\Windows\System32\kernel.appcore.dll
0x00007ff971850000 - 0x00007ff971861000 	D:\Program Files\Android\jre\bin\verify.dll
0x00007ff973db0000 - 0x00007ff973fa4000 	C:\Windows\SYSTEM32\DBGHELP.DLL
0x00007ff95f230000 - 0x00007ff95f25a000 	C:\Windows\SYSTEM32\dbgcore.DLL
0x00007ff970bd0000 - 0x00007ff970bf9000 	D:\Program Files\Android\jre\bin\java.dll
0x00007ff9718e0000 - 0x00007ff9718eb000 	D:\Program Files\Android\jre\bin\jimage.dll
0x00007ff971470000 - 0x00007ff971488000 	D:\Program Files\Android\jre\bin\zip.dll
0x00007ff977800000 - 0x00007ff977ee5000 	C:\Windows\System32\SHELL32.dll
0x00007ff976670000 - 0x00007ff976719000 	C:\Windows\System32\shcore.dll
0x00007ff975cd0000 - 0x00007ff97644f000 	C:\Windows\System32\windows.storage.dll
0x00007ff975510000 - 0x00007ff97552f000 	C:\Windows\System32\profapi.dll
0x00007ff9754c0000 - 0x00007ff97550a000 	C:\Windows\System32\powrprof.dll
0x00007ff975490000 - 0x00007ff9754a0000 	C:\Windows\System32\UMPDC.dll
0x00007ff9770e0000 - 0x00007ff977132000 	C:\Windows\System32\shlwapi.dll
0x00007ff976580000 - 0x00007ff976597000 	C:\Windows\System32\cryptsp.dll
0x00007ff970bb0000 - 0x00007ff970bca000 	D:\Program Files\Android\jre\bin\net.dll
0x00007ff965690000 - 0x00007ff965780000 	C:\Windows\SYSTEM32\WINHTTP.dll
0x00007ff974d00000 - 0x00007ff974d67000 	C:\Windows\system32\mswsock.dll
0x00007ff970b90000 - 0x00007ff970ba4000 	D:\Program Files\Android\jre\bin\nio.dll
0x00007ff96f950000 - 0x00007ff96f977000 	D:\ProgramsfilesD\Android\Sdk\native\8bec1ad78214c89d9ad589b4d07fe93259594b29d510b10fafb7a158f7737e5d\windows-amd64\native-platform.dll
0x00007ff96f740000 - 0x00007ff96f87d000 	D:\ProgramsfilesD\Android\Sdk\native\53dbd7edfb1c66fb8903c78663c9afc45aea4f116125fa6feffd364cf09443e8\windows-amd64\native-platform-file-events.dll
0x00007ff970b80000 - 0x00007ff970b8a000 	D:\Program Files\Android\jre\bin\management.dll
0x00007ff970b70000 - 0x00007ff970b7c000 	D:\Program Files\Android\jre\bin\management_ext.dll
0x00007ff974870000 - 0x00007ff9748a3000 	C:\Windows\system32\rsaenh.dll
0x00007ff9755b0000 - 0x00007ff9755d6000 	C:\Windows\System32\bcrypt.dll
0x00007ff975380000 - 0x00007ff9753a5000 	C:\Windows\SYSTEM32\USERENV.dll
0x00007ff974ed0000 - 0x00007ff974edc000 	C:\Windows\SYSTEM32\CRYPTBASE.dll
0x00007ff974a10000 - 0x00007ff974a4a000 	C:\Windows\SYSTEM32\IPHLPAPI.DLL
0x00007ff978320000 - 0x00007ff978328000 	C:\Windows\System32\NSI.dll
0x00007ff96ac70000 - 0x00007ff96ac86000 	C:\Windows\SYSTEM32\dhcpcsvc6.DLL
0x00007ff96b830000 - 0x00007ff96b84c000 	C:\Windows\SYSTEM32\dhcpcsvc.DLL
0x00007ff974a50000 - 0x00007ff974b1a000 	C:\Windows\SYSTEM32\DNSAPI.dll
0x00007ff96f930000 - 0x00007ff96f94e000 	C:\Temp\native-platform16094882800458593666dir\native-platform.dll
0x00007ff970050000 - 0x00007ff970058000 	D:\Program Files\Android\jre\bin\rmi.dll
0x00007ff952fa0000 - 0x00007ff952fb6000 	C:\Windows\system32\napinsp.dll
0x00007ff952f80000 - 0x00007ff952f9a000 	C:\Windows\system32\pnrpnsp.dll
0x00007ff952f70000 - 0x00007ff952f7e000 	C:\Windows\System32\winrnr.dll
0x00007ff971780000 - 0x00007ff97179c000 	C:\Windows\system32\NLAapi.dll
0x00007ff970dd0000 - 0x00007ff970de5000 	C:\Windows\system32\wshbth.dll
0x0000000063560000 - 0x0000000063569000 	C:\Program Files\National Instruments\Shared\mDNS Responder\nimdnsNSP.dll
0x0000000063550000 - 0x000000006355e000 	C:\Windows\SYSTEM32\nimdnsResponder.dll
0x0000000053ec0000 - 0x0000000053f63000 	C:\Windows\WinSxS\amd64_microsoft.vc90.crt_1fc8b3b9a1e18e3b_9.0.30729.9619_none_08e065a3a84109b0\MSVCR90.dll
0x00007ff96e340000 - 0x00007ff96e34a000 	C:\Windows\System32\rasadhlp.dll
0x00007ff968240000 - 0x00007ff9682b7000 	C:\Windows\System32\fwpuclnt.dll
0x00007ff9744f0000 - 0x00007ff974521000 	C:\Windows\SYSTEM32\ntmarta.dll

dbghelp: loaded successfully - version: 4.0.5 - missing functions: none
symbol engine: initialized successfully - sym options: 0x614 - pdb path: .;D:\Program Files\Android\jre\bin;C:\Windows\SYSTEM32;C:\Windows\WinSxS\amd64_microsoft.windows.common-controls_6595b64144ccf1df_6.0.18362.535_none_e6c3b34713100821;D:\Program Files\Android\jre\bin\server;D:\ProgramsfilesD\Android\Sdk\native\8bec1ad78214c89d9ad589b4d07fe93259594b29d510b10fafb7a158f7737e5d\windows-amd64;D:\ProgramsfilesD\Android\Sdk\native\53dbd7edfb1c66fb8903c78663c9afc45aea4f116125fa6feffd364cf09443e8\windows-amd64;C:\Temp\native-platform16094882800458593666dir;C:\Program Files\National Instruments\Shared\mDNS Responder;C:\Windows\WinSxS\amd64_microsoft.vc90.crt_1fc8b3b9a1e18e3b_9.0.30729.9619_none_08e065a3a84109b0

VM Arguments:
jvm_args: --add-opens=java.base/java.util=ALL-UNNAMED --add-opens=java.base/java.lang=ALL-UNNAMED --add-opens=java.base/java.lang.invoke=ALL-UNNAMED --add-opens=java.base/java.util=ALL-UNNAMED --add-opens=java.prefs/java.util.prefs=ALL-UNNAMED --add-opens=java.prefs/java.util.prefs=ALL-UNNAMED --add-opens=java.base/java.nio.charset=ALL-UNNAMED --add-opens=java.base/java.net=ALL-UNNAMED --add-opens=java.base/java.util.concurrent.atomic=ALL-UNNAMED -Xmx2048m -Dfile.encoding=UTF-8 -Duser.country=RU -Duser.language=ru -Duser.variant 
java_command: org.gradle.launcher.daemon.bootstrap.GradleDaemon 7.0.2
java_class_path (initial): D:\ProgramsfilesD\Android\Sdk\wrapper\dists\gradle-7.0.2-bin\857tjihv64xamwrf0h14cai3r\gradle-7.0.2\lib\gradle-launcher-7.0.2.jar
Launcher Type: SUN_STANDARD

[Global flags]
     intx CICompilerCount                          = 4                                         {product} {ergonomic}
     uint ConcGCThreads                            = 2                                         {product} {ergonomic}
     uint G1ConcRefinementThreads                  = 8                                         {product} {ergonomic}
   size_t G1HeapRegionSize                         = 1048576                                   {product} {ergonomic}
    uintx GCDrainStackTargetSize                   = 64                                        {product} {ergonomic}
   size_t InitialHeapSize                          = 132120576                                 {product} {ergonomic}
   size_t MarkStackSize                            = 4194304                                   {product} {ergonomic}
   size_t MaxHeapSize                              = 2147483648                                {product} {command line}
   size_t MaxNewSize                               = 1287651328                                {product} {ergonomic}
   size_t MinHeapDeltaBytes                        = 1048576                                   {product} {ergonomic}
    uintx NonNMethodCodeHeapSize                   = 5836300                                {pd product} {ergonomic}
    uintx NonProfiledCodeHeapSize                  = 122910970                              {pd product} {ergonomic}
    uintx ProfiledCodeHeapSize                     = 122910970                              {pd product} {ergonomic}
    uintx ReservedCodeCacheSize                    = 251658240                              {pd product} {ergonomic}
     bool SegmentedCodeCache                       = true                                      {product} {ergonomic}
     bool UseCompressedClassPointers               = true                                 {lp64_product} {ergonomic}
     bool UseCompressedOops                        = true                                 {lp64_product} {ergonomic}
     bool UseG1GC                                  = true                                      {product} {ergonomic}
     bool UseLargePagesIndividualAllocation        = false                                  {pd product} {ergonomic}

Logging:
Log output configuration:
 #0: stdout all=warning uptime,level,tags
 #1: stderr all=off uptime,level,tags

Environment Variables:
JAVA_HOME=D:\Program Files\Java
PATH=C:\PROGRA~2\Borland\CBUILD~1\Bin;C:\PROGRA~2\Borland\CBUILD~1\Projects\Bpl;C:\Program Files\Common Files\Oracle\Java\javapath;C:\Windows\system32;C:\Windows;C:\Windows\System32\Wbem;C:\Windows\System32\WindowsPowerShell\v1.0\;C:\Program Files (x86)\NVIDIA Corporation\PhysX\Common;C:\Program Files\NVIDIA Corporation\NVIDIA NvDLISR;C:\Program Files\Microsoft\Web Platform Installer\;C:\Program Files (x86)\Microsoft ASP.NET\ASP.NET Web Pages\v1.0\;C:\Program Files\Microsoft SQL Server\110\Tools\Binn\;C:\Program Files (x86)\IncrediBuild;C:\Program Files\Git\cmd;C:\Users\asus\AppData\Local\Microsoft\WindowsApps;;D:\Program Files\JetBrains\IntelliJ IDEA Community Edition 2020.3\bin;
USERNAME=asus
OS=Windows_NT
PROCESSOR_IDENTIFIER=Intel64 Family 6 Model 126 Stepping 5, GenuineIntel



---------------  S Y S T E M  ---------------

OS: Windows 10 , 64 bit Build 18362 (10.0.18362.329)
OS uptime: 0 days 2:18 hours

CPU:total 8 (initial active 8) (4 cores per cpu, 2 threads per core) family 6 model 126 stepping 5 microcode 0x96, cmov, cx8, fxsr, mmx, sse, sse2, sse3, ssse3, sse4.1, sse4.2, popcnt, avx, avx2, aes, clmul, erms, 3dnowpref, lzcnt, ht, tsc, tscinvbit, bmi1, bmi2, adx, evex, sha, fma

Memory: 4k page, system-wide physical 7997M (850M free)
TotalPageFile size 7997M (AvailPageFile size 34M)
current process WorkingSet (physical memory assigned to process): 592M, peak: 610M
current process commit charge ("private bytes"): 649M, peak: 720M

vm_info: OpenJDK 64-Bit Server VM (11.0.10+0-b96-7249189) for windows-amd64 JRE (11.0.10+0-b96-7249189), built on Mar 31 2021 21:44:00 by "builder" with MS VC++ 14.0 (VS2015)

END.
