#
# There is insufficient memory for the Java Runtime Environment to continue.
# Native memory allocation (malloc) failed to allocate 40976 bytes for Chunk::new
# Possible reasons:
#   The system is out of physical RAM or swap space
#   The process is running with CompressedOops enabled, and the Java Heap may be blocking the growth of the native heap
# Possible solutions:
#   Reduce memory load on the system
#   Increase physical memory or swap space
#   Check if swap backing store is full
#   Decrease Java heap size (-Xmx/-Xms)
#   Decrease number of Java threads
#   Decrease Java thread stack sizes (-Xss)
#   Set larger code cache with -XX:ReservedCodeCacheSize=
#   JVM is running with Unscaled Compressed Oops mode in which the Java heap is
#     placed in the first 4GB address space. The Java Heap base address is the
#     maximum limit for the native heap growth. Please use -XX:HeapBaseMinAddress
#     to set the Java Heap base and to place the Java Heap above 4GB virtual address.
# This output file may be truncated or incomplete.
#
#  Out of Memory Error (./src/hotspot/share/memory/arena.cpp:197), pid=3556, tid=8912
#
# JRE version: OpenJDK Runtime Environment (11.0.10) (build 11.0.10+0-b96-7249189)
# Java VM: OpenJDK 64-Bit Server VM (11.0.10+0-b96-7249189, mixed mode, tiered, compressed oops, g1 gc, windows-amd64)
# No core dump will be written. Minidumps are not enabled by default on client versions of Windows
#

---------------  S U M M A R Y ------------

Command Line: --add-opens=java.base/java.util=ALL-UNNAMED --add-opens=java.base/java.lang=ALL-UNNAMED --add-opens=java.base/java.lang.invoke=ALL-UNNAMED --add-opens=java.base/java.util=ALL-UNNAMED --add-opens=java.prefs/java.util.prefs=ALL-UNNAMED --add-opens=java.prefs/java.util.prefs=ALL-UNNAMED --add-opens=java.base/java.nio.charset=ALL-UNNAMED --add-opens=java.base/java.net=ALL-UNNAMED --add-opens=java.base/java.util.concurrent.atomic=ALL-UNNAMED -Xmx2048m -Dfile.encoding=UTF-8 -Duser.country=RU -Duser.language=ru -Duser.variant org.gradle.launcher.daemon.bootstrap.GradleDaemon 7.0.2

Host: Intel(R) Core(TM) i7-1065G7 CPU @ 1.30GHz, 8 cores, 7G,  Windows 10 , 64 bit Build 18362 (10.0.18362.329)
Time: Fri Dec 17 01:15:51 2021 Caiaaiay Acey (ceia) elapsed time: 43.522645 seconds (0d 0h 0m 43s)

---------------  T H R E A D  ---------------

Current thread (0x0000021ef79c6000):  JavaThread "C2 CompilerThread0" daemon [_thread_in_native, id=8912, stack(0x0000004ccee00000,0x0000004ccef00000)]


Current CompileTask:
C2:  43522 15418       4       org.gradle.internal.logging.text.AbstractLineChoppingStyledTextOutput$1::execute (9 bytes)

Stack: [0x0000004ccee00000,0x0000004ccef00000]
Native frames: (J=compiled Java code, j=interpreted, Vv=VM code, C=native code)
V  [jvm.dll+0x5ecfaa]
V  [jvm.dll+0x722bd5]
V  [jvm.dll+0x72412d]
V  [jvm.dll+0x7247e3]
V  [jvm.dll+0x242928]
V  [jvm.dll+0xbc4fc]
V  [jvm.dll+0xbca0c]
V  [jvm.dll+0x352d7d]
V  [jvm.dll+0x197e0c]
V  [jvm.dll+0x1fb70e]
V  [jvm.dll+0x1fa7f4]
V  [jvm.dll+0x18354c]
V  [jvm.dll+0x208ee7]
V  [jvm.dll+0x207731]
V  [jvm.dll+0x6eb1cf]
V  [jvm.dll+0x6e3d45]
V  [jvm.dll+0x5ebe96]
C  [ucrtbase.dll+0x20e72]
C  [KERNEL32.DLL+0x17bd4]
C  [ntdll.dll+0x6ced1]


---------------  P R O C E S S  ---------------

Threads class SMR info:
_java_thread_list=0x0000021e83b01b80, length=69, elements={
0x0000021edd51d000, 0x0000021ef81d1800, 0x0000021ef81d5000, 0x0000021ef79bc000,
0x0000021ef79c1800, 0x0000021ef79c2800, 0x0000021ef79c6000, 0x0000021ef821f800,
0x0000021ef8222800, 0x0000021ef838e000, 0x0000021efa54f800, 0x0000021efaa4c800,
0x0000021efaebf000, 0x0000021efb2d5800, 0x0000021ef9cc9000, 0x0000021efa694000,
0x0000021ef9823800, 0x0000021ef943b800, 0x0000021ef9df6000, 0x0000021efb2f7800,
0x0000021efb2fa000, 0x0000021efb2f6800, 0x0000021efb2f5000, 0x0000021efb2f4000,
0x0000021efb2f6000, 0x0000021efb2f8000, 0x0000021efb2f9000, 0x0000021efb2fa800,
0x0000021efb9ec800, 0x0000021efb9e9800, 0x0000021efb9ea800, 0x0000021efb9ee800,
0x0000021efb9eb000, 0x0000021efb9f2800, 0x0000021efb9f3800, 0x0000021efb9f4000,
0x0000021efb9f0000, 0x0000021efb9f5000, 0x0000021efb9f1000, 0x0000021efb9ef000,
0x0000021efb9f5800, 0x0000021efb9f6800, 0x0000021efb9f7800, 0x0000021ef93ef000,
0x0000021ef93f3000, 0x0000021ef93f3800, 0x0000021ef93f5800, 0x0000021ef93f1000,
0x0000021ef93f2000, 0x0000021ef93ef800, 0x0000021ef93f0800, 0x0000021e80a67800,
0x0000021e80a68000, 0x0000021e80a69000, 0x0000021e80a69800, 0x0000021e80a65000,
0x0000021e80a65800, 0x0000021e80a64000, 0x0000021e80a6f800, 0x0000021e80a70000,
0x0000021e80a6e000, 0x0000021e80a6d000, 0x0000021e80a6b800, 0x0000021e80a72800,
0x0000021ef9a4a000, 0x0000021ef9a49000, 0x0000021ef9a45000, 0x0000021ef9a48000,
0x0000021ef9a4a800
}

Java Threads: ( => current thread )
  0x0000021edd51d000 JavaThread "main" [_thread_blocked, id=7808, stack(0x0000004cce200000,0x0000004cce300000)]
  0x0000021ef81d1800 JavaThread "Reference Handler" daemon [_thread_blocked, id=11540, stack(0x0000004cce900000,0x0000004ccea00000)]
  0x0000021ef81d5000 JavaThread "Finalizer" daemon [_thread_blocked, id=8524, stack(0x0000004ccea00000,0x0000004cceb00000)]
  0x0000021ef79bc000 JavaThread "Signal Dispatcher" daemon [_thread_blocked, id=6832, stack(0x0000004cceb00000,0x0000004ccec00000)]
  0x0000021ef79c1800 JavaThread "Attach Listener" daemon [_thread_blocked, id=1684, stack(0x0000004ccec00000,0x0000004cced00000)]
  0x0000021ef79c2800 JavaThread "Service Thread" daemon [_thread_blocked, id=3116, stack(0x0000004cced00000,0x0000004ccee00000)]
=>0x0000021ef79c6000 JavaThread "C2 CompilerThread0" daemon [_thread_in_native, id=8912, stack(0x0000004ccee00000,0x0000004ccef00000)]
  0x0000021ef821f800 JavaThread "C1 CompilerThread0" daemon [_thread_blocked, id=1824, stack(0x0000004ccef00000,0x0000004ccf000000)]
  0x0000021ef8222800 JavaThread "Sweeper thread" daemon [_thread_blocked, id=7964, stack(0x0000004ccf000000,0x0000004ccf100000)]
  0x0000021ef838e000 JavaThread "Common-Cleaner" daemon [_thread_blocked, id=2036, stack(0x0000004ccf100000,0x0000004ccf200000)]
  0x0000021efa54f800 JavaThread "Daemon health stats" [_thread_blocked, id=11924, stack(0x0000004ccf700000,0x0000004ccf800000)]
  0x0000021efaa4c800 JavaThread "Incoming local TCP Connector on port 60437" [_thread_in_native, id=11940, stack(0x0000004ccf800000,0x0000004ccf900000)]
  0x0000021efaebf000 JavaThread "Daemon periodic checks" [_thread_blocked, id=880, stack(0x0000004ccf900000,0x0000004ccfa00000)]
  0x0000021efb2d5800 JavaThread "Daemon" [_thread_blocked, id=2944, stack(0x0000004ccfa00000,0x0000004ccfb00000)]
  0x0000021ef9cc9000 JavaThread "Handler for socket connection from /127.0.0.1:60437 to /127.0.0.1:60438" [_thread_in_native, id=6152, stack(0x0000004ccfb00000,0x0000004ccfc00000)]
  0x0000021efa694000 JavaThread "Cancel handler" [_thread_blocked, id=9028, stack(0x0000004ccfc00000,0x0000004ccfd00000)]
  0x0000021ef9823800 JavaThread "Daemon worker" [_thread_blocked, id=6608, stack(0x0000004ccfd00000,0x0000004ccfe00000)]
  0x0000021ef943b800 JavaThread "Asynchronous log dispatcher for DefaultDaemonConnection: socket connection from /127.0.0.1:60437 to /127.0.0.1:60438" [_thread_blocked, id=9256, stack(0x0000004ccfe00000,0x0000004ccff00000)]
  0x0000021ef9df6000 JavaThread "Stdin handler" [_thread_blocked, id=5848, stack(0x0000004ccff00000,0x0000004cd0000000)]
  0x0000021efb2f7800 JavaThread "Daemon client event forwarder" [_thread_blocked, id=1996, stack(0x0000004cd0000000,0x0000004cd0100000)]
  0x0000021efb2fa000 JavaThread "Cache worker for file hash cache (D:\ProgramsfilesD\Android\Sdk\caches\7.0.2\fileHashes)" [_thread_blocked, id=11692, stack(0x0000004ccf400000,0x0000004ccf500000)]
  0x0000021efb2f6800 JavaThread "File lock request listener" [_thread_in_native, id=7012, stack(0x0000004cd0600000,0x0000004cd0700000)]
  0x0000021efb2f5000 JavaThread "Cache worker for journal cache (D:\ProgramsfilesD\Android\Sdk\caches\journal-1)" [_thread_blocked, id=4940, stack(0x0000004cd0800000,0x0000004cd0900000)]
  0x0000021efb2f4000 JavaThread "Cache worker for file hash cache (D:\InfoAppDemo\.gradle\7.0.2\fileHashes)" [_thread_blocked, id=10460, stack(0x0000004cd0900000,0x0000004cd0a00000)]
  0x0000021efb2f6000 JavaThread "File watcher server" daemon [_thread_in_native, id=1936, stack(0x0000004cd0a00000,0x0000004cd0b00000)]
  0x0000021efb2f8000 JavaThread "File watcher consumer" daemon [_thread_blocked, id=3152, stack(0x0000004cd0b00000,0x0000004cd0c00000)]
  0x0000021efb2f9000 JavaThread "Cache worker for checksums cache (D:\InfoAppDemo\.gradle\checksums)" [_thread_blocked, id=4392, stack(0x0000004cd0c00000,0x0000004cd0d00000)]
  0x0000021efb2fa800 JavaThread "Cache worker for cache directory md-supplier (D:\ProgramsfilesD\Android\Sdk\caches\7.0.2\md-supplier)" [_thread_blocked, id=6776, stack(0x0000004cd0d00000,0x0000004cd0e00000)]
  0x0000021efb9ec800 JavaThread "Cache worker for cache directory md-rule (D:\ProgramsfilesD\Android\Sdk\caches\7.0.2\md-rule)" [_thread_blocked, id=11140, stack(0x0000004cd0e00000,0x0000004cd0f00000)]
  0x0000021efb9e9800 JavaThread "Cache worker for execution history cache (D:\ProgramsfilesD\Android\Sdk\caches\7.0.2\executionHistory)" [_thread_blocked, id=8820, stack(0x0000004cd0f00000,0x0000004cd1000000)]
  0x0000021efb9ea800 JavaThread "jar transforms" [_thread_blocked, id=1864, stack(0x0000004cd1100000,0x0000004cd1200000)]
  0x0000021efb9ee800 JavaThread "jar transforms Thread 2" [_thread_blocked, id=11680, stack(0x0000004cd1200000,0x0000004cd1300000)]
  0x0000021efb9eb000 JavaThread "Cache worker for file content cache (D:\ProgramsfilesD\Android\Sdk\caches\7.0.2\fileContent)" [_thread_blocked, id=10772, stack(0x0000004cd1300000,0x0000004cd1400000)]
  0x0000021efb9f2800 JavaThread "Cache worker for dependencies-accessors (D:\InfoAppDemo\.gradle\7.0.2\dependencies-accessors)" [_thread_blocked, id=2228, stack(0x0000004cd1400000,0x0000004cd1500000)]
  0x0000021efb9f3800 JavaThread "jar transforms Thread 3" [_thread_blocked, id=3348, stack(0x0000004cd1500000,0x0000004cd1600000)]
  0x0000021efb9f4000 JavaThread "Cache worker for Build Output Cleanup Cache (D:\InfoAppDemo\.gradle\buildOutputCleanup)" [_thread_blocked, id=7924, stack(0x0000004cd1600000,0x0000004cd1700000)]
  0x0000021efb9f0000 JavaThread "Build operations" [_thread_blocked, id=7668, stack(0x0000004cd1700000,0x0000004cd1800000)]
  0x0000021efb9f5000 JavaThread "Build operations Thread 2" [_thread_blocked, id=5076, stack(0x0000004cd1800000,0x0000004cd1900000)]
  0x0000021efb9f1000 JavaThread "Build operations Thread 3" [_thread_blocked, id=11068, stack(0x0000004cd1900000,0x0000004cd1a00000)]
  0x0000021efb9ef000 JavaThread "Build operations Thread 4" [_thread_blocked, id=10948, stack(0x0000004cd1a00000,0x0000004cd1b00000)]
  0x0000021efb9f5800 JavaThread "Build operations Thread 5" [_thread_blocked, id=10848, stack(0x0000004cd1b00000,0x0000004cd1c00000)]
  0x0000021efb9f6800 JavaThread "Build operations Thread 6" [_thread_blocked, id=2448, stack(0x0000004cd1c00000,0x0000004cd1d00000)]
  0x0000021efb9f7800 JavaThread "Build operations Thread 7" [_thread_blocked, id=8116, stack(0x0000004cd1d00000,0x0000004cd1e00000)]
  0x0000021ef93ef000 JavaThread "Build operations Thread 8" [_thread_blocked, id=6356, stack(0x0000004cd1e00000,0x0000004cd1f00000)]
  0x0000021ef93f3000 JavaThread "jar transforms Thread 4" [_thread_blocked, id=11772, stack(0x0000004cd1f00000,0x0000004cd2000000)]
  0x0000021ef93f3800 JavaThread "jar transforms Thread 5" [_thread_blocked, id=2532, stack(0x0000004cd2000000,0x0000004cd2100000)]
  0x0000021ef93f5800 JavaThread "jar transforms Thread 6" [_thread_blocked, id=11756, stack(0x0000004cd2100000,0x0000004cd2200000)]
  0x0000021ef93f1000 JavaThread "jar transforms Thread 7" [_thread_blocked, id=8284, stack(0x0000004cd2200000,0x0000004cd2300000)]
  0x0000021ef93f2000 JavaThread "jar transforms Thread 8" [_thread_blocked, id=2000, stack(0x0000004cd2300000,0x0000004cd2400000)]
  0x0000021ef93ef800 JavaThread "Memory manager" [_thread_blocked, id=9264, stack(0x0000004cd2400000,0x0000004cd2500000)]
  0x0000021ef93f0800 JavaThread "build event listener" [_thread_blocked, id=8140, stack(0x0000004cd2500000,0x0000004cd2600000)]
  0x0000021e80a67800 JavaThread "build event listener" [_thread_blocked, id=9332, stack(0x0000004cd2600000,0x0000004cd2700000)]
  0x0000021e80a68000 JavaThread "Execution worker for ':'" [_thread_in_native, id=11824, stack(0x0000004cd2700000,0x0000004cd2800000)]
  0x0000021e80a69000 JavaThread "Execution worker for ':' Thread 2" [_thread_blocked, id=1952, stack(0x0000004cd2800000,0x0000004cd2900000)]
  0x0000021e80a69800 JavaThread "Execution worker for ':' Thread 3" [_thread_blocked, id=11708, stack(0x0000004cd2900000,0x0000004cd2a00000)]
  0x0000021e80a65000 JavaThread "Execution worker for ':' Thread 4" [_thread_blocked, id=5032, stack(0x0000004cd2a00000,0x0000004cd2b00000)]
  0x0000021e80a65800 JavaThread "Execution worker for ':' Thread 5" [_thread_blocked, id=1112, stack(0x0000004cd2b00000,0x0000004cd2c00000)]
  0x0000021e80a64000 JavaThread "Execution worker for ':' Thread 6" [_thread_blocked, id=9052, stack(0x0000004cd2c00000,0x0000004cd2d00000)]
  0x0000021e80a6f800 JavaThread "Execution worker for ':' Thread 7" [_thread_blocked, id=2088, stack(0x0000004cd2d00000,0x0000004cd2e00000)]
  0x0000021e80a70000 JavaThread "Cache worker for execution history cache (D:\InfoAppDemo\.gradle\7.0.2\executionHistory)" [_thread_blocked, id=10888, stack(0x0000004cd2e00000,0x0000004cd2f00000)]
  0x0000021e80a6e000 JavaThread "RMI Scheduler(0)" daemon [_thread_blocked, id=9488, stack(0x0000004ccf300000,0x0000004ccf400000)]
  0x0000021e80a6d000 JavaThread "RMI GC Daemon" daemon [_thread_blocked, id=11460, stack(0x0000004cd2f00000,0x0000004cd3000000)]
  0x0000021e80a6b800 JavaThread "RMI TCP Accept-0" daemon [_thread_in_native, id=7248, stack(0x0000004cd3100000,0x0000004cd3200000)]
  0x0000021e80a72800 JavaThread "RMI Reaper" [_thread_blocked, id=3604, stack(0x0000004cd3200000,0x0000004cd3300000)]
  0x0000021ef9a4a000 JavaThread "RMI TCP Connection(idle)" daemon [_thread_blocked, id=4224, stack(0x0000004cd3400000,0x0000004cd3500000)]
  0x0000021ef9a49000 JavaThread "WorkerExecutor Queue" [_thread_blocked, id=8268, stack(0x0000004cd1000000,0x0000004cd1100000)]
  0x0000021ef9a45000 JavaThread "RMI RenewClean-[127.0.0.1:17904,org.jetbrains.kotlin.daemon.common.LoopbackNetworkInterface$ClientLoopbackSocketFactory@4b7810a8]" daemon [_thread_blocked, id=6960, stack(0x0000004cd3700000,0x0000004cd3800000)]
  0x0000021ef9a48000 JavaThread "RMI TCP Connection(idle)" daemon [_thread_blocked, id=11520, stack(0x0000004cd3800000,0x0000004cd3900000)]
  0x0000021ef9a4a800 JavaThread "C2 CompilerThread1" daemon [_thread_in_native, id=260, stack(0x0000004cd3000000,0x0000004cd3100000)]

Other Threads:
  0x0000021ef79ad000 VMThread "VM Thread" [stack: 0x0000004cce800000,0x0000004cce900000] [id=11416]
  0x0000021ef8390000 WatcherThread [stack: 0x0000004ccf200000,0x0000004ccf300000] [id=7784]
  0x0000021edd535800 GCTaskThread "GC Thread#0" [stack: 0x0000004cce300000,0x0000004cce400000] [id=10900]
  0x0000021ef890a800 GCTaskThread "GC Thread#1" [stack: 0x0000004ccf500000,0x0000004ccf600000] [id=10048]
  0x0000021ef899c800 GCTaskThread "GC Thread#2" [stack: 0x0000004ccf600000,0x0000004ccf700000] [id=10840]
  0x0000021efb2d0800 GCTaskThread "GC Thread#3" [stack: 0x0000004cd0100000,0x0000004cd0200000] [id=3988]
  0x0000021efb2d1000 GCTaskThread "GC Thread#4" [stack: 0x0000004cd0200000,0x0000004cd0300000] [id=8680]
  0x0000021efb73c000 GCTaskThread "GC Thread#5" [stack: 0x0000004cd0300000,0x0000004cd0400000] [id=11644]
  0x0000021efb73c800 GCTaskThread "GC Thread#6" [stack: 0x0000004cd0400000,0x0000004cd0500000] [id=4464]
  0x0000021efaf28000 GCTaskThread "GC Thread#7" [stack: 0x0000004cd0500000,0x0000004cd0600000] [id=804]
  0x0000021edd574000 ConcurrentGCThread "G1 Main Marker" [stack: 0x0000004cce400000,0x0000004cce500000] [id=11064]
  0x0000021edd575000 ConcurrentGCThread "G1 Conc#0" [stack: 0x0000004cce500000,0x0000004cce600000] [id=6828]
  0x0000021ef9a50000 ConcurrentGCThread "G1 Conc#1" [stack: 0x0000004cd0700000,0x0000004cd0800000] [id=7184]
  0x0000021ef77fc800 ConcurrentGCThread "G1 Refine#0" [stack: 0x0000004cce600000,0x0000004cce700000] [id=5652]
  0x0000021ef77fd000 ConcurrentGCThread "G1 Young RemSet Sampling" [stack: 0x0000004cce700000,0x0000004cce800000] [id=4052]

Threads with active compile tasks:
C2 CompilerThread0  43540 15418       4       org.gradle.internal.logging.text.AbstractLineChoppingStyledTextOutput$1::execute (9 bytes)
C2 CompilerThread1  43540 15424 %     4       org.gradle.internal.logging.text.AbstractLineChoppingStyledTextOutput::doAppend @ 10 (43 bytes)

VM state:not at safepoint (normal execution)

VM Mutex/Monitor currently owned by a thread: None

Heap address: 0x0000000080000000, size: 2048 MB, Compressed Oops mode: 32-bit
Narrow klass base: 0x0000000000000000, Narrow klass shift: 3
Compressed class space size: 1073741824 Address: 0x0000000100000000

Heap:
 garbage-first heap   total 187392K, used 145322K [0x0000000080000000, 0x0000000100000000)
  region size 1024K, 16 young (16384K), 3 survivors (3072K)
 Metaspace       used 122166K, capacity 125490K, committed 125644K, reserved 1159168K
  class space    used 15529K, capacity 16757K, committed 16844K, reserved 1048576K
Heap Regions: E=young(eden), S=young(survivor), O=old, HS=humongous(starts), HC=humongous(continues), CS=collection set, F=free, A=archive, TAMS=top-at-mark-start (previous, next)
|   0|0x0000000080000000, 0x0000000080100000, 0x0000000080100000|100%| O|  |TAMS 0x0000000080100000, 0x0000000080000000| Untracked 
|   1|0x0000000080100000, 0x0000000080200000, 0x0000000080200000|100%| O|  |TAMS 0x0000000080200000, 0x0000000080100000| Untracked 
|   2|0x0000000080200000, 0x0000000080300000, 0x0000000080300000|100%| O|  |TAMS 0x0000000080300000, 0x0000000080200000| Untracked 
|   3|0x0000000080300000, 0x0000000080400000, 0x0000000080400000|100%|HS|  |TAMS 0x0000000080400000, 0x0000000080300000| Complete 
|   4|0x0000000080400000, 0x0000000080500000, 0x0000000080500000|100%|HC|  |TAMS 0x0000000080500000, 0x0000000080400000| Complete 
|   5|0x0000000080500000, 0x0000000080600000, 0x0000000080600000|100%|HC|  |TAMS 0x0000000080600000, 0x0000000080500000| Complete 
|   6|0x0000000080600000, 0x0000000080700000, 0x0000000080700000|100%| O|  |TAMS 0x0000000080700000, 0x0000000080600000| Untracked 
|   7|0x0000000080700000, 0x0000000080800000, 0x0000000080800000|100%| O|  |TAMS 0x0000000080800000, 0x0000000080700000| Untracked 
|   8|0x0000000080800000, 0x0000000080900000, 0x0000000080900000|100%| O|  |TAMS 0x0000000080900000, 0x0000000080800000| Untracked 
|   9|0x0000000080900000, 0x0000000080a00000, 0x0000000080a00000|100%| O|  |TAMS 0x0000000080a00000, 0x0000000080900000| Untracked 
|  10|0x0000000080a00000, 0x0000000080b00000, 0x0000000080b00000|100%| O|  |TAMS 0x0000000080b00000, 0x0000000080a00000| Untracked 
|  11|0x0000000080b00000, 0x0000000080c00000, 0x0000000080c00000|100%| O|  |TAMS 0x0000000080c00000, 0x0000000080b00000| Untracked 
|  12|0x0000000080c00000, 0x0000000080d00000, 0x0000000080d00000|100%| O|  |TAMS 0x0000000080d00000, 0x0000000080c00000| Untracked 
|  13|0x0000000080d00000, 0x0000000080e00000, 0x0000000080e00000|100%| O|  |TAMS 0x0000000080e00000, 0x0000000080d00000| Untracked 
|  14|0x0000000080e00000, 0x0000000080f00000, 0x0000000080f00000|100%| O|  |TAMS 0x0000000080f00000, 0x0000000080e00000| Untracked 
|  15|0x0000000080f00000, 0x0000000081000000, 0x0000000081000000|100%| O|  |TAMS 0x0000000081000000, 0x0000000080f00000| Untracked 
|  16|0x0000000081000000, 0x0000000081100000, 0x0000000081100000|100%|HS|  |TAMS 0x0000000081100000, 0x0000000081000000| Complete 
|  17|0x0000000081100000, 0x0000000081200000, 0x0000000081200000|100%| O|  |TAMS 0x0000000081200000, 0x0000000081100000| Untracked 
|  18|0x0000000081200000, 0x0000000081300000, 0x0000000081300000|100%| O|  |TAMS 0x0000000081300000, 0x0000000081200000| Untracked 
|  19|0x0000000081300000, 0x0000000081400000, 0x0000000081400000|100%| O|  |TAMS 0x0000000081400000, 0x0000000081300000| Untracked 
|  20|0x0000000081400000, 0x0000000081500000, 0x0000000081500000|100%| O|  |TAMS 0x0000000081500000, 0x0000000081400000| Untracked 
|  21|0x0000000081500000, 0x0000000081600000, 0x0000000081600000|100%| O|  |TAMS 0x0000000081600000, 0x0000000081500000| Untracked 
|  22|0x0000000081600000, 0x0000000081700000, 0x0000000081700000|100%| O|  |TAMS 0x0000000081700000, 0x0000000081600000| Untracked 
|  23|0x0000000081700000, 0x0000000081800000, 0x0000000081800000|100%|HS|  |TAMS 0x0000000081800000, 0x0000000081700000| Complete 
|  24|0x0000000081800000, 0x0000000081900000, 0x0000000081900000|100%|HS|  |TAMS 0x0000000081900000, 0x0000000081800000| Complete 
|  25|0x0000000081900000, 0x0000000081a00000, 0x0000000081a00000|100%|HS|  |TAMS 0x0000000081a00000, 0x0000000081900000| Complete 
|  26|0x0000000081a00000, 0x0000000081b00000, 0x0000000081b00000|100%|HC|  |TAMS 0x0000000081b00000, 0x0000000081a00000| Complete 
|  27|0x0000000081b00000, 0x0000000081c00000, 0x0000000081c00000|100%|HC|  |TAMS 0x0000000081c00000, 0x0000000081b00000| Complete 
|  28|0x0000000081c00000, 0x0000000081d00000, 0x0000000081d00000|100%|HS|  |TAMS 0x0000000081d00000, 0x0000000081c00000| Complete 
|  29|0x0000000081d00000, 0x0000000081e00000, 0x0000000081e00000|100%|HC|  |TAMS 0x0000000081e00000, 0x0000000081d00000| Complete 
|  30|0x0000000081e00000, 0x0000000081f00000, 0x0000000081f00000|100%| O|  |TAMS 0x0000000081f00000, 0x0000000081e00000| Untracked 
|  31|0x0000000081f00000, 0x0000000082000000, 0x0000000082000000|100%| O|  |TAMS 0x0000000082000000, 0x0000000081f00000| Untracked 
|  32|0x0000000082000000, 0x0000000082100000, 0x0000000082100000|100%| O|  |TAMS 0x0000000082100000, 0x0000000082000000| Untracked 
|  33|0x0000000082100000, 0x0000000082200000, 0x0000000082200000|100%| O|  |TAMS 0x0000000082200000, 0x0000000082100000| Untracked 
|  34|0x0000000082200000, 0x0000000082300000, 0x0000000082300000|100%| O|  |TAMS 0x0000000082300000, 0x0000000082200000| Untracked 
|  35|0x0000000082300000, 0x0000000082400000, 0x0000000082400000|100%|HS|  |TAMS 0x0000000082400000, 0x0000000082300000| Complete 
|  36|0x0000000082400000, 0x0000000082500000, 0x0000000082500000|100%| O|  |TAMS 0x0000000082500000, 0x0000000082400000| Untracked 
|  37|0x0000000082500000, 0x0000000082600000, 0x0000000082600000|100%| O|  |TAMS 0x0000000082600000, 0x0000000082500000| Untracked 
|  38|0x0000000082600000, 0x0000000082700000, 0x0000000082700000|100%| O|  |TAMS 0x0000000082700000, 0x0000000082600000| Untracked 
|  39|0x0000000082700000, 0x0000000082800000, 0x0000000082800000|100%| O|  |TAMS 0x0000000082800000, 0x0000000082700000| Untracked 
|  40|0x0000000082800000, 0x0000000082900000, 0x0000000082900000|100%| O|  |TAMS 0x0000000082900000, 0x0000000082800000| Untracked 
|  41|0x0000000082900000, 0x0000000082a00000, 0x0000000082a00000|100%| O|  |TAMS 0x0000000082a00000, 0x0000000082900000| Untracked 
|  42|0x0000000082a00000, 0x0000000082b00000, 0x0000000082b00000|100%| O|  |TAMS 0x0000000082b00000, 0x0000000082a00000| Untracked 
|  43|0x0000000082b00000, 0x0000000082c00000, 0x0000000082c00000|100%| O|  |TAMS 0x0000000082c00000, 0x0000000082b00000| Untracked 
|  44|0x0000000082c00000, 0x0000000082d00000, 0x0000000082d00000|100%| O|  |TAMS 0x0000000082d00000, 0x0000000082c00000| Untracked 
|  45|0x0000000082d00000, 0x0000000082e00000, 0x0000000082e00000|100%| O|  |TAMS 0x0000000082e00000, 0x0000000082d00000| Untracked 
|  46|0x0000000082e00000, 0x0000000082f00000, 0x0000000082f00000|100%| O|  |TAMS 0x0000000082f00000, 0x0000000082e00000| Untracked 
|  47|0x0000000082f00000, 0x0000000083000000, 0x0000000083000000|100%| O|  |TAMS 0x0000000083000000, 0x0000000082f00000| Untracked 
|  48|0x0000000083000000, 0x0000000083100000, 0x0000000083100000|100%| O|  |TAMS 0x0000000083100000, 0x0000000083000000| Untracked 
|  49|0x0000000083100000, 0x0000000083200000, 0x0000000083200000|100%| O|  |TAMS 0x0000000083200000, 0x0000000083100000| Untracked 
|  50|0x0000000083200000, 0x0000000083300000, 0x0000000083300000|100%| O|  |TAMS 0x0000000083300000, 0x0000000083200000| Untracked 
|  51|0x0000000083300000, 0x0000000083400000, 0x0000000083400000|100%| O|  |TAMS 0x0000000083400000, 0x0000000083300000| Untracked 
|  52|0x0000000083400000, 0x0000000083500000, 0x0000000083500000|100%| O|  |TAMS 0x0000000083500000, 0x0000000083400000| Untracked 
|  53|0x0000000083500000, 0x0000000083600000, 0x0000000083600000|100%| O|  |TAMS 0x0000000083600000, 0x0000000083500000| Untracked 
|  54|0x0000000083600000, 0x0000000083700000, 0x0000000083700000|100%| O|  |TAMS 0x0000000083700000, 0x0000000083600000| Untracked 
|  55|0x0000000083700000, 0x0000000083800000, 0x0000000083800000|100%| O|  |TAMS 0x0000000083800000, 0x0000000083700000| Untracked 
|  56|0x0000000083800000, 0x0000000083900000, 0x0000000083900000|100%| O|  |TAMS 0x0000000083900000, 0x0000000083800000| Untracked 
|  57|0x0000000083900000, 0x0000000083a00000, 0x0000000083a00000|100%| O|  |TAMS 0x0000000083a00000, 0x0000000083900000| Untracked 
|  58|0x0000000083a00000, 0x0000000083b00000, 0x0000000083b00000|100%| O|  |TAMS 0x0000000083b00000, 0x0000000083a00000| Untracked 
|  59|0x0000000083b00000, 0x0000000083c00000, 0x0000000083c00000|100%| O|  |TAMS 0x0000000083c00000, 0x0000000083b00000| Untracked 
|  60|0x0000000083c00000, 0x0000000083d00000, 0x0000000083d00000|100%| O|  |TAMS 0x0000000083d00000, 0x0000000083c00000| Untracked 
|  61|0x0000000083d00000, 0x0000000083e00000, 0x0000000083e00000|100%| O|  |TAMS 0x0000000083e00000, 0x0000000083d00000| Untracked 
|  62|0x0000000083e00000, 0x0000000083f00000, 0x0000000083f00000|100%| O|  |TAMS 0x0000000083f00000, 0x0000000083e00000| Untracked 
|  63|0x0000000083f00000, 0x0000000084000000, 0x0000000084000000|100%| O|  |TAMS 0x0000000084000000, 0x0000000083f00000| Untracked 
|  64|0x0000000084000000, 0x0000000084100000, 0x0000000084100000|100%| O|  |TAMS 0x0000000084100000, 0x0000000084000000| Untracked 
|  65|0x0000000084100000, 0x0000000084200000, 0x0000000084200000|100%| O|  |TAMS 0x0000000084200000, 0x0000000084100000| Untracked 
|  66|0x0000000084200000, 0x0000000084300000, 0x0000000084300000|100%| O|  |TAMS 0x0000000084300000, 0x0000000084200000| Untracked 
|  67|0x0000000084300000, 0x0000000084400000, 0x0000000084400000|100%| O|  |TAMS 0x0000000084400000, 0x0000000084300000| Untracked 
|  68|0x0000000084400000, 0x0000000084500000, 0x0000000084500000|100%| O|  |TAMS 0x0000000084500000, 0x0000000084400000| Untracked 
|  69|0x0000000084500000, 0x0000000084600000, 0x0000000084600000|100%| O|  |TAMS 0x0000000084600000, 0x0000000084500000| Untracked 
|  70|0x0000000084600000, 0x0000000084700000, 0x0000000084700000|100%| O|  |TAMS 0x0000000084700000, 0x0000000084600000| Untracked 
|  71|0x0000000084700000, 0x0000000084800000, 0x0000000084800000|100%| O|  |TAMS 0x0000000084800000, 0x0000000084700000| Untracked 
|  72|0x0000000084800000, 0x0000000084900000, 0x0000000084900000|100%| O|  |TAMS 0x0000000084900000, 0x0000000084800000| Untracked 
|  73|0x0000000084900000, 0x0000000084a00000, 0x0000000084a00000|100%| O|  |TAMS 0x0000000084a00000, 0x0000000084900000| Untracked 
|  74|0x0000000084a00000, 0x0000000084b00000, 0x0000000084b00000|100%| O|  |TAMS 0x0000000084b00000, 0x0000000084a00000| Untracked 
|  75|0x0000000084b00000, 0x0000000084c00000, 0x0000000084c00000|100%| O|  |TAMS 0x0000000084c00000, 0x0000000084b00000| Untracked 
|  76|0x0000000084c00000, 0x0000000084d00000, 0x0000000084d00000|100%| O|  |TAMS 0x0000000084d00000, 0x0000000084c00000| Untracked 
|  77|0x0000000084d00000, 0x0000000084e00000, 0x0000000084e00000|100%| O|  |TAMS 0x0000000084e00000, 0x0000000084d00000| Untracked 
|  78|0x0000000084e00000, 0x0000000084f00000, 0x0000000084f00000|100%| O|  |TAMS 0x0000000084f00000, 0x0000000084e00000| Untracked 
|  79|0x0000000084f00000, 0x0000000085000000, 0x0000000085000000|100%| O|  |TAMS 0x0000000085000000, 0x0000000084f00000| Untracked 
|  80|0x0000000085000000, 0x0000000085100000, 0x0000000085100000|100%| O|  |TAMS 0x0000000085100000, 0x0000000085000000| Untracked 
|  81|0x0000000085100000, 0x0000000085200000, 0x0000000085200000|100%| O|  |TAMS 0x0000000085200000, 0x0000000085100000| Untracked 
|  82|0x0000000085200000, 0x0000000085300000, 0x0000000085300000|100%| O|  |TAMS 0x0000000085300000, 0x0000000085200000| Untracked 
|  83|0x0000000085300000, 0x0000000085400000, 0x0000000085400000|100%| O|  |TAMS 0x0000000085400000, 0x0000000085300000| Untracked 
|  84|0x0000000085400000, 0x0000000085500000, 0x0000000085500000|100%| O|  |TAMS 0x0000000085500000, 0x0000000085400000| Untracked 
|  85|0x0000000085500000, 0x0000000085600000, 0x0000000085600000|100%| O|  |TAMS 0x0000000085500000, 0x0000000085500000| Untracked 
|  86|0x0000000085600000, 0x0000000085700000, 0x0000000085700000|100%| O|  |TAMS 0x0000000085700000, 0x0000000085600000| Untracked 
|  87|0x0000000085700000, 0x0000000085800000, 0x0000000085800000|100%| O|  |TAMS 0x0000000085800000, 0x0000000085700000| Untracked 
|  88|0x0000000085800000, 0x0000000085900000, 0x0000000085900000|100%| O|  |TAMS 0x0000000085900000, 0x0000000085800000| Untracked 
|  89|0x0000000085900000, 0x0000000085a00000, 0x0000000085a00000|100%| O|  |TAMS 0x0000000085a00000, 0x0000000085900000| Untracked 
|  90|0x0000000085a00000, 0x0000000085b00000, 0x0000000085b00000|100%| O|  |TAMS 0x0000000085b00000, 0x0000000085a00000| Untracked 
|  91|0x0000000085b00000, 0x0000000085c00000, 0x0000000085c00000|100%| O|  |TAMS 0x0000000085c00000, 0x0000000085b00000| Untracked 
|  92|0x0000000085c00000, 0x0000000085d00000, 0x0000000085d00000|100%| O|  |TAMS 0x0000000085d00000, 0x0000000085c00000| Untracked 
|  93|0x0000000085d00000, 0x0000000085e00000, 0x0000000085e00000|100%| O|  |TAMS 0x0000000085e00000, 0x0000000085d00000| Untracked 
|  94|0x0000000085e00000, 0x0000000085f00000, 0x0000000085f00000|100%|HS|  |TAMS 0x0000000085f00000, 0x0000000085e00000| Complete 
|  95|0x0000000085f00000, 0x0000000086000000, 0x0000000086000000|100%|HC|  |TAMS 0x0000000086000000, 0x0000000085f00000| Complete 
|  96|0x0000000086000000, 0x0000000086100000, 0x0000000086100000|100%|HC|  |TAMS 0x0000000086100000, 0x0000000086000000| Complete 
|  97|0x0000000086100000, 0x0000000086200000, 0x0000000086200000|100%| O|  |TAMS 0x0000000086200000, 0x0000000086100000| Untracked 
|  98|0x0000000086200000, 0x0000000086300000, 0x0000000086300000|100%| O|  |TAMS 0x0000000086300000, 0x0000000086200000| Untracked 
|  99|0x0000000086300000, 0x0000000086400000, 0x0000000086400000|100%| O|  |TAMS 0x0000000086400000, 0x0000000086300000| Untracked 
| 100|0x0000000086400000, 0x0000000086500000, 0x0000000086500000|100%| O|  |TAMS 0x0000000086500000, 0x0000000086400000| Untracked 
| 101|0x0000000086500000, 0x0000000086600000, 0x0000000086600000|100%| O|  |TAMS 0x0000000086600000, 0x0000000086500000| Untracked 
| 102|0x0000000086600000, 0x0000000086700000, 0x0000000086700000|100%| O|  |TAMS 0x0000000086700000, 0x0000000086600000| Untracked 
| 103|0x0000000086700000, 0x0000000086800000, 0x0000000086800000|100%| O|  |TAMS 0x0000000086800000, 0x0000000086700000| Untracked 
| 104|0x0000000086800000, 0x0000000086900000, 0x0000000086900000|100%| O|  |TAMS 0x0000000086900000, 0x0000000086800000| Untracked 
| 105|0x0000000086900000, 0x0000000086a00000, 0x0000000086a00000|100%| O|  |TAMS 0x0000000086a00000, 0x0000000086900000| Untracked 
| 106|0x0000000086a00000, 0x0000000086b00000, 0x0000000086b00000|100%| O|  |TAMS 0x0000000086b00000, 0x0000000086a00000| Untracked 
| 107|0x0000000086b00000, 0x0000000086c00000, 0x0000000086c00000|100%| O|  |TAMS 0x0000000086c00000, 0x0000000086b00000| Untracked 
| 108|0x0000000086c00000, 0x0000000086d00000, 0x0000000086d00000|100%| O|  |TAMS 0x0000000086d00000, 0x0000000086c00000| Untracked 
| 109|0x0000000086d00000, 0x0000000086e00000, 0x0000000086e00000|100%| O|  |TAMS 0x0000000086e00000, 0x0000000086d00000| Untracked 
| 110|0x0000000086e00000, 0x0000000086f00000, 0x0000000086f00000|100%| O|  |TAMS 0x0000000086f00000, 0x0000000086e00000| Untracked 
| 111|0x0000000086f00000, 0x0000000087000000, 0x0000000087000000|100%|HS|  |TAMS 0x0000000087000000, 0x0000000086f00000| Complete 
| 112|0x0000000087000000, 0x0000000087100000, 0x0000000087100000|100%|HC|  |TAMS 0x0000000087100000, 0x0000000087000000| Complete 
| 113|0x0000000087100000, 0x0000000087200000, 0x0000000087200000|100%| O|  |TAMS 0x0000000087200000, 0x0000000087100000| Untracked 
| 114|0x0000000087200000, 0x0000000087300000, 0x0000000087300000|100%| O|  |TAMS 0x0000000087300000, 0x0000000087200000| Untracked 
| 115|0x0000000087300000, 0x0000000087400000, 0x0000000087400000|100%| O|  |TAMS 0x0000000087400000, 0x0000000087300000| Untracked 
| 116|0x0000000087400000, 0x0000000087500000, 0x0000000087500000|100%| O|  |TAMS 0x0000000087500000, 0x0000000087400000| Untracked 
| 117|0x0000000087500000, 0x0000000087600000, 0x0000000087600000|100%| O|  |TAMS 0x0000000087600000, 0x0000000087500000| Untracked 
| 118|0x0000000087600000, 0x0000000087600000, 0x0000000087700000|  0%| F|  |TAMS 0x0000000087600000, 0x0000000087600000| Untracked 
| 119|0x0000000087700000, 0x0000000087700000, 0x0000000087800000|  0%| F|  |TAMS 0x0000000087700000, 0x0000000087700000| Untracked 
| 120|0x0000000087800000, 0x0000000087900000, 0x0000000087900000|100%| O|  |TAMS 0x0000000087800000, 0x0000000087800000| Untracked 
| 121|0x0000000087900000, 0x0000000087a00000, 0x0000000087a00000|100%| O|  |TAMS 0x000000008791c000, 0x0000000087900000| Untracked 
| 122|0x0000000087a00000, 0x0000000087b00000, 0x0000000087b00000|100%| O|  |TAMS 0x0000000087a00000, 0x0000000087a00000| Untracked 
| 123|0x0000000087b00000, 0x0000000087c00000, 0x0000000087c00000|100%| O|  |TAMS 0x0000000087b00000, 0x0000000087b00000| Untracked 
| 124|0x0000000087c00000, 0x0000000087d00000, 0x0000000087d00000|100%| O|  |TAMS 0x0000000087c00000, 0x0000000087c00000| Untracked 
| 125|0x0000000087d00000, 0x0000000087e00000, 0x0000000087e00000|100%| O|  |TAMS 0x0000000087d00000, 0x0000000087d00000| Untracked 
| 126|0x0000000087e00000, 0x0000000087f00000, 0x0000000087f00000|100%| O|  |TAMS 0x0000000087e00000, 0x0000000087e00000| Untracked 
| 127|0x0000000087f00000, 0x0000000088000000, 0x0000000088000000|100%| O|  |TAMS 0x0000000087f00000, 0x0000000087f00000| Untracked 
| 128|0x0000000088000000, 0x0000000088100000, 0x0000000088100000|100%| O|  |TAMS 0x0000000088000000, 0x0000000088000000| Untracked 
| 129|0x0000000088100000, 0x000000008810f800, 0x0000000088200000|  6%| O|  |TAMS 0x0000000088100000, 0x0000000088100000| Untracked 
| 130|0x0000000088200000, 0x0000000088200000, 0x0000000088300000|  0%| F|  |TAMS 0x0000000088200000, 0x0000000088200000| Untracked 
| 131|0x0000000088300000, 0x0000000088300000, 0x0000000088400000|  0%| F|  |TAMS 0x0000000088300000, 0x0000000088300000| Untracked 
| 132|0x0000000088400000, 0x0000000088400000, 0x0000000088500000|  0%| F|  |TAMS 0x0000000088400000, 0x0000000088400000| Untracked 
| 133|0x0000000088500000, 0x0000000088500000, 0x0000000088600000|  0%| F|  |TAMS 0x0000000088500000, 0x0000000088500000| Untracked 
| 134|0x0000000088600000, 0x0000000088600000, 0x0000000088700000|  0%| F|  |TAMS 0x0000000088600000, 0x0000000088600000| Untracked 
| 135|0x0000000088700000, 0x0000000088700000, 0x0000000088800000|  0%| F|  |TAMS 0x0000000088700000, 0x0000000088700000| Untracked 
| 136|0x0000000088800000, 0x0000000088800000, 0x0000000088900000|  0%| F|  |TAMS 0x0000000088800000, 0x0000000088800000| Untracked 
| 137|0x0000000088900000, 0x0000000088900000, 0x0000000088a00000|  0%| F|  |TAMS 0x0000000088900000, 0x0000000088900000| Untracked 
| 138|0x0000000088a00000, 0x0000000088a00000, 0x0000000088b00000|  0%| F|  |TAMS 0x0000000088a00000, 0x0000000088a00000| Untracked 
| 139|0x0000000088b00000, 0x0000000088b00000, 0x0000000088c00000|  0%| F|  |TAMS 0x0000000088b00000, 0x0000000088b00000| Untracked 
| 140|0x0000000088c00000, 0x0000000088c00000, 0x0000000088d00000|  0%| F|  |TAMS 0x0000000088c00000, 0x0000000088c00000| Untracked 
| 141|0x0000000088d00000, 0x0000000088d00000, 0x0000000088e00000|  0%| F|  |TAMS 0x0000000088d00000, 0x0000000088d00000| Untracked 
| 142|0x0000000088e00000, 0x0000000088e00000, 0x0000000088f00000|  0%| F|  |TAMS 0x0000000088e00000, 0x0000000088e00000| Untracked 
| 143|0x0000000088f00000, 0x0000000088f00000, 0x0000000089000000|  0%| F|  |TAMS 0x0000000088f00000, 0x0000000088f00000| Untracked 
| 144|0x0000000089000000, 0x0000000089000000, 0x0000000089100000|  0%| F|  |TAMS 0x0000000089000000, 0x0000000089000000| Untracked 
| 145|0x0000000089100000, 0x0000000089100000, 0x0000000089200000|  0%| F|  |TAMS 0x0000000089100000, 0x0000000089100000| Untracked 
| 146|0x0000000089200000, 0x0000000089200000, 0x0000000089300000|  0%| F|  |TAMS 0x0000000089200000, 0x0000000089200000| Untracked 
| 147|0x0000000089300000, 0x0000000089300000, 0x0000000089400000|  0%| F|  |TAMS 0x0000000089300000, 0x0000000089300000| Untracked 
| 148|0x0000000089400000, 0x0000000089400000, 0x0000000089500000|  0%| F|  |TAMS 0x0000000089400000, 0x0000000089400000| Untracked 
| 149|0x0000000089500000, 0x0000000089500000, 0x0000000089600000|  0%| F|  |TAMS 0x0000000089500000, 0x0000000089500000| Untracked 
| 150|0x0000000089600000, 0x0000000089600000, 0x0000000089700000|  0%| F|  |TAMS 0x0000000089600000, 0x0000000089600000| Untracked 
| 151|0x0000000089700000, 0x00000000897db3d8, 0x0000000089800000| 85%| S|CS|TAMS 0x0000000089700000, 0x0000000089700000| Complete 
| 152|0x0000000089800000, 0x0000000089900000, 0x0000000089900000|100%| S|CS|TAMS 0x0000000089800000, 0x0000000089800000| Complete 
| 153|0x0000000089900000, 0x0000000089a00000, 0x0000000089a00000|100%| S|CS|TAMS 0x0000000089900000, 0x0000000089900000| Complete 
| 154|0x0000000089a00000, 0x0000000089a00000, 0x0000000089b00000|  0%| F|  |TAMS 0x0000000089a00000, 0x0000000089a00000| Untracked 
| 155|0x0000000089b00000, 0x0000000089b00000, 0x0000000089c00000|  0%| F|  |TAMS 0x0000000089b00000, 0x0000000089b00000| Untracked 
| 156|0x0000000089c00000, 0x0000000089c00000, 0x0000000089d00000|  0%| F|  |TAMS 0x0000000089c00000, 0x0000000089c00000| Untracked 
| 157|0x0000000089d00000, 0x0000000089d00000, 0x0000000089e00000|  0%| F|  |TAMS 0x0000000089d00000, 0x0000000089d00000| Untracked 
| 158|0x0000000089e00000, 0x0000000089e00000, 0x0000000089f00000|  0%| F|  |TAMS 0x0000000089e00000, 0x0000000089e00000| Untracked 
| 159|0x0000000089f00000, 0x0000000089f00000, 0x000000008a000000|  0%| F|  |TAMS 0x0000000089f00000, 0x0000000089f00000| Untracked 
| 160|0x000000008a000000, 0x000000008a000000, 0x000000008a100000|  0%| F|  |TAMS 0x000000008a000000, 0x000000008a000000| Untracked 
| 161|0x000000008a100000, 0x000000008a100000, 0x000000008a200000|  0%| F|  |TAMS 0x000000008a100000, 0x000000008a100000| Untracked 
| 162|0x000000008a200000, 0x000000008a200000, 0x000000008a300000|  0%| F|  |TAMS 0x000000008a200000, 0x000000008a200000| Untracked 
| 163|0x000000008a300000, 0x000000008a300000, 0x000000008a400000|  0%| F|  |TAMS 0x000000008a300000, 0x000000008a300000| Untracked 
| 164|0x000000008a400000, 0x000000008a400000, 0x000000008a500000|  0%| F|  |TAMS 0x000000008a400000, 0x000000008a400000| Untracked 
| 165|0x000000008a500000, 0x000000008a500000, 0x000000008a600000|  0%| F|  |TAMS 0x000000008a500000, 0x000000008a500000| Untracked 
| 166|0x000000008a600000, 0x000000008a600000, 0x000000008a700000|  0%| F|  |TAMS 0x000000008a600000, 0x000000008a600000| Untracked 
| 167|0x000000008a700000, 0x000000008a700000, 0x000000008a800000|  0%| F|  |TAMS 0x000000008a700000, 0x000000008a700000| Untracked 
| 168|0x000000008a800000, 0x000000008a800000, 0x000000008a900000|  0%| F|  |TAMS 0x000000008a800000, 0x000000008a800000| Untracked 
| 169|0x000000008a900000, 0x000000008a900000, 0x000000008aa00000|  0%| F|  |TAMS 0x000000008a900000, 0x000000008a900000| Untracked 
| 170|0x000000008aa00000, 0x000000008aac5848, 0x000000008ab00000| 77%| E|  |TAMS 0x000000008aa00000, 0x000000008aa00000| Complete 
| 171|0x000000008ab00000, 0x000000008ac00000, 0x000000008ac00000|100%| E|CS|TAMS 0x000000008ab00000, 0x000000008ab00000| Complete 
| 172|0x000000008ac00000, 0x000000008ad00000, 0x000000008ad00000|100%| E|CS|TAMS 0x000000008ac00000, 0x000000008ac00000| Complete 
| 173|0x000000008ad00000, 0x000000008ae00000, 0x000000008ae00000|100%| E|CS|TAMS 0x000000008ad00000, 0x000000008ad00000| Complete 
| 174|0x000000008ae00000, 0x000000008af00000, 0x000000008af00000|100%| E|CS|TAMS 0x000000008ae00000, 0x000000008ae00000| Complete 
| 175|0x000000008af00000, 0x000000008b000000, 0x000000008b000000|100%| E|CS|TAMS 0x000000008af00000, 0x000000008af00000| Complete 
| 176|0x000000008b000000, 0x000000008b100000, 0x000000008b100000|100%| E|CS|TAMS 0x000000008b000000, 0x000000008b000000| Complete 
| 177|0x000000008b100000, 0x000000008b200000, 0x000000008b200000|100%| E|CS|TAMS 0x000000008b100000, 0x000000008b100000| Complete 
| 178|0x000000008b200000, 0x000000008b300000, 0x000000008b300000|100%| E|CS|TAMS 0x000000008b200000, 0x000000008b200000| Complete 
| 179|0x000000008b300000, 0x000000008b400000, 0x000000008b400000|100%| E|CS|TAMS 0x000000008b300000, 0x000000008b300000| Complete 
| 180|0x000000008b400000, 0x000000008b500000, 0x000000008b500000|100%| E|CS|TAMS 0x000000008b400000, 0x000000008b400000| Complete 
| 181|0x000000008b500000, 0x000000008b600000, 0x000000008b600000|100%| E|CS|TAMS 0x000000008b500000, 0x000000008b500000| Complete 
| 182|0x000000008b600000, 0x000000008b700000, 0x000000008b700000|100%| E|CS|TAMS 0x000000008b600000, 0x000000008b600000| Complete 

Card table byte_map: [0x0000021ef0730000,0x0000021ef0b30000] _byte_map_base: 0x0000021ef0330000

Marking Bits (Prev, Next): (CMBitMap*) 0x0000021edd56af50, (CMBitMap*) 0x0000021edd56af18
 Prev Bits: [0x0000021ef2f30000, 0x0000021ef4f30000)
 Next Bits: [0x0000021ef0f30000, 0x0000021ef2f30000)

Polling page: 0x0000021edb350000

Metaspace:

Usage:
  Non-class:    106.18 MB capacity,   104.14 MB ( 98%) used,     1.66 MB (  2%) free+waste,   394.56 KB ( <1%) overhead. 
      Class:     16.36 MB capacity,    15.17 MB ( 93%) used,     1.03 MB (  6%) free+waste,   177.13 KB (  1%) overhead. 
       Both:    122.55 MB capacity,   119.30 MB ( 97%) used,     2.69 MB (  2%) free+waste,   571.69 KB ( <1%) overhead. 

Virtual space:
  Non-class space:      108.00 MB reserved,     106.25 MB ( 98%) committed 
      Class space:        1.00 GB reserved,      16.45 MB (  2%) committed 
             Both:        1.11 GB reserved,     122.70 MB ( 11%) committed 

Chunk freelists:
   Non-Class:  3.00 KB
       Class:  0 bytes
        Both:  3.00 KB

MaxMetaspaceSize: 17179869184.00 GB
CompressedClassSpaceSize: 1.00 GB

CodeHeap 'non-profiled nmethods': size=120000Kb used=10460Kb max_used=10460Kb free=109539Kb
 bounds [0x0000021ee8ad0000, 0x0000021ee9510000, 0x0000021ef0000000]
CodeHeap 'profiled nmethods': size=120000Kb used=32880Kb max_used=32880Kb free=87119Kb
 bounds [0x0000021ee15a0000, 0x0000021ee35c0000, 0x0000021ee8ad0000]
CodeHeap 'non-nmethods': size=5760Kb used=2347Kb max_used=2403Kb free=3412Kb
 bounds [0x0000021ee1000000, 0x0000021ee1270000, 0x0000021ee15a0000]
 total_blobs=16187 nmethods=15227 adapters=871
 compilation: enabled
              stopped_count=0, restarted_count=0
 full_count=0

Compilation events (20 events):
Event: 43.513 Thread 0x0000021ef821f800 15415       3       java.io.PrintWriter::ensureOpen (18 bytes)
Event: 43.513 Thread 0x0000021ef821f800 nmethod 15415 0x0000021ee35b8490 code [0x0000021ee35b8660, 0x0000021ee35b8868]
Event: 43.513 Thread 0x0000021ef79c6000 15416       4       java.util.Objects::equals (23 bytes)
Event: 43.513 Thread 0x0000021ef821f800 15417       3       org.gradle.internal.operations.CurrentBuildOperationRef::instance (4 bytes)
Event: 43.514 Thread 0x0000021ef821f800 nmethod 15417 0x0000021ee35b8910 code [0x0000021ee35b8ac0, 0x0000021ee35b8bb8]
Event: 43.514 Thread 0x0000021ef821f800 15421       3       java.io.OutputStreamWriter::flushBuffer (8 bytes)
Event: 43.514 Thread 0x0000021ef821f800 nmethod 15421 0x0000021ee35b8c90 code [0x0000021ee35b8e40, 0x0000021ee35b8f68]
Event: 43.514 Thread 0x0000021ef821f800 15422   !   3       java.io.PrintStream::write (83 bytes)
Event: 43.514 Thread 0x0000021ef79c6000 nmethod 15416 0x0000021ee9506c10 code [0x0000021ee9506da0, 0x0000021ee9506e18]
Event: 43.514 Thread 0x0000021ef79c6000 15418       4       org.gradle.internal.logging.text.AbstractLineChoppingStyledTextOutput$1::execute (9 bytes)
Event: 43.515 Thread 0x0000021ef821f800 nmethod 15422 0x0000021ee35b9010 code [0x0000021ee35b92c0, 0x0000021ee35b9f78]
Event: 43.516 Thread 0x0000021ef821f800 15425       3       org.gradle.internal.logging.console.StyledTextOutputBackedRenderer$OutputEventTextOutputImpl::doEndLine (17 bytes)
Event: 43.517 Thread 0x0000021ef821f800 nmethod 15425 0x0000021ee35ba590 code [0x0000021ee35ba780, 0x0000021ee35bab78]
Event: 43.517 Thread 0x0000021ef821f800 15426       3       org.gradle.internal.logging.text.AbstractLineChoppingStyledTextOutput$3::execute (9 bytes)
Event: 43.517 Thread 0x0000021ef821f800 nmethod 15426 0x0000021ee35bad10 code [0x0000021ee35baee0, 0x0000021ee35bb108]
Event: 43.517 Thread 0x0000021ef821f800 15427       3       org.gradle.internal.logging.text.AbstractLineChoppingStyledTextOutput$3::execute (72 bytes)
Event: 43.517 Thread 0x0000021ef9a4a800 15424 %     4       org.gradle.internal.logging.text.AbstractLineChoppingStyledTextOutput::doAppend @ 10 (43 bytes)
Event: 43.518 Thread 0x0000021ef821f800 nmethod 15427 0x0000021ee35bb210 code [0x0000021ee35bb4a0, 0x0000021ee35bbe18]
Event: 43.518 Thread 0x0000021ef821f800 15428       1       java.net.InetAddress$InetAddressHolder::getAddress (5 bytes)
Event: 43.518 Thread 0x0000021ef821f800 nmethod 15428 0x0000021ee9506e90 code [0x0000021ee9507040, 0x0000021ee95070f8]

GC Heap History (20 events):
Event: 32.721 GC heap before
{Heap before GC invocations=35 (full 0):
 garbage-first heap   total 187392K, used 122272K [0x0000000080000000, 0x0000000100000000)
  region size 1024K, 9 young (9216K), 6 survivors (6144K)
 Metaspace       used 103406K, capacity 105982K, committed 106060K, reserved 1140736K
  class space    used 13168K, capacity 14128K, committed 14156K, reserved 1048576K
}
Event: 32.726 GC heap after
{Heap after GC invocations=36 (full 0):
 garbage-first heap   total 187392K, used 120776K [0x0000000080000000, 0x0000000100000000)
  region size 1024K, 1 young (1024K), 1 survivors (1024K)
 Metaspace       used 103406K, capacity 105982K, committed 106060K, reserved 1140736K
  class space    used 13168K, capacity 14128K, committed 14156K, reserved 1048576K
}
Event: 33.402 GC heap before
{Heap before GC invocations=36 (full 0):
 garbage-first heap   total 187392K, used 156616K [0x0000000080000000, 0x0000000100000000)
  region size 1024K, 33 young (33792K), 1 survivors (1024K)
 Metaspace       used 108433K, capacity 111008K, committed 111180K, reserved 1146880K
  class space    used 13654K, capacity 14648K, committed 14668K, reserved 1048576K
}
Event: 33.409 GC heap after
{Heap after GC invocations=37 (full 0):
 garbage-first heap   total 187392K, used 128112K [0x0000000080000000, 0x0000000100000000)
  region size 1024K, 5 young (5120K), 5 survivors (5120K)
 Metaspace       used 108433K, capacity 111008K, committed 111180K, reserved 1146880K
  class space    used 13654K, capacity 14648K, committed 14668K, reserved 1048576K
}
Event: 34.035 GC heap before
{Heap before GC invocations=38 (full 0):
 garbage-first heap   total 187392K, used 153712K [0x0000000080000000, 0x0000000100000000)
  region size 1024K, 31 young (31744K), 5 survivors (5120K)
 Metaspace       used 112914K, capacity 115534K, committed 115660K, reserved 1148928K
  class space    used 14232K, capacity 15196K, committed 15308K, reserved 1048576K
}
Event: 34.042 GC heap after
{Heap after GC invocations=39 (full 0):
 garbage-first heap   total 187392K, used 129964K [0x0000000080000000, 0x0000000100000000)
  region size 1024K, 2 young (2048K), 2 survivors (2048K)
 Metaspace       used 112914K, capacity 115534K, committed 115660K, reserved 1148928K
  class space    used 14232K, capacity 15196K, committed 15308K, reserved 1048576K
}
Event: 34.186 GC heap before
{Heap before GC invocations=39 (full 0):
 garbage-first heap   total 187392K, used 137132K [0x0000000080000000, 0x0000000100000000)
  region size 1024K, 9 young (9216K), 2 survivors (2048K)
 Metaspace       used 113860K, capacity 116517K, committed 116812K, reserved 1150976K
  class space    used 14347K, capacity 15334K, committed 15436K, reserved 1048576K
}
Event: 34.190 GC heap after
{Heap after GC invocations=40 (full 0):
 garbage-first heap   total 187392K, used 130000K [0x0000000080000000, 0x0000000100000000)
  region size 1024K, 1 young (1024K), 1 survivors (1024K)
 Metaspace       used 113860K, capacity 116517K, committed 116812K, reserved 1150976K
  class space    used 14347K, capacity 15334K, committed 15436K, reserved 1048576K
}
Event: 34.759 GC heap before
{Heap before GC invocations=40 (full 0):
 garbage-first heap   total 187392K, used 155600K [0x0000000080000000, 0x0000000100000000)
  region size 1024K, 26 young (26624K), 1 survivors (1024K)
 Metaspace       used 117503K, capacity 120453K, committed 120652K, reserved 1155072K
  class space    used 14881K, capacity 15946K, committed 15948K, reserved 1048576K
}
Event: 34.764 GC heap after
{Heap after GC invocations=41 (full 0):
 garbage-first heap   total 187392K, used 131126K [0x0000000080000000, 0x0000000100000000)
  region size 1024K, 2 young (2048K), 2 survivors (2048K)
 Metaspace       used 117503K, capacity 120453K, committed 120652K, reserved 1155072K
  class space    used 14881K, capacity 15946K, committed 15948K, reserved 1048576K
}
Event: 35.126 GC heap before
{Heap before GC invocations=41 (full 0):
 garbage-first heap   total 187392K, used 155702K [0x0000000080000000, 0x0000000100000000)
  region size 1024K, 27 young (27648K), 2 survivors (2048K)
 Metaspace       used 118189K, capacity 121199K, committed 121292K, reserved 1155072K
  class space    used 14936K, capacity 16017K, committed 16076K, reserved 1048576K
}
Event: 35.130 GC heap after
{Heap after GC invocations=42 (full 0):
 garbage-first heap   total 187392K, used 132462K [0x0000000080000000, 0x0000000100000000)
  region size 1024K, 4 young (4096K), 4 survivors (4096K)
 Metaspace       used 118189K, capacity 121199K, committed 121292K, reserved 1155072K
  class space    used 14936K, capacity 16017K, committed 16076K, reserved 1048576K
}
Event: 35.566 GC heap before
{Heap before GC invocations=42 (full 0):
 garbage-first heap   total 187392K, used 158062K [0x0000000080000000, 0x0000000100000000)
  region size 1024K, 29 young (29696K), 4 survivors (4096K)
 Metaspace       used 119692K, capacity 122904K, committed 123212K, reserved 1157120K
  class space    used 15176K, capacity 16350K, committed 16460K, reserved 1048576K
}
Event: 35.570 GC heap after
{Heap after GC invocations=43 (full 0):
 garbage-first heap   total 187392K, used 133551K [0x0000000080000000, 0x0000000100000000)
  region size 1024K, 3 young (3072K), 3 survivors (3072K)
 Metaspace       used 119692K, capacity 122904K, committed 123212K, reserved 1157120K
  class space    used 15176K, capacity 16350K, committed 16460K, reserved 1048576K
}
Event: 36.002 GC heap before
{Heap before GC invocations=43 (full 0):
 garbage-first heap   total 187392K, used 158127K [0x0000000080000000, 0x0000000100000000)
  region size 1024K, 28 young (28672K), 3 survivors (3072K)
 Metaspace       used 121875K, capacity 125257K, committed 125388K, reserved 1157120K
  class space    used 15519K, capacity 16750K, committed 16844K, reserved 1048576K
}
Event: 36.006 GC heap after
{Heap after GC invocations=44 (full 0):
 garbage-first heap   total 187392K, used 133868K [0x0000000080000000, 0x0000000100000000)
  region size 1024K, 2 young (2048K), 2 survivors (2048K)
 Metaspace       used 121875K, capacity 125257K, committed 125388K, reserved 1157120K
  class space    used 15519K, capacity 16750K, committed 16844K, reserved 1048576K
}
Event: 36.198 GC heap before
{Heap before GC invocations=44 (full 0):
 garbage-first heap   total 187392K, used 159468K [0x0000000080000000, 0x0000000100000000)
  region size 1024K, 27 young (27648K), 2 survivors (2048K)
 Metaspace       used 122069K, capacity 125470K, committed 125644K, reserved 1159168K
  class space    used 15523K, capacity 16753K, committed 16844K, reserved 1048576K
}
Event: 36.201 GC heap after
{Heap after GC invocations=45 (full 0):
 garbage-first heap   total 187392K, used 132044K [0x0000000080000000, 0x0000000100000000)
  region size 1024K, 2 young (2048K), 2 survivors (2048K)
 Metaspace       used 122069K, capacity 125470K, committed 125644K, reserved 1159168K
  class space    used 15523K, capacity 16753K, committed 16844K, reserved 1048576K
}
Event: 36.558 GC heap before
{Heap before GC invocations=45 (full 0):
 garbage-first heap   total 187392K, used 158668K [0x0000000080000000, 0x0000000100000000)
  region size 1024K, 29 young (29696K), 2 survivors (2048K)
 Metaspace       used 122104K, capacity 125474K, committed 125644K, reserved 1159168K
  class space    used 15524K, capacity 16754K, committed 16844K, reserved 1048576K
}
Event: 36.562 GC heap after
{Heap after GC invocations=46 (full 0):
 garbage-first heap   total 187392K, used 133034K [0x0000000080000000, 0x0000000100000000)
  region size 1024K, 3 young (3072K), 3 survivors (3072K)
 Metaspace       used 122104K, capacity 125474K, committed 125644K, reserved 1159168K
  class space    used 15524K, capacity 16754K, committed 16844K, reserved 1048576K
}

Deoptimization events (20 events):
Event: 36.661 Thread 0x0000021e80a68000 Uncommon trap: trap_request=0xffffffd6 fr.pc=0x0000021ee924a7a8 relative=0x00000000000007e8
Event: 36.661 Thread 0x0000021e80a68000 Uncommon trap: reason=array_check action=maybe_recompile pc=0x0000021ee924a7a8 method=java.util.ComparableTimSort.binarySort([Ljava/lang/Object;III)V @ 193 c2
Event: 36.661 Thread 0x0000021e80a68000 DEOPT PACKING pc=0x0000021ee924a7a8 sp=0x0000004cd27f98d0
Event: 36.662 Thread 0x0000021e80a68000 DEOPT UNPACKING pc=0x0000021ee10083af sp=0x0000004cd27f9870 mode 2
Event: 36.692 Thread 0x0000021ef93ef800 Uncommon trap: trap_request=0xffffffde fr.pc=0x0000021ee92ea5c4 relative=0x0000000000000184
Event: 36.692 Thread 0x0000021ef93ef800 Uncommon trap: reason=class_check action=maybe_recompile pc=0x0000021ee92ea5c4 method=java.util.concurrent.locks.ReentrantReadWriteLock$Sync.tryAcquireShared(I)I @ 33 c2
Event: 36.692 Thread 0x0000021ef93ef800 DEOPT PACKING pc=0x0000021ee92ea5c4 sp=0x0000004cd24fe950
Event: 36.692 Thread 0x0000021ef93ef800 DEOPT UNPACKING pc=0x0000021ee10083af sp=0x0000004cd24fe8f0 mode 2
Event: 36.693 Thread 0x0000021ef9a48000 Uncommon trap: trap_request=0xffffffde fr.pc=0x0000021ee8eb73fc relative=0x00000000000000bc
Event: 36.693 Thread 0x0000021ef9a48000 Uncommon trap: reason=class_check action=maybe_recompile pc=0x0000021ee8eb73fc method=java.lang.ThreadLocal.set(Ljava/lang/Object;)V @ 26 c2
Event: 36.693 Thread 0x0000021ef9a48000 DEOPT PACKING pc=0x0000021ee8eb73fc sp=0x0000004cd38fdb10
Event: 36.693 Thread 0x0000021ef9a48000 DEOPT UNPACKING pc=0x0000021ee10083af sp=0x0000004cd38fdaa0 mode 2
Event: 41.691 Thread 0x0000021ef93ef800 Uncommon trap: trap_request=0xffffffde fr.pc=0x0000021ee92ea5c4 relative=0x0000000000000184
Event: 41.691 Thread 0x0000021ef93ef800 Uncommon trap: reason=class_check action=maybe_recompile pc=0x0000021ee92ea5c4 method=java.util.concurrent.locks.ReentrantReadWriteLock$Sync.tryAcquireShared(I)I @ 33 c2
Event: 41.691 Thread 0x0000021ef93ef800 DEOPT PACKING pc=0x0000021ee92ea5c4 sp=0x0000004cd24fe950
Event: 41.691 Thread 0x0000021ef93ef800 DEOPT UNPACKING pc=0x0000021ee10083af sp=0x0000004cd24fe8f0 mode 2
Event: 41.691 Thread 0x0000021ef93ef800 Uncommon trap: trap_request=0xffffffde fr.pc=0x0000021ee92ea5c4 relative=0x0000000000000184
Event: 41.691 Thread 0x0000021ef93ef800 Uncommon trap: reason=class_check action=maybe_recompile pc=0x0000021ee92ea5c4 method=java.util.concurrent.locks.ReentrantReadWriteLock$Sync.tryAcquireShared(I)I @ 33 c2
Event: 41.691 Thread 0x0000021ef93ef800 DEOPT PACKING pc=0x0000021ee92ea5c4 sp=0x0000004cd24fe950
Event: 41.691 Thread 0x0000021ef93ef800 DEOPT UNPACKING pc=0x0000021ee10083af sp=0x0000004cd24fe8f0 mode 2

Classes redefined (0 events):
No events

Internal exceptions (20 events):
Event: 35.868 Thread 0x0000021ef9a49000 Exception <a 'sun/nio/fs/WindowsException'{0x000000008a9b1b18}> (0x000000008a9b1b18) thrown at [./src/hotspot/share/prims/jni.cpp, line 615]
Event: 35.868 Thread 0x0000021ef9a49000 Exception <a 'sun/nio/fs/WindowsException'{0x000000008a9b1b98}> (0x000000008a9b1b98) thrown at [./src/hotspot/share/prims/jni.cpp, line 615]
Event: 35.869 Thread 0x0000021ef9a49000 Exception <a 'sun/nio/fs/WindowsException'{0x000000008a9b6aa0}> (0x000000008a9b6aa0) thrown at [./src/hotspot/share/prims/jni.cpp, line 615]
Event: 35.869 Thread 0x0000021ef9a49000 Exception <a 'sun/nio/fs/WindowsException'{0x000000008a9b6b20}> (0x000000008a9b6b20) thrown at [./src/hotspot/share/prims/jni.cpp, line 615]
Event: 35.869 Thread 0x0000021ef9a49000 Exception <a 'sun/nio/fs/WindowsException'{0x000000008a9b84d8}> (0x000000008a9b84d8) thrown at [./src/hotspot/share/prims/jni.cpp, line 615]
Event: 35.869 Thread 0x0000021ef9a49000 Exception <a 'sun/nio/fs/WindowsException'{0x000000008a9b8558}> (0x000000008a9b8558) thrown at [./src/hotspot/share/prims/jni.cpp, line 615]
Event: 35.869 Thread 0x0000021ef9a49000 Exception <a 'sun/nio/fs/WindowsException'{0x000000008a9b9ed8}> (0x000000008a9b9ed8) thrown at [./src/hotspot/share/prims/jni.cpp, line 615]
Event: 35.869 Thread 0x0000021ef9a49000 Exception <a 'sun/nio/fs/WindowsException'{0x000000008a9b9f58}> (0x000000008a9b9f58) thrown at [./src/hotspot/share/prims/jni.cpp, line 615]
Event: 35.869 Thread 0x0000021ef9a49000 Exception <a 'sun/nio/fs/WindowsException'{0x000000008a9be9f0}> (0x000000008a9be9f0) thrown at [./src/hotspot/share/prims/jni.cpp, line 615]
Event: 35.869 Thread 0x0000021ef9a49000 Exception <a 'sun/nio/fs/WindowsException'{0x000000008a9bea70}> (0x000000008a9bea70) thrown at [./src/hotspot/share/prims/jni.cpp, line 615]
Event: 35.869 Thread 0x0000021ef9a49000 Exception <a 'sun/nio/fs/WindowsException'{0x000000008a9c0460}> (0x000000008a9c0460) thrown at [./src/hotspot/share/prims/jni.cpp, line 615]
Event: 35.869 Thread 0x0000021ef9a49000 Exception <a 'sun/nio/fs/WindowsException'{0x000000008a9c04e0}> (0x000000008a9c04e0) thrown at [./src/hotspot/share/prims/jni.cpp, line 615]
Event: 35.870 Thread 0x0000021ef9a49000 Exception <a 'sun/nio/fs/WindowsException'{0x000000008a9c1e98}> (0x000000008a9c1e98) thrown at [./src/hotspot/share/prims/jni.cpp, line 615]
Event: 35.870 Thread 0x0000021ef9a49000 Exception <a 'sun/nio/fs/WindowsException'{0x000000008a9c1f18}> (0x000000008a9c1f18) thrown at [./src/hotspot/share/prims/jni.cpp, line 615]
Event: 35.923 Thread 0x0000021ef9a49000 Exception <a 'sun/nio/fs/WindowsException'{0x000000008a772e40}> (0x000000008a772e40) thrown at [./src/hotspot/share/prims/jni.cpp, line 615]
Event: 35.923 Thread 0x0000021ef9a49000 Exception <a 'sun/nio/fs/WindowsException'{0x000000008a773ac8}> (0x000000008a773ac8) thrown at [./src/hotspot/share/prims/jni.cpp, line 615]
Event: 36.674 Thread 0x0000021ef9a45000 Exception <a 'java/lang/InterruptedException'{0x000000008ac4bdd8}> (0x000000008ac4bdd8) thrown at [./src/hotspot/share/runtime/objectMonitor.cpp, line 1635]
Event: 43.509 Thread 0x0000021ef9a4a000 Exception <a 'sun/net/ConnectionResetException'{0x000000008aa6d260}: > (0x000000008aa6d260) thrown at [./src/hotspot/share/prims/jni.cpp, line 636]
Event: 43.509 Thread 0x0000021ef9a48000 Exception <a 'sun/net/ConnectionResetException'{0x000000008abf41c8}: > (0x000000008abf41c8) thrown at [./src/hotspot/share/prims/jni.cpp, line 636]
Event: 43.509 Thread 0x0000021e80a68000 Exception <a 'sun/net/ConnectionResetException'{0x000000008abc7b90}: > (0x000000008abc7b90) thrown at [./src/hotspot/share/prims/jni.cpp, line 636]

Events (20 events):
Event: 36.693 Executing VM operation: RevokeBias done
Event: 36.693 Executing VM operation: RevokeBias
Event: 36.693 Executing VM operation: RevokeBias done
Event: 36.695 Executing VM operation: RevokeBias
Event: 36.695 Executing VM operation: RevokeBias done
Event: 41.525 Thread 0x0000021ef9a47800 Thread exited: 0x0000021ef9a47800
Event: 41.525 Thread 0x0000021ef9a4a800 Thread exited: 0x0000021ef9a4a800
Event: 42.399 Executing VM operation: RevokeBias
Event: 42.399 Executing VM operation: RevokeBias done
Event: 42.401 loading class java/rmi/server/Unreferenced
Event: 42.401 loading class java/rmi/server/Unreferenced done
Event: 43.508 loading class sun/net/ConnectionResetException
Event: 43.508 loading class sun/net/ConnectionResetException done
Event: 43.510 loading class org/jetbrains/kotlin/gradle/utils/ErrorUtilsKt
Event: 43.510 loading class org/jetbrains/kotlin/gradle/utils/ErrorUtilsKt done
Event: 43.510 loading class java/lang/Throwable$WrappedPrintWriter
Event: 43.511 loading class java/lang/Throwable$PrintStreamOrWriter
Event: 43.511 loading class java/lang/Throwable$PrintStreamOrWriter done
Event: 43.511 loading class java/lang/Throwable$WrappedPrintWriter done
Event: 43.517 Thread 0x0000021ef9a4a800 Thread added: 0x0000021ef9a4a800


Dynamic libraries:
0x00007ff6bfce0000 - 0x00007ff6bfcea000 	D:\Program Files\Android\jre\bin\java.exe
0x00007ff978580000 - 0x00007ff978770000 	C:\Windows\SYSTEM32\ntdll.dll
0x00007ff978200000 - 0x00007ff9782b2000 	C:\Windows\System32\KERNEL32.DLL
0x00007ff975880000 - 0x00007ff975b23000 	C:\Windows\System32\KERNELBASE.dll
0x00007ff9755e0000 - 0x00007ff9756da000 	C:\Windows\System32\ucrtbase.dll
0x00007ff971930000 - 0x00007ff971949000 	D:\Program Files\Android\jre\bin\jli.dll
0x00007ff9700f0000 - 0x00007ff970107000 	D:\Program Files\Android\jre\bin\VCRUNTIME140.dll
0x00007ff9772a0000 - 0x00007ff977434000 	C:\Windows\System32\USER32.dll
0x00007ff976640000 - 0x00007ff976661000 	C:\Windows\System32\win32u.dll
0x00007ff9769d0000 - 0x00007ff9769f6000 	C:\Windows\System32\GDI32.dll
0x00007ff9630c0000 - 0x00007ff963345000 	C:\Windows\WinSxS\amd64_microsoft.windows.common-controls_6595b64144ccf1df_6.0.18362.535_none_e6c3b34713100821\COMCTL32.dll
0x00007ff975b30000 - 0x00007ff975cc4000 	C:\Windows\System32\gdi32full.dll
0x00007ff978330000 - 0x00007ff9783ce000 	C:\Windows\System32\msvcrt.dll
0x00007ff9765a0000 - 0x00007ff97663e000 	C:\Windows\System32\msvcp_win.dll
0x00007ff9774c0000 - 0x00007ff9777f6000 	C:\Windows\System32\combase.dll
0x00007ff976720000 - 0x00007ff976840000 	C:\Windows\System32\RPCRT4.dll
0x00007ff976500000 - 0x00007ff976580000 	C:\Windows\System32\bcryptPrimitives.dll
0x00007ff978170000 - 0x00007ff97819e000 	C:\Windows\System32\IMM32.DLL
0x00007ff96e010000 - 0x00007ff96e0ad000 	D:\Program Files\Android\jre\bin\msvcp140.dll
0x00007ff946420000 - 0x00007ff946eef000 	D:\Program Files\Android\jre\bin\server\jvm.dll
0x00007ff9780c0000 - 0x00007ff978163000 	C:\Windows\System32\ADVAPI32.dll
0x00007ff976860000 - 0x00007ff9768f7000 	C:\Windows\System32\sechost.dll
0x00007ff9774b0000 - 0x00007ff9774b8000 	C:\Windows\System32\PSAPI.DLL
0x00007ff971970000 - 0x00007ff971979000 	C:\Windows\SYSTEM32\WSOCK32.dll
0x00007ff977440000 - 0x00007ff9774af000 	C:\Windows\System32\WS2_32.dll
0x00007ff972c30000 - 0x00007ff972c54000 	C:\Windows\SYSTEM32\WINMM.dll
0x00007ff96e380000 - 0x00007ff96e38a000 	C:\Windows\SYSTEM32\VERSION.dll
0x00007ff972c00000 - 0x00007ff972c2d000 	C:\Windows\SYSTEM32\winmmbase.dll
0x00007ff975830000 - 0x00007ff97587a000 	C:\Windows\System32\cfgmgr32.dll
0x00007ff975530000 - 0x00007ff975541000 	C:\Windows\System32\kernel.appcore.dll
0x00007ff971850000 - 0x00007ff971861000 	D:\Program Files\Android\jre\bin\verify.dll
0x00007ff973db0000 - 0x00007ff973fa4000 	C:\Windows\SYSTEM32\DBGHELP.DLL
0x00007ff95f230000 - 0x00007ff95f25a000 	C:\Windows\SYSTEM32\dbgcore.DLL
0x00007ff96fe40000 - 0x00007ff96fe69000 	D:\Program Files\Android\jre\bin\java.dll
0x00007ff9718e0000 - 0x00007ff9718eb000 	D:\Program Files\Android\jre\bin\jimage.dll
0x00007ff96fa10000 - 0x00007ff96fa28000 	D:\Program Files\Android\jre\bin\zip.dll
0x00007ff977800000 - 0x00007ff977ee5000 	C:\Windows\System32\SHELL32.dll
0x00007ff976670000 - 0x00007ff976719000 	C:\Windows\System32\shcore.dll
0x00007ff975cd0000 - 0x00007ff97644f000 	C:\Windows\System32\windows.storage.dll
0x00007ff975510000 - 0x00007ff97552f000 	C:\Windows\System32\profapi.dll
0x00007ff9754c0000 - 0x00007ff97550a000 	C:\Windows\System32\powrprof.dll
0x00007ff975490000 - 0x00007ff9754a0000 	C:\Windows\System32\UMPDC.dll
0x00007ff9770e0000 - 0x00007ff977132000 	C:\Windows\System32\shlwapi.dll
0x00007ff976580000 - 0x00007ff976597000 	C:\Windows\System32\cryptsp.dll
0x00007ff96f9f0000 - 0x00007ff96fa0a000 	D:\Program Files\Android\jre\bin\net.dll
0x00007ff965690000 - 0x00007ff965780000 	C:\Windows\SYSTEM32\WINHTTP.dll
0x00007ff974d00000 - 0x00007ff974d67000 	C:\Windows\system32\mswsock.dll
0x00007ff96f9d0000 - 0x00007ff96f9e4000 	D:\Program Files\Android\jre\bin\nio.dll
0x00007ff96f710000 - 0x00007ff96f737000 	D:\ProgramsfilesD\Android\Sdk\native\8bec1ad78214c89d9ad589b4d07fe93259594b29d510b10fafb7a158f7737e5d\windows-amd64\native-platform.dll
0x00007ff9645f0000 - 0x00007ff96472d000 	D:\ProgramsfilesD\Android\Sdk\native\53dbd7edfb1c66fb8903c78663c9afc45aea4f116125fa6feffd364cf09443e8\windows-amd64\native-platform-file-events.dll
0x00007ff96f9c0000 - 0x00007ff96f9ca000 	D:\Program Files\Android\jre\bin\management.dll
0x00007ff96f9b0000 - 0x00007ff96f9bc000 	D:\Program Files\Android\jre\bin\management_ext.dll
0x00007ff974870000 - 0x00007ff9748a3000 	C:\Windows\system32\rsaenh.dll
0x00007ff9755b0000 - 0x00007ff9755d6000 	C:\Windows\System32\bcrypt.dll
0x00007ff975380000 - 0x00007ff9753a5000 	C:\Windows\SYSTEM32\USERENV.dll
0x00007ff974ed0000 - 0x00007ff974edc000 	C:\Windows\SYSTEM32\CRYPTBASE.dll
0x00007ff974a10000 - 0x00007ff974a4a000 	C:\Windows\SYSTEM32\IPHLPAPI.DLL
0x00007ff978320000 - 0x00007ff978328000 	C:\Windows\System32\NSI.dll
0x00007ff96ac70000 - 0x00007ff96ac86000 	C:\Windows\SYSTEM32\dhcpcsvc6.DLL
0x00007ff96b830000 - 0x00007ff96b84c000 	C:\Windows\SYSTEM32\dhcpcsvc.DLL
0x00007ff974a50000 - 0x00007ff974b1a000 	C:\Windows\SYSTEM32\DNSAPI.dll
0x00007ff9700d0000 - 0x00007ff9700ee000 	C:\Temp\native-platform13632413673124052545dir\native-platform.dll
0x00007ff9700c0000 - 0x00007ff9700c8000 	D:\Program Files\Android\jre\bin\rmi.dll
0x00007ff952fa0000 - 0x00007ff952fb6000 	C:\Windows\system32\napinsp.dll
0x00007ff952f80000 - 0x00007ff952f9a000 	C:\Windows\system32\pnrpnsp.dll
0x00007ff952f70000 - 0x00007ff952f7e000 	C:\Windows\System32\winrnr.dll
0x00007ff971780000 - 0x00007ff97179c000 	C:\Windows\system32\NLAapi.dll
0x00007ff970dd0000 - 0x00007ff970de5000 	C:\Windows\system32\wshbth.dll
0x0000000063560000 - 0x0000000063569000 	C:\Program Files\National Instruments\Shared\mDNS Responder\nimdnsNSP.dll
0x0000000063550000 - 0x000000006355e000 	C:\Windows\SYSTEM32\nimdnsResponder.dll
0x0000000053ec0000 - 0x0000000053f63000 	C:\Windows\WinSxS\amd64_microsoft.vc90.crt_1fc8b3b9a1e18e3b_9.0.30729.9619_none_08e065a3a84109b0\MSVCR90.dll
0x00007ff96e340000 - 0x00007ff96e34a000 	C:\Windows\System32\rasadhlp.dll
0x00007ff968240000 - 0x00007ff9682b7000 	C:\Windows\System32\fwpuclnt.dll
0x0000000066e00000 - 0x0000000066f03000 	C:\Temp\sqlite-3.25.2-b91b220a-c4e8-430b-90f1-ac6209807191-sqlitejdbc.dll

dbghelp: loaded successfully - version: 4.0.5 - missing functions: none
symbol engine: initialized successfully - sym options: 0x614 - pdb path: .;D:\Program Files\Android\jre\bin;C:\Windows\SYSTEM32;C:\Windows\WinSxS\amd64_microsoft.windows.common-controls_6595b64144ccf1df_6.0.18362.535_none_e6c3b34713100821;D:\Program Files\Android\jre\bin\server;D:\ProgramsfilesD\Android\Sdk\native\8bec1ad78214c89d9ad589b4d07fe93259594b29d510b10fafb7a158f7737e5d\windows-amd64;D:\ProgramsfilesD\Android\Sdk\native\53dbd7edfb1c66fb8903c78663c9afc45aea4f116125fa6feffd364cf09443e8\windows-amd64;C:\Temp\native-platform13632413673124052545dir;C:\Program Files\National Instruments\Shared\mDNS Responder;C:\Windows\WinSxS\amd64_microsoft.vc90.crt_1fc8b3b9a1e18e3b_9.0.30729.9619_none_08e065a3a84109b0;C:\Temp

VM Arguments:
jvm_args: --add-opens=java.base/java.util=ALL-UNNAMED --add-opens=java.base/java.lang=ALL-UNNAMED --add-opens=java.base/java.lang.invoke=ALL-UNNAMED --add-opens=java.base/java.util=ALL-UNNAMED --add-opens=java.prefs/java.util.prefs=ALL-UNNAMED --add-opens=java.prefs/java.util.prefs=ALL-UNNAMED --add-opens=java.base/java.nio.charset=ALL-UNNAMED --add-opens=java.base/java.net=ALL-UNNAMED --add-opens=java.base/java.util.concurrent.atomic=ALL-UNNAMED -Xmx2048m -Dfile.encoding=UTF-8 -Duser.country=RU -Duser.language=ru -Duser.variant 
java_command: org.gradle.launcher.daemon.bootstrap.GradleDaemon 7.0.2
java_class_path (initial): D:\ProgramsfilesD\Android\Sdk\wrapper\dists\gradle-7.0.2-bin\857tjihv64xamwrf0h14cai3r\gradle-7.0.2\lib\gradle-launcher-7.0.2.jar
Launcher Type: SUN_STANDARD

[Global flags]
     intx CICompilerCount                          = 4                                         {product} {ergonomic}
     uint ConcGCThreads                            = 2                                         {product} {ergonomic}
     uint G1ConcRefinementThreads                  = 8                                         {product} {ergonomic}
   size_t G1HeapRegionSize                         = 1048576                                   {product} {ergonomic}
    uintx GCDrainStackTargetSize                   = 64                                        {product} {ergonomic}
   size_t InitialHeapSize                          = 132120576                                 {product} {ergonomic}
   size_t MarkStackSize                            = 4194304                                   {product} {ergonomic}
   size_t MaxHeapSize                              = 2147483648                                {product} {command line}
   size_t MaxNewSize                               = 1287651328                                {product} {ergonomic}
   size_t MinHeapDeltaBytes                        = 1048576                                   {product} {ergonomic}
    uintx NonNMethodCodeHeapSize                   = 5836300                                {pd product} {ergonomic}
    uintx NonProfiledCodeHeapSize                  = 122910970                              {pd product} {ergonomic}
    uintx ProfiledCodeHeapSize                     = 122910970                              {pd product} {ergonomic}
    uintx ReservedCodeCacheSize                    = 251658240                              {pd product} {ergonomic}
     bool SegmentedCodeCache                       = true                                      {product} {ergonomic}
     bool UseCompressedClassPointers               = true                                 {lp64_product} {ergonomic}
     bool UseCompressedOops                        = true                                 {lp64_product} {ergonomic}
     bool UseG1GC                                  = true                                      {product} {ergonomic}
     bool UseLargePagesIndividualAllocation        = false                                  {pd product} {ergonomic}

Logging:
Log output configuration:
 #0: stdout all=warning uptime,level,tags
 #1: stderr all=off uptime,level,tags

Environment Variables:
JAVA_HOME=D:\Program Files\Java
PATH=C:\PROGRA~2\Borland\CBUILD~1\Bin;C:\PROGRA~2\Borland\CBUILD~1\Projects\Bpl;C:\Program Files\Common Files\Oracle\Java\javapath;C:\Windows\system32;C:\Windows;C:\Windows\System32\Wbem;C:\Windows\System32\WindowsPowerShell\v1.0\;C:\Program Files (x86)\NVIDIA Corporation\PhysX\Common;C:\Program Files\NVIDIA Corporation\NVIDIA NvDLISR;C:\Program Files\Microsoft\Web Platform Installer\;C:\Program Files (x86)\Microsoft ASP.NET\ASP.NET Web Pages\v1.0\;C:\Program Files\Microsoft SQL Server\110\Tools\Binn\;C:\Program Files (x86)\IncrediBuild;C:\Program Files\Git\cmd;C:\Users\asus\AppData\Local\Microsoft\WindowsApps;;D:\Program Files\JetBrains\IntelliJ IDEA Community Edition 2020.3\bin;
USERNAME=asus
OS=Windows_NT
PROCESSOR_IDENTIFIER=Intel64 Family 6 Model 126 Stepping 5, GenuineIntel



---------------  S Y S T E M  ---------------

OS: Windows 10 , 64 bit Build 18362 (10.0.18362.329)
OS uptime: 0 days 2:16 hours

CPU:total 8 (initial active 8) (4 cores per cpu, 2 threads per core) family 6 model 126 stepping 5 microcode 0x96, cmov, cx8, fxsr, mmx, sse, sse2, sse3, ssse3, sse4.1, sse4.2, popcnt, avx, avx2, aes, clmul, erms, 3dnowpref, lzcnt, ht, tsc, tscinvbit, bmi1, bmi2, adx, evex, sha, fma

Memory: 4k page, system-wide physical 7997M (1047M free)
TotalPageFile size 7997M (AvailPageFile size 205M)
current process WorkingSet (physical memory assigned to process): 473M, peak: 540M
current process commit charge ("private bytes"): 512M, peak: 574M

vm_info: OpenJDK 64-Bit Server VM (11.0.10+0-b96-7249189) for windows-amd64 JRE (11.0.10+0-b96-7249189), built on Mar 31 2021 21:44:00 by "builder" with MS VC++ 14.0 (VS2015)

END.
